<?xml version="1.0" encoding="UTF-8"?>
<testsuite xmlns:xsi="http://www.w3.org/2001/XMLSchema-instance" xsi:noNamespaceSchemaLocation="https://maven.apache.org/surefire/maven-failsafe-plugin/xsd/failsafe-test-report-3.0.xsd" version="3.0" name="starter.CucumberTestSuite" time="37.325" tests="10" errors="0" skipped="0" failures="0">
  <properties>
[...]
</properties>
  <testcase name="GET ALL data user" classname="User Data" time="13.345">
    <system-out><![CDATA[00:39:30.441 [main] DEBUG net.thucydides.core.guice.Injectors -- Created injector for module net.thucydides.core.guice.ThucydidesModule
00:39:31.017 [main] DEBUG io.cucumber.core.plugin.SerenityReporter -- Running feature from file:///D:/Intelij/REST%20API/JSON%20Assured/src/test/resources/features/User.feature
00:39:31.262 [main] DEBUG net.thucydides.core.guice.Injectors -- Created injector for module net.thucydides.core.guice.webdriver.WebDriverModule
00:39:31.285 [main] INFO  -- 

-------------------------------------------------------------------------------------
     _______. _______ .______       _______ .__   __.  __  .___________.____    ____ 
    /       ||   ____||   _  \     |   ____||  \ |  | |  | |           |\   \  /   / 
   |   (----`|  |__   |  |_)  |    |  |__   |   \|  | |  | `---|  |----` \   \/   /  
    \   \    |   __|  |      /     |   __|  |  . `  | |  |     |  |       \_    _/   
.----)   |   |  |____ |  |\  \----.|  |____ |  |\   | |  |     |  |         |  |     
|_______/    |_______|| _| `._____||_______||__| \__| |__|     |__|         |__|    
                                                                                     
 News and tutorials at http://www.serenity-bdd.info                                  
 Documentation at https://wakaleo.gitbooks.io/the-serenity-book/content/             
 Join the Serenity Community on Gitter: https://gitter.im/serenity-bdd/serenity-core 
 Serenity BDD Support and Training at http://serenity-bdd.info/#/trainingandsupport  
-------------------------------------------------------------------------------------

00:39:31.289 [main] DEBUG net.thucydides.core.steps.StepEventBus -- Test suite started for story net.thucydides.core.model.Story@65689107
00:39:31.291 [main] INFO  -- Test Suite Started: User Data
00:39:31.335 [main] DEBUG io.cucumber.core.plugin.SerenityReporter -- Running feature from file:///D:/Intelij/REST%20API/JSON%20Assured/src/test/resources/features/User.feature
00:39:31.342 [main] DEBUG net.thucydides.core.steps.StepEventBus -- Test suite started for story net.thucydides.core.model.Story@65689107
00:39:31.343 [main] INFO  -- Test Suite Started: User Data

Scenario: GET ALL data user                     &amp#27;[90m# src/test/resources/features/User.feature:6&amp#27;[0m
00:39:31.522 [main] DEBUG io.cucumber.core.plugin.SerenityReporter -- Running feature from file:///D:/Intelij/REST%20API/JSON%20Assured/src/test/resources/features/User.feature
00:39:31.838 [main] INFO  -- 
  _____   ___   ___   _____     ___   _____     _     ___   _____   ___   ___  
 |_   _| | __| / __| |_   _|   / __| |_   _|   /_\   | _ \ |_   _| | __| |   \ 
   | |   | _|  \__ \   | |     \__ \   | |    / _ \  |   /   | |   | _|  | |) |
   |_|   |___| |___/   |_|     |___/   |_|   /_/ \_\ |_|_\   |_|   |___| |___/ 

GET ALL data user(user-data;get-all-data-user)
--------------------------------------------------------------------------------
00:39:31.950 [main] DEBUG net.thucydides.core.requirements.model.cucumber.CucumberParser -- Loading feature D:\Intelij\REST API\JSON Assured\src\test\resources\features\User.feature
00:39:33.261 [main] DEBUG net.thucydides.core.steps.StepInterceptor -- STARTING STEP: UserSteps.setGETALLEndpoint - setApiGETALLEndpoint
00:39:33.265 [main] DEBUG net.thucydides.core.steps.StepInterceptor -- STEP DONE: setApiGETALLEndpoint
  &amp#27;[32mGiven &amp#27;[0m&amp#27;[32mset the GET ALL user data endpoint&amp#27;[0m      &amp#27;[90m# starter.user.UserSteps.setGETALLEndpoint()&amp#27;[0m
00:39:33.295 [main] DEBUG net.thucydides.core.steps.StepInterceptor -- STARTING STEP: UserSteps.sendRequestOfGETALL - sendRequstGETALLHttp
00:39:37.432 [main] DEBUG net.thucydides.core.steps.StepInterceptor -- STARTING STEP: GetAll.sendRequstGETALLHttp - setApiGETALLEndpoint
00:39:37.433 [main] DEBUG net.thucydides.core.steps.StepInterceptor -- STEP DONE: setApiGETALLEndpoint
00:39:39.567 [main] DEBUG org.apache.http.impl.conn.BasicClientConnectionManager -- Get connection for route {s}->https://jsonplaceholder.typicode.com:443
00:39:39.624 [main] DEBUG org.apache.http.impl.conn.DefaultClientConnectionOperator -- Connecting to jsonplaceholder.typicode.com:443
00:39:40.880 [main] DEBUG org.apache.http.client.protocol.RequestAddCookies -- CookieSpec selected: ignoreCookies
00:39:40.883 [main] DEBUG org.apache.http.client.protocol.RequestAuthCache -- Auth cache not set in the context
00:39:40.883 [main] DEBUG org.apache.http.client.protocol.RequestTargetAuthentication -- Target auth state: UNCHALLENGED
00:39:40.884 [main] DEBUG org.apache.http.client.protocol.RequestProxyAuthentication -- Proxy auth state: UNCHALLENGED
00:39:40.884 [main] DEBUG org.apache.http.impl.client.DefaultHttpClient -- Attempt 1 to execute request
00:39:40.885 [main] DEBUG org.apache.http.impl.conn.DefaultClientConnection -- Sending request: GET /posts HTTP/1.1
00:39:40.885 [main] DEBUG org.apache.http.wire --  >> "GET /posts HTTP/1.1[\r][\n]"
00:39:40.887 [main] DEBUG org.apache.http.wire --  >> "Accept: */*[\r][\n]"
00:39:40.887 [main] DEBUG org.apache.http.wire --  >> "Host: jsonplaceholder.typicode.com[\r][\n]"
00:39:40.887 [main] DEBUG org.apache.http.wire --  >> "Connection: Keep-Alive[\r][\n]"
00:39:40.887 [main] DEBUG org.apache.http.wire --  >> "User-Agent: Apache-HttpClient/4.5.13 (Java/20)[\r][\n]"
00:39:40.887 [main] DEBUG org.apache.http.wire --  >> "Accept-Encoding: gzip,deflate[\r][\n]"
00:39:40.887 [main] DEBUG org.apache.http.wire --  >> "[\r][\n]"
00:39:40.888 [main] DEBUG org.apache.http.headers -- >> GET /posts HTTP/1.1
00:39:40.888 [main] DEBUG org.apache.http.headers -- >> Accept: */*
00:39:40.888 [main] DEBUG org.apache.http.headers -- >> Host: jsonplaceholder.typicode.com
00:39:40.888 [main] DEBUG org.apache.http.headers -- >> Connection: Keep-Alive
00:39:40.888 [main] DEBUG org.apache.http.headers -- >> User-Agent: Apache-HttpClient/4.5.13 (Java/20)
00:39:40.888 [main] DEBUG org.apache.http.headers -- >> Accept-Encoding: gzip,deflate
00:39:41.053 [main] DEBUG org.apache.http.wire --  << "HTTP/1.1 200 OK[\r][\n]"
00:39:41.056 [main] DEBUG org.apache.http.wire --  << "Date: Sun, 16 Apr 2023 17:39:41 GMT[\r][\n]"
00:39:41.056 [main] DEBUG org.apache.http.wire --  << "Content-Type: application/json; charset=utf-8[\r][\n]"
00:39:41.056 [main] DEBUG org.apache.http.wire --  << "Transfer-Encoding: chunked[\r][\n]"
00:39:41.056 [main] DEBUG org.apache.http.wire --  << "Connection: keep-alive[\r][\n]"
00:39:41.057 [main] DEBUG org.apache.http.wire --  << "X-Powered-By: Express[\r][\n]"
00:39:41.057 [main] DEBUG org.apache.http.wire --  << "X-Ratelimit-Limit: 1000[\r][\n]"
00:39:41.057 [main] DEBUG org.apache.http.wire --  << "X-Ratelimit-Remaining: 999[\r][\n]"
00:39:41.057 [main] DEBUG org.apache.http.wire --  << "X-Ratelimit-Reset: 1677871961[\r][\n]"
00:39:41.057 [main] DEBUG org.apache.http.wire --  << "Vary: Origin, Accept-Encoding[\r][\n]"
00:39:41.057 [main] DEBUG org.apache.http.wire --  << "Access-Control-Allow-Credentials: true[\r][\n]"
00:39:41.057 [main] DEBUG org.apache.http.wire --  << "Cache-Control: max-age=43200[\r][\n]"
00:39:41.058 [main] DEBUG org.apache.http.wire --  << "Pragma: no-cache[\r][\n]"
00:39:41.058 [main] DEBUG org.apache.http.wire --  << "Expires: -1[\r][\n]"
00:39:41.058 [main] DEBUG org.apache.http.wire --  << "X-Content-Type-Options: nosniff[\r][\n]"
00:39:41.058 [main] DEBUG org.apache.http.wire --  << "Etag: W/"6b80-Ybsq/K6GwwqrYkAsFxqDXGC7DoM"[\r][\n]"
00:39:41.058 [main] DEBUG org.apache.http.wire --  << "Content-Encoding: gzip[\r][\n]"
00:39:41.058 [main] DEBUG org.apache.http.wire --  << "Via: 1.1 vegur[\r][\n]"
00:39:41.058 [main] DEBUG org.apache.http.wire --  << "CF-Cache-Status: HIT[\r][\n]"
00:39:41.058 [main] DEBUG org.apache.http.wire --  << "Age: 14675[\r][\n]"
00:39:41.058 [main] DEBUG org.apache.http.wire --  << "Report-To: {"endpoints":[{"url":"https:\/\/a.nel.cloudflare.com\/report\/v3?s=mkRB94srXsSdLBYKJvYRaCq9IDGLmskSlDypHk0kgLBQnOPetN0SzxOxAAupC8u%2F9z0FkohwRgJ55I0e%2FlDVtaWq76ojLiyE4Rt82SYGwmuEENCPSSDj81%2B%2FEPcLHihW31kYlLe4RNEC6%2FCsnmgD"}],"group":"cf-nel","max_age":604800}[\r][\n]"
00:39:41.059 [main] DEBUG org.apache.http.wire --  << "NEL: {"success_fraction":0,"report_to":"cf-nel","max_age":604800}[\r][\n]"
00:39:41.059 [main] DEBUG org.apache.http.wire --  << "Server: cloudflare[\r][\n]"
00:39:41.059 [main] DEBUG org.apache.http.wire --  << "CF-RAY: 7b8e3585dd473de8-SIN[\r][\n]"
00:39:41.059 [main] DEBUG org.apache.http.wire --  << "alt-svc: h3=":443"; ma=86400, h3-29=":443"; ma=86400[\r][\n]"
00:39:41.059 [main] DEBUG org.apache.http.wire --  << "[\r][\n]"
00:39:41.060 [main] DEBUG org.apache.http.impl.conn.DefaultClientConnection -- Receiving response: HTTP/1.1 200 OK
00:39:41.060 [main] DEBUG org.apache.http.headers -- << HTTP/1.1 200 OK
00:39:41.060 [main] DEBUG org.apache.http.headers -- << Date: Sun, 16 Apr 2023 17:39:41 GMT
00:39:41.060 [main] DEBUG org.apache.http.headers -- << Content-Type: application/json; charset=utf-8
00:39:41.060 [main] DEBUG org.apache.http.headers -- << Transfer-Encoding: chunked
00:39:41.060 [main] DEBUG org.apache.http.headers -- << Connection: keep-alive
00:39:41.060 [main] DEBUG org.apache.http.headers -- << X-Powered-By: Express
00:39:41.060 [main] DEBUG org.apache.http.headers -- << X-Ratelimit-Limit: 1000
00:39:41.060 [main] DEBUG org.apache.http.headers -- << X-Ratelimit-Remaining: 999
00:39:41.060 [main] DEBUG org.apache.http.headers -- << X-Ratelimit-Reset: 1677871961
00:39:41.060 [main] DEBUG org.apache.http.headers -- << Vary: Origin, Accept-Encoding
00:39:41.061 [main] DEBUG org.apache.http.headers -- << Access-Control-Allow-Credentials: true
00:39:41.061 [main] DEBUG org.apache.http.headers -- << Cache-Control: max-age=43200
00:39:41.061 [main] DEBUG org.apache.http.headers -- << Pragma: no-cache
00:39:41.061 [main] DEBUG org.apache.http.headers -- << Expires: -1
00:39:41.061 [main] DEBUG org.apache.http.headers -- << X-Content-Type-Options: nosniff
00:39:41.061 [main] DEBUG org.apache.http.headers -- << Etag: W/"6b80-Ybsq/K6GwwqrYkAsFxqDXGC7DoM"
00:39:41.061 [main] DEBUG org.apache.http.headers -- << Content-Encoding: gzip
00:39:41.061 [main] DEBUG org.apache.http.headers -- << Via: 1.1 vegur
00:39:41.061 [main] DEBUG org.apache.http.headers -- << CF-Cache-Status: HIT
00:39:41.061 [main] DEBUG org.apache.http.headers -- << Age: 14675
00:39:41.061 [main] DEBUG org.apache.http.headers -- << Report-To: {"endpoints":[{"url":"https:\/\/a.nel.cloudflare.com\/report\/v3?s=mkRB94srXsSdLBYKJvYRaCq9IDGLmskSlDypHk0kgLBQnOPetN0SzxOxAAupC8u%2F9z0FkohwRgJ55I0e%2FlDVtaWq76ojLiyE4Rt82SYGwmuEENCPSSDj81%2B%2FEPcLHihW31kYlLe4RNEC6%2FCsnmgD"}],"group":"cf-nel","max_age":604800}
00:39:41.061 [main] DEBUG org.apache.http.headers -- << NEL: {"success_fraction":0,"report_to":"cf-nel","max_age":604800}
00:39:41.061 [main] DEBUG org.apache.http.headers -- << Server: cloudflare
00:39:41.061 [main] DEBUG org.apache.http.headers -- << CF-RAY: 7b8e3585dd473de8-SIN
00:39:41.061 [main] DEBUG org.apache.http.headers -- << alt-svc: h3=":443"; ma=86400, h3-29=":443"; ma=86400
00:39:41.070 [main] DEBUG org.apache.http.impl.client.DefaultHttpClient -- Connection can be kept alive indefinitely
00:39:41.076 [main] DEBUG io.restassured.internal.RestAssuredHttpBuilder -- Parsing response as: application/json; charset=utf-8
00:39:41.077 [main] DEBUG org.apache.http.wire --  << "1b9a[\r][\n]"
00:39:41.078 [main] DEBUG org.apache.http.wire --  << "[0x1f][0x8b][0x8][0x0][0x0][0x0][0x0][0x0][0x0][0x3][0x8d]]I[0x8e][0xe4][0xc8][0x8e][0xdd][0xff]S[0x8][0xb9][0xfe][0x8b][0x9a][0x87][0xbe]A[0x9f][0xa1][0xa3][0x17][0x16][0xee][0x96]U[0x2][0xdc][0xa5]([0x97][0x94][0x88]F[0xa3][0xef][0xde]$[0x1f]'[0x93][0xc9]=[0x5]d[0x15]b[0x90]K2[0x1a][0x87][0xc7]G[0xd2][0xe2][0xbf][0xfe]5[0xc][0xff]K[0xff][\r][0xc3][0x97]m[0xa9][0x8f][0xff][0xbc]~[0xf9][0x8f][0xe1][0xc7][0xe3][0x7]c[0xfe]f[0x1d][0xd7][[0xa5][0xef][0xbf],[0xdb][0xb4][0xe]e[[0x87][0xaf][0xe5]R[0x1f]ux[0xd4][0x8f]z[0xbb][0x95]u[0xf8]x[0xcc][0xdf][0xc6]k[0xa5][0xdf][0xce][0x97]K[0xa9][0x97][0xb2][0x8e]C[0xfd][0xbc][0xd4][0x8f]u{[0x8c][0xc3][0xfc][0xb1][0x8e]3_[0xfc][0xa8][0xd7][0xe9]Z[0x1f][0xe3][0xfa]Eo[0xfd]>_[0xff][0x87][0xef][0xfc][0xcf]6[0x96][0xa1][0xae][0xc3][0xb2]-[0x97][0xf1]c\[0xdf]&[0xfb][0x8a]>w[0xd9][0x96]2]K[0x1d].[0xf3][0xb4][0xd4]6z[0x8b][0xed]A[0xf7][0xff][0xa8][0xd7]q[0x95][0x8f]][0xb6][0xfb][0xdb][0xd4]<`[0xb8][0xcf][0xb7][0xba][0xac]#}[0x8a][0xde][0x97][0xfe][0xfd][0xb3][0x95]eX[0xe7][0xb5][0xd0][0x95][0xd3][0xbc][0xac][0x8f][0xed]N[0xb7][0xe6][0xff][0xd3]e[0xbc][0xa8]z[0x1f]d}[0xf][0xfa][0xa2]~[0xab][0xd3]H[0xf7]-[0x8f][0xcb][0xdf][0xe3]Z/[0xeb][0xfc][0x85][0xde][0xf7][0xff][0xfe][0xfd]=[0x89][0xfd][0xb4][0x97][0x18][0xad]K[0xee]_[0x97][0xa5][0xee][0xd7][0xcc]?[0xc7][0x1b][0xd0][0xb3]?f[0x92][0xe7]7ZN}[0x93]5[0x8e][0xc3]2[0xd2][0xcb]L[0xe3][0xdf][0xe3][0xad][0x15][0xdd]p[0x9d]o[0xf3]cx[0xaf][0x85].[0x1e]j[0xc1][0xf7]u[0x19]&[0xfa][0x18]}[0xfa][0xeb][0xf6][0xd7]H[[0xf2]~#[0x99][0x8d][0xeb]8.[0xc3][0xb7][0xf9][0xb6]}[0xac]e[0xad][0x3]=[0xe5]1[0xf][0xdf][0xea]Mo[0xdc][0x8][0xe9]Q[0xc7][0xcb]H"
00:39:41.079 [main] DEBUG org.apache.http.wire --  << "[0xf][0x19][0x97][0xb7][0x89]_[0xa0]|[0xd0][0xe3][0xca]}[0x98][0xe6]i[0xb8][0xd6]w[0xba][0xd7]B7X[0x96][0xf1][0xbe]-[0x3]_ [0xf][0xa4];-[0xf4][0xe5]FzpNF?[0xef]eDK[0xb0][0xf7]Xd[0x9b]Xw[0xea][0xe3]B[0xc2] [0xbd][0x99][0xea]=[0xf4][0x8c][0x9f]:~,[0x85][0x84]#{[0xd6][0x89]t[0x1d][0xc6]mY[0xe7]a[0xa9]W[0xba]x[0xa6][0xef][0x1e]$[0x12][0x17][0xc0]=[0xe9][0xe7]|[0xa7]7[0x1f][0xea]m[0xfc][0x8b][0xd7],j][0xae][0xcd][0xb5]"[0xd8][0xf1][0x9d]V[0xcb][0x12]+[0x17][0xd1][0xc3]u[0xa4][\r][0xa3][0xf7] Y[0x14][0x12][0xf]i[0xe2][0xdb][0x14]b[0x84][0x80]+[0xbd][0xc4]0_I[0xe9][0xe9][0x85]n[0xe5][0x9d][0xf7][0x96][0xbe][0xa2][0xbb][0xe8]k[0x9f][0x12][0xd4]/[0x9d][0xa0]XYW[0xd1]'_[0xc6]^[0x2][0xbc][0xf]r[0xd5]RHhiO[0x87][0xb4][0xb0]r%[0xcb]"[0xf3]"U[0xe3][0x17][0xba]W3[0x80][0xb2],[0xdb][0x9d]./[0xc9][0xa2][0xa1][0xa2][0x97][0xed][0xf6]QD/[0x96][0xe1][0xef][0xf1]B[0xa6]x[0xbf][0xd3][\n]"
00:39:41.080 [main] DEBUG org.apache.http.wire --  << "I[0x7][0xe8]>f6k[0x9d]*[0x9b]&4[0xf2][0xce][0xda][0xc1][0xbb]u[0xd7]m[0x90][0xf][0x8b][0x8d][0xa5]w[0xc1][0xed][0xc7][0xdb]m[0x86]|[0xce][0xc9][0xe6][0xd7][0xbd]l[0xfc]=[0xc4][0xce]Y[0xf6]{[0xc9][0x90][0x12]m[0xd7][0x11][0x8e][0x84][0xcd][0xbb][0xf0]6[0x96][0xfa](+[0xde][0x89]T[0xe6]m*7VBqq0#U4v[0xe][0xa4]R$[0xfa]V[0x9b]D[0x87][0xdc]([0xd8][0xca]}m[0xa2]8[0xbc][0xe4][0xb7]I=L+[0x1f][0x98][0xcf][0xb9][0xe5][0xfe][0xb6]_[0xae]Jx`[0x95][0xb8][0x97][0xbf]&2[0x99]yq[0x8b]eo[0xda])[0x6][0xbd][0xc2]B[0xbf][0x9f]Xei[0xfb][0x1e][0xa4][0xaa][0xbc][0x97][0x85][0xc5][0xf]o[0x0][0xad][0xf6][0x8d][0x17]7$[0xca]M[0xdb]B[0xee]y[0x9a][0xdf][0xe9][0xf7]$![0xfa][0xf1]5\[0xc7][0xdb]Dw]>H[0xcf][\n]"
00:39:41.081 [main] DEBUG org.apache.http.wire --  << "{[0x8]VP[0xba][0xb6][0xde][0xe7][0xa1][0xbc][0xef]<WkBeI[0xb2]t/[0x6]#[0xa9]kV"[0xd6]9i[0xfd][0xbe][0x97][0x16]K[0x88][0xc4]BQk[0xbc][0x8d][0xb][0xf6]s/[0x1f]<n[0xf8][0xb8]Qh[0x83][0xa7][0xa1][0xfd][0xbb][0xb2]-[0x15][0xf1]$[0xea][0x9b]!l[0x91][0x14][0xe9][0x90][0x88][0x1a][0xdf][0xf1]5X[0xf5][0xa6][0xc6]'[\n]"
00:39:41.081 [main] DEBUG org.apache.http.wire --  << "[0xcd][0xee]+B[0xa2][0x4][0xa4][0xb1]p[0x98][0x9b]$<[0xc1][0xe7][0xf3]&[0xd2][0xf3][0xe0][0xbd][0xca]rn[0xb9]<S[0xe]][0x12]k[0x9f][0x98]a[0xb7][0xe4][0x91][0xd6][0xc2][0xaa][0x9b]T[0xc7]>+o[0xc3]Q[0xd5][0x84][0x16][0x2])[0xb4]n[\r]O[0x1e][0xa4]=`[0xb9]-HH6[0x3][0x83][0xd4][0xee]e[0x94]-v1[0xbc]Mp[0xf][0xb4]~[0xf3]'0[\r]S[0xb][0xd6][0xee]Y[0x9d][0xb3]l[0xc0]9[0x89][0xfc][0xf9][0xd4];[0xb0]#R[0xab][0xb5][0x95]"[0xf8][\n]"
00:39:41.081 [main] DEBUG org.apache.http.wire --  << "[0x8c]H[0xfa][0xb9][0x97][0x95]@[0x8f][0xcb]*[0xe6][0xb][0x1][0xb4][0xf7][0xc4][0xdd][0xc8][0xd4]U)[\n]"
00:39:41.082 [main] DEBUG org.apache.http.wire --  << "[0x82][0x9][0xfc][0xc][0x1c][0x8]@[0x88]|[0x7][[0xa2][0xab]WC[0x1f][0xac]?W[0xf9]"[0xc]P[0xa5][0xa0][\n]"
00:39:41.082 [main] DEBUG org.apache.http.wire --  << "[0xeb][0xdf][0x9e][0x93][0xc1][0x8f]?[0xec][0x85][0x0][0x18][0x16][0xa1]v[0xbc][0xe2]Ek[0xbf]ZVf~7[0x83]X[0xb2][0x9][0xb4][0xa3][0xc3][0xfc][0xf5]+[0x1b][0xba][0x4]D[0xd9][0xd4][0xb7])[0xa2]$+A[0xf2][0xb2][0xbc]|[\n]"
00:39:41.082 [main] DEBUG org.apache.http.wire --  << "[0x86][0x82][0xf][0x16][0x86]tt[0xd7]%\/-[0x97][0xf5][0x1c]2[0xbf]K[0x90]}H[0xc8]'[0x5][0xa1] [0xfa]x[0xba][0xcc][0x9f][0x9a]ev [0x15][0xe]H[0x1e]-[0xcb][0xbb][0x95][0xed][0xaa]>[0xe7][0xd8][0xf0][0xeb][0x8d]6[0x96][0x9e][0x9f]be[0x4][0xf4][0xc0][0xb][0xc][0x83][0xee]#moqx[0xc8][0xb][0xce][0xee][0x9e][0xe2][0x87][0xaf]f[0x9c][0xc4]9+L[0x93][0xf5][0xb3][0xd0][0x2]7[0xb9][0xeb][[0xb2][0xfe][0xb][0xc2][0x99].[0xe3][0x95]4[0xeb]mb[0xa7]-[0xca][0xa6][0xbf]>)[0x93][0xe][0x86][0xd2][0xcb][0x84][0xfd][0x1a][0xda][0xa4][0xfb]A[0xfd][0xd4][0x12][0xf6][0x82][0xa1][0xcd][0x90][0x8][0xe][0xb5][0x84][0xf]%g[0xff](u[0xa9][0xe][0x83][0x8a]:|[0xdc][0xc][0xa2]7[0xb5][0xad][0xc][0xe3][0xcb][0x7][0xc9][0x94][0xfc][0xbb]\[0x8b]8#[0x80]#[0x4]+[0xbf][0xa1][0xa7]D\%[0xbf][0xa0]"[0xe0][0xfb][0xc9]+[0x8e][0xb4][0x1d][0xd3][0x85][0x15]Xb[0xfb]99tPSV[0xba][0x89])[0x92]H[0xfc]E=[0xc4]9nb[0x3][0x10][0xc9][0xef][0x85][0xc2][0xa2][0xb8][0x8e][0x17][0xb2][0x9][0xf7]t[0xe2][0xf7][0xfc][0x16]~[0xd3][0xd8][0xd1]9[0xc5]2Z[0xda][0xb2]r&[0xf3]x[0xd0]e[0xe3][0x13][0x80]&[0x0]R[0x90][0x11] [0x1a][0x99][0x1e]o[0x85][0x18][0x8d]#V[0x1][0x96][0xec]!E)%[0xc][0xa5][0xac]L[0xee][0x95][0x92][0xa6][0xc0]t[0xd9][0x87][0x1][0xa8]F~[0xc3][0x11][0x82]q[0x98][0xc4][0x89]s[0xd2][0xed][0xf0]i^[0x80][0xbd][0xa4]8[0x9d][0xbd][0x10][0x9][%[0xcb]2[0xb4][0x8d][0xc9]k[0x0]&Tqr[0xd2]6eL[0x0]#B"Jv'[0xbe][0xcc]o[0x13][0xf6][0xb][0xfb][0xe3][0x9c][\n]"
00:39:41.083 [main] DEBUG org.apache.http.wire --  << "j[0xec][0xdb]#[0xa9][0xa0][0xc0];z[0xce]vv[0xcd][0x1d][0xee][0xc]W@[[0x3][0xcb]b;;[0x0][0x9f][0x9][0x7][0x89]#T[0xa4]!n[0x81][0xf3]U[0xb8][0x16]s[0xb0][0x6][0x87][0xc6][0xbb][0xb8][0xe0][0xec]W[0xd3][0xea][0xc4]"}Ii[0xd3][0x5][0x92][0x98]g{[0x9b]pW[0x87]{[0x8a]m_G[0xd4]v[0xe1][0x1d][0x2]m[0xe3][0x3][0x1][0xb1] [0xdb][0xb][0x5][0xf8][0x9c][0xb5][0x89][0xc6][0x8e]3[0x87][0xfc]#[0x84][0xee]wc[0xb0]&aC[0xcc]P[0x91][0x9][0xed][0x1e][0xed]3CXE[0x11]$C^[0xc8][0xea][0xb8]b[0x8f][0xbc]K[0x83][0xd5]E$H[0x8f][0xe0]d[0x7][0x80]}81[0x6][0xf6]J/[0x8]@V[0xc4]bV[0x1d][0x9a][0xca][0xe0][0x96]_-!Wv[0x7]'[0xc5][0xd8]AS[0xac][0xc0][0xb7][0x90][0xd5]4"tz{G[0x5]][0xca];/[0xd9][0xe3][0x8a][0x92][0x8b]3f[0xa0][0xcf][0xaf]+N$A1[0xbe][0x94][0xf8][0xb3]D([0x8a][0x93]SH[0x1e][0x87][0xa4]{P8[\n]"
00:39:41.083 [main] DEBUG org.apache.http.wire --  << "*@i[0x8][0xfd][0x95][0xc0]\l[0xf2][0x86][0x7][\n]"
00:39:41.083 [main] DEBUG org.apache.http.wire --  << "[0x94]8[0xeb][0x95];[0xbc][0x1a][0xa2][0xe4][0xfc][0x1d]QG[0xe2][0xb7]A[0xb3][0xc0][0xff][0xfb][0xc5][0x87][0xf5]i[0xaa]eN[0x11][0xe6][0x9d]w[0xd4][0xfd][0x87][0x84]UE^[\r]\[0xe1][0x1f]$[0x91]s[0xb8]6[0xde][0xa3]Z[0x0]<[0xb9][0xc6][0xe][0x81]Z[0xca][0xed][0x9][0x86]x[0x1d][0x11]^[\n]"
00:39:41.083 [main] DEBUG org.apache.http.wire --  << "[0x1][0xb4][0x86].[\n]"
00:39:41.084 [main] DEBUG org.apache.http.wire --  << "[0xcb]u[0xa2][0xbc][0x97][0xed]cd8[0xc6]DNdic[0xc4]fM[0x1d]D[0x5][0x18][0xe3]:[0x0]5[0xb][0x81][0xfa]g[0xa9][0x94]U[0x82][0x92]"
00:39:41.085 [main] DEBUG org.apache.http.wire --  << "[0xbf][0x9e][0x90]&[0x1c][0xa1][0x1c][0xfb]-[0xe6][0xb0][0xbe][0x8b]?[0x1b][0x11][0xfc][0xd4][0xe1][0xcf][0x0][0x8a][0xe4][0xad][0xd3][0x2][0xcc][0xea][0xcb][0x11]+[0xd8]r~[0xd7][0xed]"!7[0xd3]P[0xb]@5c[\n]"
00:39:41.085 [main] DEBUG org.apache.http.wire --  << "[0xfa][0xd9][0xc8][0xe9]iM[0xf4]![0x2][0x1d][0xf2][0xc][0xbe][0x88][0xa4]4g[0xac][0xe9][0xae]q[0xc7]9[0xf1][0xee][0xc3]8[0x5][0xaf][0xd7][0xb]%[0xf7][0xa3]9[0x17][0xe5][0x11][0x91]H(A[0x92][0x84][0xea][0xb2][0xd3][0x4]P[0xc3]7[0xfd][0xf8]6^HA[0x9f]J[0xf0][0xe7]F[0x82][0x1d][0xb4][0xcd][0xde][0xaf][0xe8][0x9a][0x1a][0xa7]'[0x80]C#[0x89][0xf8]5[0xf6][0xd2][0x7][0xb1][0x8][0xe9][0xa8][0xa5][0xf2][0x19][0xd2]E[0xfe]7#h[0xc2][0x90][0xe8][0x9e]t{6![0xd8]'[0x85]cq[0x9]Jn[0x85];[0x91]|[0x16]I[0x9c][0x19]'[0xd3]E)4A%[0xdf][0xa6][0x94]w[0x19]/[0x12]:Gw9)[0xa4][0xe][0xeb][0xe2][0xe1][0x12][0x9e]$|[0x18][0xa3]`[0xc2]W$[0xda][0xa7][0xc3][0xac][0x17][0xe2][0xf5][0xd6][0xc][0x86][0x92]~r[0x0]b[0x91]`[0xdb]Y[0x18][0x1c][0xc5]H[0xa1][0x9c][0x89].[\n]"
00:39:41.086 [main] DEBUG org.apache.http.wire --  << ">[0x10]4B*B.[0xb2][0xa5][0x9]M[0x16]$7[0x7]:[0x8b][0xf0]B[0x11][0x9f][s[0x87]k[0xef][0xe5]s[0xbc][0xb]T[0x97][0x98][0xae][0xfe]zb[0xb5][0xeb][0xd7][0x19][0xba][0xbf][0x91][0xdb]W e[0x80][\r]9[0xbb]f[0xa3][0x81][0xe][0xc1]n[0x88]c[0x6][0xf]"[0xa4][0x2][0x3]4v[0xf][0xb6][0x95][0x9][0x9e][0xc1]t[0xf8]6[0xc8]r[0x85][0xfd][0xf4]lH[0xc8][0xe]8#[0xd1]1[0xdd][0xff][0x8c]"N[0x8a][0xa2][0x3][0xa1][0xc8][0x95]Y[0xe7]T7C#[0x19]Ni^[0xd1][0xed]=[0xa7][0xed][0x92][0xf1][0x82][0xca]6[0xdb][0xf6][0xc8]*J#|X[0x8a][0x10]Mx[0x81][0xb0]aT[0x5][0xb5][0x4]Rr[0xb1][0x9e][0xa4][0xfd][0xb4]E[\r][0xed]"[0xd4][0xcf]uH[0x96]m[0x91][0xf8][0xa4][0x0]:D[0xca][0x1a][0x6]d[0x93][0x92]&[0xb][0x90][0xc7]tq^[0x7]+9[0xd6][0xe][0xba]v[0xc4][0xce]e7[0xc][0xda]&0>[0xac]%[0xb4][0xbd][0xae]F[0xae]s[0x1e]?h[0xb5]%[0xd3][0xe4][0xa2]9[0x96][0x87]Z[0x16][0x19][0xaf]{r[0xe9][0x1d]&[0x95]J[0x8b][0xb0],[0x9a][0xdd][\n]"
00:39:41.086 [main] DEBUG org.apache.http.wire --  << "v[0x99][0xa7][0xe]hZ[0x9c][0x0]c[0x1b][0x81]I[0xf3]S[0x3]{&[0x9]s[0x8a][0x2][0x9d][0x9a][0x80][0xd4][0xe2]z(}[0xda][0xed]H[0x8]v,[0xe9][0x5]Ihp[0x13][0xf6](I[0xb5]]N,yFB'[0x5][0xd2][0xa1]KTSH[0xe7]X[0xb5]I[0xdd][0xcc][0xd0][0x94]p:&D[0x98][0xb6]`[0x9d]t[0x9b][0x81][0x1b]l[0xd8]=[0xc3]E[0x9e][0xc5]3[0x82][0xc4][0x8f][0x94][0x11][0x95][0xec][0x9f][0xe9],[0xc5];[0xb0]0q[0x90][0xe]Q[0x95][l[0x91]wd[0x1]m[0xcc]E[0x98][0xe5][0x17][0x1b][0x19][0xd6][0xac][0xac]:![0xdf][0xac][0xc3]'[0xa5][0xd5][0xf3][0xa6][0xc6][0x4]y[0x11][0xc5]irq[\n]"
00:39:41.086 [main] DEBUG org.apache.http.wire --  << "[0x19][0xa6][0x1f] 5[0xe][0x8][0xaa]}[0xf]!{[0xa1][0x88][0x4]v[0x14]~1{[0xc][0x1b][0xcf]*"[0x1e][0x82]E[0x92]*v[0x1e]B[0xa4][0x9a][0xc1][0xd6]"[0xb2]lb}[0xa6]KB[0xa1][0xad][0xb4]Y_[0xa4][0xb4][0xad][0x18]:[0xa8][0x8a][\n]"
00:39:41.086 [main] DEBUG org.apache.http.wire --  << "[0x9a]P[0x10][0x12][0x6]v[0xfb] [0x95] [0xda][0xc9][0xfd][0xf2]eG[0x95]i7[\n]"
00:39:41.086 [main] DEBUG org.apache.http.wire --  << "\[0xb6][0x8b][0xe5]"[0x9e][0xd3][0xc2][0x4]"[0xa1][0xd8]Z[0xc3][0x98][0x9][0xd2][\r]c[0x14]'[0xa1][0x88][0xdd]}M[0xce][0x83][0xfd][0x89]c ?y[0xe2]es[0xc8]{N[0x8]?w`[0x15][0xa4][0xff][0xfe][0xe6][0x89][0x9e][0xe8][0x88]![0xb8]\[0x1][0x1f][0xc0]{[0xe4]&5[0xb4][0xa7][0x9d][0x15]%Q`$[0x15]B[0x84][0xee][0xb7])]#XV[0xe5]?.[0x1e]][0xc1]*o([0x9a]qN[0x97]@t[0xe3]\[0xa4][0xfc][0xf3]l[0xdd][0xbf]4[0xeb][0xee] &T[0x1f][0xe5][0x9][0x86][0xae][0xca][0xfe][0xed]C@O[0xa2]j[0x9e][0xc4]o[0x8d][0xf2][0x85][0xd1][0x8d][0xba][0xfd]KC?)[0x8a]0[0x1][0xe1]yM[0x1c][0xb2]Df[0x9c][0xbc][0x8e][0xc2][0xb1][0xc8][0xf5];[0xd2]~[0xcf]]4[0x97]1[0x3]<(xf[0xf5]9)[0xa1]c|[0xa9][0xc5]M[0xe4]p[\n]"
00:39:41.086 [main] DEBUG org.apache.http.wire --  << "[0xa3][0x97][0x3]\[0xe1]i5{_-[0xa0]%[0x10]/[0xe0][0x18]`[0xca]$[0xe8][0xe8]<q[0xd0][0xcc][0xa1][0x19][0xe2][0xb6]$|[0xc3]=[0x15]Q[0x85][0xb8]S[0xd0]w[0xb7][0x3][0xb7][0x9b][0x8]g[0xe5][0x9]\,\[0x82]oI[0x94]E[0x15][0xf3][0xa4][0x94]:D*[0x11][0xc0]!w[0xac][0xe5][0x9][0xd7][0xc][0xe7][0x8e][0xbc][0xdc][0x90][0x94][0xa5][0xf2][0xce]S[0xb][0x89][0x8e][0xaa][0x5][0xc2][0x11]t[0x83]C[0x9c][0x5]6[0xc3][0x14]F[0x1a]%[0xc][0xd2][0x87][0xdb]D[0x1e]^[0xc8][0x18][0xd5][0x95]g[0x82][0xf5][0xe4][0x8a];[0xe0][0x19][0xae]O[0x19][0xaf][0xed][0xd1][0xf3][0x15][0x96][0x8d]d[0x9e][0x13][0xbb][0xb3][0xb5][0xdc][0x83]S"[0xc6][0xc2][0xb3]S6<i[0x9d][0x7][0xb2][0x1e][0xb0]1[0x7][0x1f][0xb5][0xba][0x13][0x9c][0x98]s)[0xc8][0xe][0xf9][0x93];b]z>[0x9c],N[0xdc]l[0xc2][0xab]FOz[0xf1]Kt[0xfa][0xa4][0xc8]:[0xa8]J{[0x9][0xa5]n[0x98]7[0xa7][0xbf]P[0xfa]x[0xca]|[0x9][\r][0x7][0x88][0xe9][0x91][0xdb][0x1][\n]"
00:39:41.086 [main] DEBUG org.apache.http.wire --  << "[0xab][0x92][0xc5][0xc]u6[0x8e]Df[0xe3]A[0x13][0xa1]be[0xce][0x16][0xd0]%Y[0x1a][0x91][0x8c]*[0xa5][0xf2][0x10][0xc2][0x96][0x88][0x13][0x8][\n]"
00:39:41.086 [main] DEBUG org.apache.http.wire --  << "[0xce][0x13][0xa9][0xaa][0xd2][0x81][0xe3][0x16]lxRP[0x1d][0xb0][0x15][0xe0][0xc9][0xda][0x95][0xaa]e[0xc1][0xfa]:}[0x4]][0xe9]"[0xd3][0xb5])p[0x0]g"[0xa1]O[0x19][0x1e][Y[0xe2][0x92]s[0xf5][0x1d][0xc9]%[0xca][0x96][0x13][0x98]\[0xd1][0x15][0x89]x[0x96][0xce][0xa7][0xf8][0x5][0x84]P[0xb4][0xc6]m[[0xc][0xb][0xd3][0xce][0xb1]\[0x0][0xd2]n[0xa3]`([0x91][0x10][0x88][0xda][0xb3][0x93]RSv[0xd4]wR[0x88][0x1d][0x18]N[0x85]U[0x8a]f[0x1b][0xa8]3s[0xa7][0xa4]rOc[0xda][0xaa]/#[0x19][0xbf][0x1a][0x80][0x0][0x1b]3[0x2][0xb7]G[0xba]q[0x93] [\n]"
00:39:41.086 [main] DEBUG org.apache.http.wire --  << "[0x93]&T[0xa6][0xdc][0x84][0x8c][0xd5][0xb2][0xc4]-UW[0x91]?[0x1]b[0xb2]]&G[0x8d][0xcd]j[0x8][0xbb]M[0xb1][0xb4]{0)[0xee][0x81][0xd5]>)[0x9a][0xe][0xf9][0x86][0xa7][0xd6]D[0x81][\r]j[0x1a][0xa5][0xea][0x89]x[[0xde][0x19][\n]"
00:39:41.087 [main] DEBUG org.apache.http.wire --  << " 8[0x91][0xb2][0xf5][0x15][0xe][0x18][0xab][0xe4]S[0xda]3[0x83]xm2[\n]"
00:39:41.087 [main] DEBUG org.apache.http.wire --  << "[0xcf]R[0x93][0xb9][0xc8][0xde][0x97][0x16][0xd8][0xc6]>A}Z[0xf8][0xc9]R[0x84][0x83][0xcd]P[0xb0][0xb9][0xb][0xb7]>[0x98]C[0x8][\n]"
00:39:41.087 [main] DEBUG org.apache.http.wire --  << "O[0xcb][0xdd][0xf4]i[0xdd]r[0xd4][0xc3]y[0xb5]@[0xbc][0xca][0x95][0x8a][0xdf]>'[0xc7][0xe]:[0x8b][0xe8]4Y[0x94][0xbd][0xcf][0x1d]/[0x92][0x9d][0x16][0x84][0x99][0x9e]"
00:39:41.088 [main] DEBUG org.apache.http.wire --  << "[0x95][0xf1]T[0x3][0x8b]3[0xf][0xc3][0xaa][0xca][0x2]K7[0xe2]4[0x2][0x16][0x19]&S[0x94][0xe7]t[0xff]'OW[0x12]X[0xb8][0x9a])[0xf6]4![0x10]q,BlEnc[0x15][[0xe1][0xbf][0xd1]B[0x2]o[0x91][0x15][0xdb][0xeb][0xb3][0x9f][0xe7]d[0xf5]K[0x87][0xb0][0xb5]SbV[0xcf]p[0xd0][0xaf][0x94][0xba]@[0xc]c)q[0x80]`/[0x91][0xf][0xf1][0x9b][0xef][0xe3][0xd9]$[0xec][0x89][0xf7][0xc0][[0x1e]"[0x9b]j[0xec]3[0xab]"r[0x14][0xa1][0xc4][0x1a][0xee]G[0x96][0xbb][0x9]O[0xc1]HCe[0xef][0x9f]zU[0x13][0xf8][0xb5][0x91]@[0x87][0xb5]%[0x17]X[0xac][0x9b]v/[0x80][0xa6]Q[0xc3]9[0x94]h![0xda]c[0xaa][0xc1][0xd8]h7[0xd1][0xe8]oC;R[0x6][0xe0][0xa2][0x1f][0xf6]{[0xa7][0x5]B1R[0xc1][0xeb]S8[0xa1][0x9][0x1e][0x86]q[0xb8][0xe0][0x6][0xd5]O[0xb0]k[0xea])[0xe5]9'[0xa5][0xd1][0xe1]j[0xab][0x97]+-[0xc8][0xf8][0xae][0xe6][0x96])D[0xfa][0xf0]T[0x99][0xb5][0xf6][0xd2]D[0x9f][0x93][0xce]CSb[[0x93]m9[0x1b][0xa1]kr[0xa5][0xce][0xa9][0xf5][0x8c][0xea][0xab][0xc7][0xd8][0xcc][0xef][0xa9][0xf2][0xc1]s[0xab][0xdd][0xa3]P[0xdd]4Hc3[0x92]Wo[0xfd][0x10][0xb0][0x8][0x88][0xdb][0x17][0xbd][0xa1][0xad][0xf8][0xfa].Zg[0xe3]xg[0xcd]m7dU[0xd4][0xa0][0x92][0xe8][0xd8]Ik[0x12][0xf1]"[0xbb][0x8d][0x14][0x18][0xd2][0x94]z)[0x90]O[0x8d]R/VR[0x93][0x0][0xdd][0xe1][0xb1][0xe2][0xb0][0xf6]65[0x16])+MB@b[0xef]s[0xf7][0x18][0xd2]cc[0xb2][0x85][0x93][0xb5][0xe7][0xec]n[0xa3][0xc8][0x9b][0x14][0x95][0xf3][0x9a][0x96]J4[0xdd]<)[0xd6][0xe][0xd5][0xc3][0x83] [0xad][0xf][0x8b]\[0xfa][0xe][0xf6]DE[0xb1].e[[0xf3][0xde][0xb0]u[0xb8][0x8d][0xef][0x8c][0x6][0xcc]`[0xc0][0xef]qB[0x90]J[0xe3][0xd0][0xe]8[0xb1][0xc8][0xeb]$}A. N[0xfb]Q[0xb5]$^e[0xc5][0xe6][0xa1][0xc0][0x90][0xa9][0x93][0xda]v[0xf8][0xfe]E[0xd2][0xdb][0x8a][0xa1]C[0xea][[0xa4]e[0xbe]G[0xca][0xf1]J[0xc6]o[0x9c]]j[0xb6]:[0xcc][0x16][0xab]K'[0x8b][0xc2][0x16][0xfb]m[0x9b][0x1e]8V[0x19][0xd7]0i[0xf1][0xd7][0x81][0x3]C\[0xa2][0x88][0x80][0xd9][0x8e][\n]"
00:39:41.089 [main] DEBUG org.apache.http.wire --  << "[0xdc][0xe4],[0x14][0x83][0xe6]<[0xb7][0xf4][0xe]{[0x1b]W[0xaa][0xed][0xce][0x99]dSG[0xd2][0x15]X[0xda][0xa6][0x3][0x91][0x1a][e[0x84][0x1e][0x90][0xcd]"[0x8][0x87]q[0x96][0x81][0xb8][0x1f][0xd1][0xb6][0xd2][0xa2][0xc],[0xfa][0xc7]j[0xe3][0xc9][0xd0][0xc4][0xc0][0xd6]uru[0x7][0xc][0xb1])[0x98][0x2]t[0x95]W[0x94]![0x9e]/. [0x9d][0xf2]7[0xdc][0xc7][0x16])[0x95][0x80].%x,KH[0xed]t[0x1c][0xbc][0x9b][0xdc][0x89]o[0x99][0x9][0xf1]}[0x13][0x8f][0x8d]k[0x14]([0xfb]B[0x9f]ZK[0x8a][0x8c][0xe6][0x0][0xb3][0xff]9)[0x96][0xe][0x10][0xb7][0xd9][0xb8]:[0xba][0x92][0xc9]I[0x98]"[0x1][0xbe][0xa7][0x2]Bz[0x98]nc;[0x8c]&[0xd4]Hd[0xba][0xc0]e[0x99][0xf9][0x89]",:[0x1e][0xdf]P|[0x4][0xc7][\r][0xce]q[0xcf][0x83][0x1b]][0xd4]v[0xaf][0xca][0xa6][0x18]a[0x98][0x87]o[0xce][0x9][0xa5]C[0xb7]F[0xc8]p[0x80][0xf3]Q[0xa0]-C[0xfb][0xb6][\r][0xe8]IP[0xe][0xfa][0x9e]V[0xc1]q[0x9e][0xc1]E`uF;[0x12]P[0x11]\S[0x8a]j][0xea][0x2]ZP[0xc7]7[0xe4]B[0x86][0xa0][\r][0x97]Q[0xdd][0xa4][0xd7][0x14]#R[0xfd]vC[0xcb]m[0xf0][0xd0][0xf9][0x92][0x1a]0_[0x8d]g4[0xf2][0xf9][0xb5]C[0xb4]-[0xf4][0x1a][0x9b][0xb2]_[0x7]-[0xe2][0xdd][0xf9]R[0xf5][0xa5]M\[0xeb][0x9c][0xa7][0x0] w[0xb5][0x96][0x4]XP[0xdf][0xd5][0xa5][0xec][0xd1][0x9][0xd9]g[0xb][0xd1]RY[0xbc][0x8e]fb)^[0xd0][0xee][0x8][0x13][0xed]M[0xdc][0xb9][0xc0][0xa7][0x9c][0x8a]?[0xdd][0xc]][0x11]QLc[0xb4][0xc4][0xef]S[0xd1][0xfe][0xd6][0x88][0xb6][0x9f]<[0x83][0xb1][0x1b][0xf8]2N '[0xc6][0x92][0x1a][0xc8][0xf3][0x9e])^S[0x9][0x16][0x1f]g[0xe6][0xac][0xd0]"[0x97][0x2][0x9b][0x8d][0xb2]N[0x5][0xbb][0xe][0xed][0x1c]+[0xba]$[0x18][0xab]$[0xe4],[0xfd][0x9a]][0xf4][0x1e]~[0xda][0x95][0x1f]O[0x90]iu[0xba][0xd9]b[0x94][0x3]$[0xeb][0xce][0xab]^[0x13][0x19][0xdc]Y[0x1e]*;K[0x1e]o[0x10]0!Qf[0xbf][0xcf][0xdc][0xce][0x8c]Gk.[0x9f]r[0x2][0xfa][0xa9][0xd5]s[0xe0][0xe][0xe5][0xce]9[0xdb][0x8d],>,[0xf8]m[0xd2]}[0x14][0x9a]`[0xdf][0x13][0xe9][0x1d][0xad]'E[0xd5]A[0xe0](j:[0xc4][0x17][0x8e][0xaa][0xcb][0xac]@[0x81][0x2][0xad]f,\[0xb7]f[0x1e][0xc9]p[0xdb][0x93][0x99]4q[0x85][0xd2][0x12]-[0xa9][0xb7]l[0x2][0xf0][0x1][0xd4]"s[0x9a][0x92]?[0x3]Ej[0x12][0x15]~j[0x1][0x8f]:[0xa5][0xdc][0xc6][0xe1][0xf6]IQt[0xb0]U[0xb6]+t[0x12]%[0xdc][0xa6][0xee][0xa4]e[0x99][0xae][0x8c]g[0x8d]s[0xca]F$[0xf2][0x97]<[0x89][0xe4]([0x86][0xaa][0xb6][0xdc][0xc4][0x9d]j[0xe6][0x84][0xd8][0xb4][0x3]T![0x4]:@[0xf6][0xed]U[0xdc][0x95]e^[0xd1][0xdb][0xa1]-U?[0xb9][0xee][0xe][0xa7]Z[0xbb]B[0xce][0xf1]!\ [0xef][0xa7][0x1c]_[0xa4][0x99][0xa5]![0xe7][0xa1]$[\n]"
00:39:41.091 [main] DEBUG org.apache.http.wire --  << "[0xdb][0xb5][0x10]#[0xa3]Vn[0xb][0x97]M[0x8d]H[0x8a][0x9e][0xca][0x9d][0xb4]}[0x85]+[0x1a][0xce]u[0xb1]J[0xc0][0xc6][0xfc][0x14][0xe2][0x1a][0x87]k[0xad]v[0x9c]\}[0x7]U[0xb5]{[0xa9]X[0x9][0xa2][0xa5][0xce][0x8e]Z[0xd9]e[0x96]0[0xf5]8p[0x9f]u[0x5][0xc]|l:[0xa5]Q[\r][0x93]h[0xe9][0xc2][0xa0][0xb7]M[0xa0][0xc6]4O=[0x9c]^[0xb1][0xcd]e[0x93]h[0xa6][0xce][0xe][0xc6]ZkD[0xa9][0x93]B[0xe8][0x10][0xad][0x14][0xe][0xdf]u[0xea][0xb6][0x83][0xaf]9wh[0xc7][0x89][0xb][0x16][0x8c]DU[0x6]`[0x96]&[0x9f]Q[0xd7][0x95][0xb9][0x81][0xe8]b[0xaa][0x9a][0x12]c[0x16]9[0xd6][0x9e][0xb0]zL[0x81]-g7[0xf8]i[0xa7],{([0x0]P[0x1f][0xfe][0x95]b[0x8][0xc6][0x1f][0xbb][0xce][0x4]e6[0xd3][0xa7][0xb5]3[0xc1][0x82]7[0x9a][0xb4]| h[0x96][0x16][0xcd][0x98][0xc1][0x93][0xb9]H[0xe5][0x98]m[0xa0][0xc7][0x8a][0x9a][0xde][0xbe][0xc6][0xe8]D[0x1a][0xf1][0x83]+[0xc0]sO.[0xb6][0x83][0x9b][0xa8][0x8][0xe7][0xb1][0xb0][0x12]E[0xdf][0xaa][0xd8]b[0xbc][0xbe][0x9a][0xda][0xda]O&[0xca][0x1a][0xaa]U[0xd1]S[0xfc]b[0xf][0xb1]o[0x1f][0x9b]T[0xc3][0xad][0xb1][0xaf]+~[0x99][0xf0][0x1d][0x93]5[0xa3]/[0x88][0xcd][0x81](.[0x1e]]$[0xdc]jK1[0xcc][0x86][0xfb][0xd5][0x0][0xa6]m[0xc5][0xe7]z![0x1b][0x11][0xfe][0xd6]![0xd2][0x1c][0x83][0xac][0xfc][0x15][0xcd]]V5([0x87]mL[0x11][0xa0][0x8e][0xf9][0xc9][0xc]y"
00:39:41.137 [main] DEBUG org.apache.http.wire --  << "$[0x19]x[0xcf][0xa3]&[0x9b][0xe]nr[0xf9][0x8d][0xdd][0x6][0x8c]E[0xe2][0xbe][0xb5]&[0xe7][0xae]oq[0xa0][0xd9][0xef]F[0x81]@B[0xb1]qe6[0xab][0xec][0x85][0xac][0xa7][0x92][0xf9][0xbd][0x91]L[0x7]([0xf][0xc7][0xbc]3lc[0xeb][0xf] [0xd1]-[0xfe][0x1d][0x9],[0xe8]![0xb4][0x81]z[0xcd][0xc1][0x80][0xbd][0xbb][0xbb][0xdc][0x9e][0xf3][0xbe][0xe3]h5[0xdd][0x93]Mq[0x6][[0xa2]c[0xaa][0xa8]Y[0x98][0xa2][0x1c][0xa7]U>ym[0xcc]#[0xb9][0x3]W:L9[0xfb][0x97]3[0xd5][0xad][0x90]:[0xec]i[0x1e][0xde]g[0x1a][0xe9]n[0x87][0x9d][0x93])[0xa5][0x2]rjY[0xa7][0xc][0xb2][0xc2][0xaa]0j[0xcd][0x1b][0xea][0x92][0xcb][0x3]u5[0xdd]EiX![0x85]3[0xc8][0x84][0x1d][0xab]B[0x81][0xa4][0xf1][0xa6][0x9]dT1[0xac][0x87]I[0xa4]s[0x92][0xe8][0xa0][0xa5][0x1b]v[0xda][0x94][0xbc][0x8b]j[0xeb]F,#S30[0x90][0xce][0xb5]8[0x96][0x9e]7[0xb0][0x84][0x18]Y[0xbb][0xa2]\[0xe8][0xea]Q[0x1f][0x81][0xbf][0xb4][0xcb][0xfa]3w[0x9][0x1][0x8c][0xfb][0xfc][0xa0][0xd2][0x4]"[TeYH[0xad][0xb5][0xe7][0xc6]#7i[0xeb][0xcb][0x82][0x98]mru[0xdc]9I[0x97][\n]"
00:39:41.138 [main] DEBUG org.apache.http.wire --  << "[0xf0][0xe5][0xeb]A[0x98]V[0xc2][0xfd][0xe1][0x6][0xab][0xf7][0xc][0xb3]s[0x4][0xb9][0xc5][0xfc][0x96][0xcf][0xb4][0xcf][0xd7].[0x9f][0xb9]*&[0x89]5[0x90]7[0x5]U[0x93][0xe3]tjO[0x1f][0xdb]3J[0x16][0x4][0xb1][0x1c]'[0xd2][0xf0]a[0xd1][0x9d][0xc]P[0x3]:[0xbb]l6[0xb3][0xfb][0x1c][0xa5][0xb4][0xcb][0xed][0x80]j[0x93][0xb9]^ab[0x88][0xa9][0xfc][0xef][0x19][0xa7][0x4]z[0xf9]S[0xfc](w[0xfd]M[0xb9][0xaf]]&[0x89][0xb5]Nf[0xc4][0x86]i[0x96]R[0xc6][0x8a]@[0xd0][0x19][0x9d][0xe5][0xe2][0x0][0x9c]n[0x8e][0xce][0xbd][0xb2][0xee]:[0x95][0x92]w6[0xc2][0x86]_[0x9c]=[0xba][0xb][0xcc][0xa0][0xd5]I[0xa9]t[0x0]6[0x97]t[0xab]e[0xb7][0x92][v[0x95][0x1d][0x1f]D[0xb6](e^[0xd7]&}R[0x1][0x7][0xa9]P[0x80][0xd7] [0x82]&[0xfe][0xaa][0xd4]U[0xe4]HH[0x8e][0xe7]<[0xfd][0xeb][0xe4]b<&[0x1d][0xc][0xb0]*[0x89][0x89][0x13]G^[0xd6][0xbe][0xda]uw[0x98][0xd5][0xb6][0x8d][0x9f][0xce]/[0x87][0x1][0xc9][0xc5]I[0x9e][0x17]u[0xf7][0xd6][0x98]s[0xa9][0xf0][0xa8][0x97][0xc3][0xb1][0xaf][0xd5][0xd7]v[0xa7][0x9a][0x14][0xed][0xfc]wG$[0xe8]D[0xe7][0x5]1>#[0xec]_rmM[0x13]|[[0xab][0xff][0xfe][0xb9][\r][0xad]\:[0xbc]+[0x99][0xaa][0xb8]7[0xf5]}[0x89][\r]L[0x15][0x84][0xc3]!S[0xb][0x83]q6K[0x82][0x17][0x6][0x0]K[0x80][0xcc][0xf2][0xe9]7`B[0xa0][0x12][0xa2][0x18][0xa0]9q)E[0x17][0xd0]eVS[0xb7][0x16]E[0xb1][0x1d]?f[0xe7]t[0xe8][0xed][0xc0][0xaf][0x8a]\v[0xc3]7[\r][\r][0xaf][0xc2]^[0x1c][0xdb][0x83][0xf7][0xdc][0xc3][0xd9][0xb7]mU[0xd7][0xb1][0xb5][0xe8][0xa8][0xa7][0x5]n[0xcb][0x93][0x84]6[0xae]n[0xfd][0x9f]:[0x8f][0xdc]d[0x11][\n]"
00:39:41.138 [main] DEBUG org.apache.http.wire --  << ""[0xbb][0xf6][0xd3][0x83][0xa1]([0x10][0xb]([0xc1]k[0xd3][0x9d]B[0xdd]l[0xf5][0xad][0xcf]QWtN[0x88][0xbf]w[0xf0][0xb7]),[0xe8][0xb0]4C[0xee]Cbp_8[0xd7]c[RI|[c[0xbf][0xc5][0xef][0x5][0x9][0xb0][0xa3]~[0xb5][0xa7][0x2]*bt[0x9][0x99]([0xa2][0x93][0xf3][0x89]>|[0xf0][0xdc]@[0xfe]hVxt[0xd8]A[0xd3][0xbc]R[0xf3]`!{[0x91]NO[0x82][0xb1][0xc9][0xf4][0xa7][0x14][0x8d]![0xed]fJ[0xdc]Z[0xe6]r[0x95][0xc6]WT[0x15][0xd5][0xeb]pII[0xa0][0xdd][0xfb]9-[0xb6][0xe9][0x10][0xd6][0xd2][0xc4][0x91][0x93][0xab][0xee]p[0xa9]8/[0xb6][0xc8][0x1d]t[0xb7][0xf1][0xbb]YG[0xd5]:[0xc0][0x0]0[0x95]O[0x1e][0x88][0x1d]M[0xeb]n[0xc9][0xbb]t[0xe0][0x19][0xb0]I[0xcb]dYj[0xcc][0xef][0x93][0xa6][0xd5][0xab][0x9e][0x9d]`[0x7][0xbc][0x8]f[0x8][0x92]l[0x1][0xed][0x95][0xf2][\r][0xef][0x6][0xf3][0xf2][0xc8]k[0x7][0xd2][0xca][0xa8]C[0xac][0xed][0xdc][0xa4][0xab][0xed][0xac][0xfa][0x99][0xe0]"'n[0x1a][0xfa][0x11][0xcc]<[0xed][0x4]L[0x11][0xd9][0xcd][0xc1][0xc0][0xa3][0xb6][0xb2]qX[0x4][0x95]`[0xe8][0x84][0x0][0xa5][0x12]\[0xca][0xbe][0xa6][0x8f][0x1b][0x93]\[0xa3][\r][0xb7]T[0xad]P[0x80][0x98][0x98]Z[0xae][0xe6][0xa8][0xdb]uyY[0xb9]i[0x85][0xd5][0x83]Oa[0xb9][0xb9][0xf5][0xc7][0x12][0xcd]|[0xaa]IY[0x1a][0x1a][0xdc][0x82][0xdf][0xe1][0x0][0x84]Rp[0xb5][0x1b]_[0x11][0x9d][0xb5]2h[0xcc][0x95][0xdf][0x9f][0x9c]t[0xe4][0xce]1rGks[0x0][0x18]o:.[0xa5]{E[0xe1][0x8e][0x9e][0xdd]b[0xdb][0xe4][0xdd]n[0xae][0xf5][0xf1][0xc]uD'[0xa5][0xd6]a[0xd8][0xdc][0x18]\mtc[0xb0][0xfe][0xc4][0x9c][0xd7][0x8d][0xdd][0x8][0x96][0x9f][0x1f]Fv*}[0x95]H[0xd7][0xf2](<[0x93][0x6]z,[0x99][0x9d][0x98][0x93]d[0x10]mj[0x9][0xe8][0xdb]qk[0xdb][0xee][0xcc][0xb8]h[0x7][0xd4][0x12]l[0x1e][0xcc][0x82][0xaf][0xc2][0xd0][0x85]B[0xba][0xc4]M[0x98]fG[0xaf]<:[0x8e][0xbf]S[0xd5]iE[0xf7][0xec][0xfc].[0xde][0xd6][0xa8]K^[0x8d][0xab]~[0xd1][0x88][0xe3]'[0xc2][0xd8][0xc9][0x17][0x8][0xab][0x8][0x2]jF[0x19][0xd8]W[0x8d][0x5][0xa1]f[0x96]Q[0x5][0xcc][0xe9][0xa6][0x91]^[0x1e][0xb1][0xd2][0xae][0xac][0x83][0xb2];[0xb5]?[0xac][0x9d][0x1c][0x1d][0xfe][0x80][0xde]/[0xb1]u[0x94]3*0[0xa0][0xe2][0xd3][0x1f]\[0x8d]@[0xd5]6[0x9c][0x90][0xd2][0x0][0x99]j[0xf]z[0x1b]3[0xed]f:[0xc9]k[0xb8][0x1e]ym1"[0xbe][0xe]l[0xdc]k[0xaa]P[0xe4][0xd7][0x8a][0xd6][0xf4]s[0xc2][0xea][0xf0][0xad]<[0xb0]I[0xee][0x8c]i[0xd7]t[0xa3][0x9f]1{O[0xad]"[0xe2]q[0xc2]wz[0xe7][0x5]:[0x88][0x2][0xd5][0x85]33[0xfe]q[0x94]>Zo[0xe0][0xe2][0x1f][0xe8]L;[0xd0][0x9e][0x80][0x89][0x9c]u[0x9c][`[0x7]c[0xf7]\{[0xf4]w[0xab]%'[0x6]GT[0x9f][0x85][0xbd]_[0xb4]V_[0x9a]^Z[0xd1]h[0x8d][0xca][0xbe][0xdd][0xcb][0x98](kT[0xd4][0xac][0xac][0xa3]S[0x89]h[0xdc][0xce]]&[0x8e]aS?[0xa5][0xd1]8[0xcc][0xe8][0x7][0xb0]f[0xb4][0x96]FX][0xa1][0xe6][0x93][0xd2][0xf9][0xa3][0xc3][0xa7]:[0xa1][0xcc][0x9d][0xb][0x9f]z[0xde][0x96][0xe6][0xf2]N[0x1d][0x16]=[0xba][0xb4]#[0x8e]>[0x91][0x1b]8[0x16]C_[0xb5][0xb6][0x81][0x8d][0xb9][0xfc]z[0xaf][0x6]E[0xf9][0x17][0xd6][0x80][0x1f][0x5][0xaf][0xdd])[0x18]I[0xff][0xa3][0xe1]-5d[0x81]W[0x8c][0x86][0x6][0xde][0x1a][0x1b]|[0x95][0x9]M[0x1c][0xc]3[0xe5][0xde][0xcd][0xef][0x1b][0xca][0x9f][0x8d][0xa4]:[0x9c]k[0x90][0xf9][0xd1]TNS[0xeb][0xee][0xec]d[0xfc][0xb7][0x83]2[0x9f][0xc3][0xb7][0xd4][0x9a][0x90]O[0xfb]h[0x9b][0x90][0xb8][0xc0]a"
00:39:41.139 [main] DEBUG org.apache.http.wire --  << "9[0x8a][0xf7]Ltm[0xe8]Qf[0xb3][0xc8][0xab]g)[0x6][0xd3]p[0xd8][0xdb][0xb7]4XF[0xca][0xa5][0xae]c[0x8a][0x8d]Rt[0xf0]%n[0xaf]O[0xe]m[0xe5][0xd7]![0xe6]T[0xc7][0x8a][0xd8][0xe6]e[0xb][0xec][0x96][0x4]m[0xfa][0xdf]A[0xc8]Q[0xb][0xb4][0xc6]~[0x8d]9[0xe]T1[0xeb][0x8e][0xac]W[0xf]^[0xd0][\n]"
00:39:41.140 [main] DEBUG org.apache.http.wire --  << "Q[0xaa]rf[0xf][0xd0][0xfa]*[0xd8][0x92][0x97][0xec][0xfd]pR%8A0[0x9b]/[0xd3]2\[0x92][0xa9][0xf8]g[0xdc][0xc2][0xc2]<a[0xf1][0x93][0x92][0xea]p[0xb3][0x1d]d[0x96]BD:[0xb8]D8k=[0xd9][0xf5][0xa8][0xb9]1[0xfc]C:71:H[0x8c][0xcf][0xf5][0xf3]6s[0x19][0xc4]#Q[0x83][0xac][0xd1][0xac][0xc1][0x9]E[0xa3][0x1][0x8c]d[0x1e][0xc7]X[0xd2]([0x96]U{[0xd8][0xfe]`d=[,[0xf5][0x96][0x9e][0x14][0xd5][0x93][0xde]Xp[0xbf][0xe1]*v/[0x1a][0xb8][0xd3]$[0x12][0xf6][0x9b]zq[0xfa][0x86][0xe3][0xac]=:[0xc3]V[0xcc][0xe1]2[0x1][0xe3]-8[0x85][0xad][0xd5][0xc7][0xee][0xbc][0x17]}W[0x85]d18[0xcc][0xc9][0xc8][0x15]Z[0x96]Z[0x11][0x12][0xa2]x[0x85][0x83]Z[0xe1][0xf4][0xe0][0x18][0x9b][0x10][0x8b][0xd5][0x1][0x8d][0xf0][0xcb][0x6](3[0x8e]_[0xf][0xa7]H[0xdb][0xe9][0xe6]|[0xfc][0x94][0xd1][0x96][0x8a]}[0xf2][0x9c][0x97]4[0xa1]$[0xbb]1c7[0xe6]T[0x3]0[0xdc]u[0xb5][0xc3][0xcb][0x8a][0x1e]a[0x99]F[0x8b]-[0x84][0xe7]N[0x19][0x8c]p'~L=[0xde]Iiux8[0x1d][0xbb]*/[0xaf][0xa7][0xf6],}[0x96]e[0x80][0xd2]BKC[0xa4]/h;mk[0xbb][0xf9]L[0xad]8[0x10].O[0xea][0xe3][0xf0][0x95]![0x8d][0xc1][0xb4]GE+[0x19][0x16][0xe1]Y[0x9e][0xd1][0x84]J[0x97][0x92]O[0xfc][0xbe][0xae]7[0xb5][0xf2][0xe8]Q[0xb4][0x2]][0xef][0x1][0xf6][0x83][0xa3][0x8e]N[0xad][0xa9][0x8d][0xa3][0xf5][0x8][0xc7]![0xc3]:[0xd6][0xda][0x1a][0xc7][0xae][0x2][0xd9][0x9e][0x7][0xe4][0x15]DQ[\r][0x19]e[0x92][0xac][0xfe]U[0xdf]B[0xbb][0x9c][0xe][0xe7][0xba]k[0xd3]B[0x16]f[0x8][0xfa][0xde][0xd9][0xe][0xce][0x83]1[0xca][0xd5]C[0xb][0x13]B[0xf0]HS5[0xa8][0x16][0xa1][0x83][0xbc][0xe1][0xa8]-S[0x1][0xce]^[0x80][0x1b][0xfd][0x1c][0x89][0x93][0x8b][0xe9]0-,F[0x1b][0xd9]V?[\n]"
00:39:41.140 [main] DEBUG org.apache.http.wire --  << "U[0xa7][0xfa][0xf4]@[0x97][0x83][0xf3]!B[0xce]i[0xaa][0x11][0xa1]4[0xb3]1[0x18]G[0xe1][0xdc]7[0xb8]n[0x9f]-n[0xc3]([0xb8]k[0xf][0xa5][0xe][0xee]=Jf?[0x87][0x98][0x83][0x93][0xb8][0xe3][0xe8][0x95][0xb2][0x9c][0xdf][0xd7]?[0xfb]S[0x12][0xae][0xd9][0xff] [0x1f]iO[0xf0]=j<[0x2][0x82][0xc4]G[0xf4]E[0x91][0xb1][0x8]l[0xe0][0xf6][0x1d]s[0x8d])[0x8]#Wi[0xcf][0xbc][0xaa][0xb9][0xed][0xdb][0xfc][0x9a][0x9e][0x19] [0xa5][0x14][0xdc]<Q([0x9][0xd0][0x86]3[0xb][0x7][0xfc][0xfc]h[0xdd][0x1f][0x1a]A[0xf4]'smz[0x8e]:[0xeb][0xd5]q[0xfa][0x92]8[0x5][0xfb][0xeb][0x2][0xaa][0x3]r[0xf2][0xb8][0xc0]%s[0x83][0xd1][0xe4][0x1b][0xbd][0x98][0xfb][0x11][0x1c]9$[0xb1][0xac][0xe8][0xb8]S[0x92][0xa2][0xc1]X[0xe9]k[0xf3][0x1][0xde][0xde]S[0xfd]Yg[0x97][0xdc]AJ[0x9f][0x9c][0xfd][0xcc][0xe7]7==[0x1e]c[0xdb][0x8d]s[0xa1]i![0xf7]W[0x8d]~[0xd8][0xbc][0x1e][\r][0x92]~)]m[0xdc][0x8f][\n]"
00:39:41.141 [main] DEBUG org.apache.http.wire --  << "c[0xdf][0x1d][0x96][0x99][0x8f]~3[0xac]Z[0xc5]V@25[0xad][0xb1]g[0x17][0xdc]!C;[0xbc][\n]"
00:39:41.141 [main] DEBUG org.apache.http.wire --  << "J[0x15]h[0xe2][0xf8]$[0xf1]<[0xbb]c>[0xab][0xe5]dE[0x0]6][0x12]x[0xb6]?[0xb4]R[0x2]rB/[0xea]b[0x80][0xba][0x9d][0x12]Y[0xf4]P[0x1d][0xcd][0xe3][0x17][0xeb][0xc9][0xf2]k][0xef][0x9a][0x1][0xdb][0xef][0xfd][0xe9][0x86]V([0x1d][0x6][0xd4][0xbc]zg[0xa9]z[0x86][0xe0]q[0xa9]*u9D[0x93][0x93][0xb9][0x1]i;[0xdf][0x9a][0xa3][0xfc][0xfc]"[0x87][0x8b][0x92][0xd1][0x6]f[0xd1]&[0x98]t[0xee][0x5][0xc2][0x97][0x94]3bL[0xa2][0xe9][0xb1][0x11][0xf3]Q[0xb6]Zj[0xd9][0xf0][0xea][0xae]E[0xaf][0x9b][0x8b]vR9:[0xd8][0x0]NN[0x95][0x11][0xce]KB[0xc4][0xd5][0xb3][0xbd][0xfe]p[0x88]G[0x9b][0x87]j[0xd6][0x1a][0xdb][0x95][0xff][0xa6][0xc7].[0xb3][0xa4][0xf4][0xcb][0x10]HT[0xa5]$Q[0xb1][0xe1]OP[0xeb][0xde][0x83][0xcc][0xf5][0x1f]h[0xe0][0xfb][0x93]2[0x8a]bJ[0xa7]"R[0xa4][0xd1]6[0x88]8,"[0x86][0xe1][0xcf][0xca][0xec][0xa0]yU[0x8f]m[0x91][0x95][0xd9][0xc9][0xe9][0xc2][0xbd][0xb5]3E[0x96]D[0xd9][0xa9][0xf9][0xfd]|[0x89][0x9f][0xcd][0x97][0xfc][\r][\n]"
00:39:41.141 [main] DEBUG org.apache.http.wire --  << "[0xde][0x8c] [0x94]uI[0x1a][0x8b][0xbe]f[0xa7]Hd[0xe6][0xc6][0x93][m[0xb4][0xb4][0xea]'[0xde][0xb][0xe4]RCjz[0xf2][0xf9][0xf2][0xf]|[0xb4]B8<[0xb0][0xcb][0xca][0xed][w[0xac]n[0xce][0x1f][0x8e]N[0xed][0xe2][0xb7]J:[0xa2]F[0xe5][0xed][0xe9][0xea][0x8d][0xa2]H[0xb5][0xeb][0x94][0x16][0xde]H#P[0x8a][0x18][0xf1]wK[0xf0][0x89]4[0xbf][0xb3][0xf9][0xd1][0xd4]z*T d[0xaf]([0xed][0xff]>[0xc4]n[0xf0][0xe4]~[0x94][0x8c]A[0xe4][0xb][0xa2][0xdc]Yav[0xa8]3q[0x4]-([0xa9][0x9d][0xed][0xe5][0xb1][0x8e]O[0xf7][0x11][0x8b][0xf5][0x9c][0xe9]_?[0xb1])[0x94]8[0xca][0xc0][0xd9]![0x92][0xfc][0x86][0xdc][0xda][0x98][0xa3]<[0xc1][0xaf]Ij:[0xe1][0xde][0x8f]]?[0xed]d:[0x1c][0x9a]S[0x9c]q[0xb5]3[0xff]L[0xb][0xfd][0xd5]|[0xb0][0xf2][0xb0][0xf4]-[0xcc][0x99]U[0x7][0x9b][0x83]@[0xc5]9`J[0x80][0xf]q[0xb4]n[0xf1][0x84]H[0x2]M[0xd5]H+1[0x6][0x81][0x0][0xde][0xf4]([0xeb][0x9f]%9[0xb7][0xda][0x1f][0xe8][0xb1][0xe6][0xaa][0xa3][0xc2][0x89][0x1c])[0xfe][0xd7]ut[0x9c][0xa3]K(2[0xd1][0xa4]-RC[0xfb][0x87]k[0xb0][0xa9]z[0xa6]a[0xf4]?H[0xe8][0xb4][0x5][0x88],[0x18]U[0x2][0x9d][0xf3][0xf6][0xc2][0xbf]G=*[0xc5][0x1f][0xf1]2[0xa9]7[0xc0][0x80][0x92][0xdc][0xd2][0xbc][0xc3][0xbf][0xfe][0xfb][0xff][0x1]:=[0x9c][0xeb][0x80]k[0x0][0x0]"
00:39:41.141 [main] DEBUG org.apache.http.wire --  << "[\r][\n]"
00:39:41.142 [main] DEBUG org.apache.http.wire --  << "0[\r][\n]"
00:39:41.142 [main] DEBUG org.apache.http.wire --  << "[\r][\n]"
00:39:41.142 [main] DEBUG io.restassured.internal.RestAssuredHttpBuilder -- Parsed data to instance of: class org.apache.http.conn.EofSensorInputStream
00:39:41.368 [main] DEBUG org.apache.http.impl.conn.BasicClientConnectionManager -- Releasing connection org.apache.http.impl.conn.ManagedClientConnectionImpl@5814b4fb
00:39:41.368 [main] DEBUG org.apache.http.impl.conn.BasicClientConnectionManager -- Connection can be kept alive indefinitely
00:39:41.589 [main] DEBUG net.thucydides.core.steps.StepInterceptor -- STEP DONE: sendRequstGETALLHttp
  &amp#27;[32mWhen &amp#27;[0m&amp#27;[32msend the HTTP Request GET ALL user&amp#27;[0m       &amp#27;[90m# starter.user.UserSteps.sendRequestOfGETALL()&amp#27;[0m
00:39:41.615 [main] DEBUG net.thucydides.core.steps.StepInterceptor -- STARTING STEP: UserSteps.verifiedCode200GETALL - getResponseCodeGETALL
00:39:41.709 [main] DEBUG net.thucydides.core.steps.StepInterceptor -- STEP DONE: getResponseCodeGETALL
  &amp#27;[32mThen &amp#27;[0m&amp#27;[32mi got verify code 200&amp#27;[0m                    &amp#27;[90m# starter.user.UserSteps.verifiedCode200GETALL()&amp#27;[0m
00:39:41.728 [main] DEBUG net.thucydides.core.steps.StepInterceptor -- STARTING STEP: UserSteps.checkContentGETALL - verifyContentGETALL
00:39:44.651 [main] DEBUG net.thucydides.core.steps.StepInterceptor -- STEP DONE: verifyContentGETALL
  &amp#27;[32mAnd &amp#27;[0m&amp#27;[32mI try to check content of get all by id 1&amp#27;[0m &amp#27;[90m# starter.user.UserSteps.checkContentGETALL()&amp#27;[0m
00:39:44.670 [main] INFO  -- 
  _____   ___   ___   _____     ___     _     ___   ___   ___   ___  
 |_   _| | __| / __| |_   _|   | _ \   /_\   / __| / __| | __| |   \ 
   | |   | _|  \__ \   | |     |  _/  / _ \  \__ \ \__ \ | _|  | |) |
   |_|   |___| |___/   |_|     |_|   /_/ \_\ |___/ |___/ |___| |___/ 

GET ALL data user
----------------------------------------------------------------------
]]></system-out>
  </testcase>
  <testcase name="get all data user with parameter method" classname="User Data" time="0.756">
    <system-out><![CDATA[
Scenario: get all data user with parameter method     &amp#27;[90m# src/test/resources/features/User.feature:12&amp#27;[0m
00:39:44.755 [main] DEBUG io.cucumber.core.plugin.SerenityReporter -- Running feature from file:///D:/Intelij/REST%20API/JSON%20Assured/src/test/resources/features/User.feature
00:39:44.766 [main] INFO  -- 
  _____   ___   ___   _____     ___   _____     _     ___   _____   ___   ___  
 |_   _| | __| / __| |_   _|   / __| |_   _|   /_\   | _ \ |_   _| | __| |   \ 
   | |   | _|  \__ \   | |     \__ \   | |    / _ \  |   /   | |   | _|  | |) |
   |_|   |___| |___/   |_|     |___/   |_|   /_/ \_\ |_|_\   |_|   |___| |___/ 

get all data user with parameter method(user-data;get-all-data-user-with-parameter-method)
--------------------------------------------------------------------------------
00:39:44.911 [main] DEBUG net.thucydides.core.steps.StepInterceptor -- STARTING STEP: UserSteps.setRequestInvalidGETALL - setInvalidGETALLEndpoint
00:39:44.913 [main] DEBUG net.thucydides.core.steps.StepInterceptor -- STEP DONE: setInvalidGETALLEndpoint
  &amp#27;[32mGiven &amp#27;[0m&amp#27;[32mI set to get all user with parameter endpoint&amp#27;[0m &amp#27;[90m# starter.user.UserSteps.setRequestInvalidGETALL()&amp#27;[0m
00:39:44.931 [main] DEBUG net.thucydides.core.steps.StepInterceptor -- STARTING STEP: UserSteps.sendRequestInvalidGETALL - sendRequestInvalidGETALL
00:39:44.955 [main] DEBUG net.thucydides.core.steps.StepInterceptor -- STARTING STEP: GetAllNegative.sendRequestInvalidGETALL - setInvalidGETALLEndpoint
00:39:44.956 [main] DEBUG net.thucydides.core.steps.StepInterceptor -- STEP DONE: setInvalidGETALLEndpoint
00:39:45.050 [main] DEBUG org.apache.http.impl.conn.BasicClientConnectionManager -- Get connection for route {s}->https://jsonplaceholder.typicode.com:443
00:39:45.051 [main] DEBUG org.apache.http.impl.conn.DefaultClientConnectionOperator -- Connecting to jsonplaceholder.typicode.com:443
00:39:45.287 [main] DEBUG org.apache.http.client.protocol.RequestAddCookies -- CookieSpec selected: ignoreCookies
00:39:45.287 [main] DEBUG org.apache.http.client.protocol.RequestAuthCache -- Auth cache not set in the context
00:39:45.287 [main] DEBUG org.apache.http.client.protocol.RequestTargetAuthentication -- Target auth state: UNCHALLENGED
00:39:45.287 [main] DEBUG org.apache.http.client.protocol.RequestProxyAuthentication -- Proxy auth state: UNCHALLENGED
00:39:45.288 [main] DEBUG org.apache.http.impl.client.DefaultHttpClient -- Attempt 1 to execute request
00:39:45.288 [main] DEBUG org.apache.http.impl.conn.DefaultClientConnection -- Sending request: GET /posts?id=all HTTP/1.1
00:39:45.289 [main] DEBUG org.apache.http.wire --  >> "GET /posts?id=all HTTP/1.1[\r][\n]"
00:39:45.289 [main] DEBUG org.apache.http.wire --  >> "Accept: */*[\r][\n]"
00:39:45.289 [main] DEBUG org.apache.http.wire --  >> "Host: jsonplaceholder.typicode.com[\r][\n]"
00:39:45.289 [main] DEBUG org.apache.http.wire --  >> "Connection: Keep-Alive[\r][\n]"
00:39:45.289 [main] DEBUG org.apache.http.wire --  >> "User-Agent: Apache-HttpClient/4.5.13 (Java/20)[\r][\n]"
00:39:45.289 [main] DEBUG org.apache.http.wire --  >> "Accept-Encoding: gzip,deflate[\r][\n]"
00:39:45.289 [main] DEBUG org.apache.http.wire --  >> "[\r][\n]"
00:39:45.289 [main] DEBUG org.apache.http.headers -- >> GET /posts?id=all HTTP/1.1
00:39:45.289 [main] DEBUG org.apache.http.headers -- >> Accept: */*
00:39:45.289 [main] DEBUG org.apache.http.headers -- >> Host: jsonplaceholder.typicode.com
00:39:45.289 [main] DEBUG org.apache.http.headers -- >> Connection: Keep-Alive
00:39:45.291 [main] DEBUG org.apache.http.headers -- >> User-Agent: Apache-HttpClient/4.5.13 (Java/20)
00:39:45.291 [main] DEBUG org.apache.http.headers -- >> Accept-Encoding: gzip,deflate
00:39:45.380 [main] DEBUG org.apache.http.wire --  << "HTTP/1.1 200 OK[\r][\n]"
00:39:45.380 [main] DEBUG org.apache.http.wire --  << "Date: Sun, 16 Apr 2023 17:39:45 GMT[\r][\n]"
00:39:45.380 [main] DEBUG org.apache.http.wire --  << "Content-Type: application/json; charset=utf-8[\r][\n]"
00:39:45.380 [main] DEBUG org.apache.http.wire --  << "Content-Length: 2[\r][\n]"
00:39:45.380 [main] DEBUG org.apache.http.wire --  << "Connection: keep-alive[\r][\n]"
00:39:45.380 [main] DEBUG org.apache.http.wire --  << "X-Powered-By: Express[\r][\n]"
00:39:45.380 [main] DEBUG org.apache.http.wire --  << "X-Ratelimit-Limit: 1000[\r][\n]"
00:39:45.381 [main] DEBUG org.apache.http.wire --  << "X-Ratelimit-Remaining: 999[\r][\n]"
00:39:45.381 [main] DEBUG org.apache.http.wire --  << "X-Ratelimit-Reset: 1681659994[\r][\n]"
00:39:45.381 [main] DEBUG org.apache.http.wire --  << "Vary: Origin, Accept-Encoding[\r][\n]"
00:39:45.381 [main] DEBUG org.apache.http.wire --  << "Access-Control-Allow-Credentials: true[\r][\n]"
00:39:45.381 [main] DEBUG org.apache.http.wire --  << "Cache-Control: max-age=43200[\r][\n]"
00:39:45.381 [main] DEBUG org.apache.http.wire --  << "Pragma: no-cache[\r][\n]"
00:39:45.381 [main] DEBUG org.apache.http.wire --  << "Expires: -1[\r][\n]"
00:39:45.381 [main] DEBUG org.apache.http.wire --  << "X-Content-Type-Options: nosniff[\r][\n]"
00:39:45.382 [main] DEBUG org.apache.http.wire --  << "Etag: W/"2-l9Fw4VUO7kr8CvBlt4zaMCqXZ0w"[\r][\n]"
00:39:45.382 [main] DEBUG org.apache.http.wire --  << "Via: 1.1 vegur[\r][\n]"
00:39:45.382 [main] DEBUG org.apache.http.wire --  << "CF-Cache-Status: HIT[\r][\n]"
00:39:45.382 [main] DEBUG org.apache.http.wire --  << "Age: 6809[\r][\n]"
00:39:45.382 [main] DEBUG org.apache.http.wire --  << "Accept-Ranges: bytes[\r][\n]"
00:39:45.382 [main] DEBUG org.apache.http.wire --  << "Report-To: {"endpoints":[{"url":"https:\/\/a.nel.cloudflare.com\/report\/v3?s=9nDdD03mLgYsrsrEgTshxILvzUxdXvZ%2Bl8sLnpzynNung9JaTlpmKUsY6grM2MEEWkR%2BqqaybP%2FZv6QuG5UO%2BId9vZLvnr5hRm8KHFOdhkzXycam4w92BCWIvfVcJh4rEmh76Ry65V%2B5s95bqwUo"}],"group":"cf-nel","max_age":604800}[\r][\n]"
00:39:45.382 [main] DEBUG org.apache.http.wire --  << "NEL: {"success_fraction":0,"report_to":"cf-nel","max_age":604800}[\r][\n]"
00:39:45.382 [main] DEBUG org.apache.http.wire --  << "Server: cloudflare[\r][\n]"
00:39:45.382 [main] DEBUG org.apache.http.wire --  << "CF-RAY: 7b8e35a0faf9a196-SIN[\r][\n]"
00:39:45.382 [main] DEBUG org.apache.http.wire --  << "alt-svc: h3=":443"; ma=86400, h3-29=":443"; ma=86400[\r][\n]"
00:39:45.382 [main] DEBUG org.apache.http.wire --  << "[\r][\n]"
00:39:45.383 [main] DEBUG org.apache.http.impl.conn.DefaultClientConnection -- Receiving response: HTTP/1.1 200 OK
00:39:45.383 [main] DEBUG org.apache.http.headers -- << HTTP/1.1 200 OK
00:39:45.383 [main] DEBUG org.apache.http.headers -- << Date: Sun, 16 Apr 2023 17:39:45 GMT
00:39:45.383 [main] DEBUG org.apache.http.headers -- << Content-Type: application/json; charset=utf-8
00:39:45.383 [main] DEBUG org.apache.http.headers -- << Content-Length: 2
00:39:45.383 [main] DEBUG org.apache.http.headers -- << Connection: keep-alive
00:39:45.383 [main] DEBUG org.apache.http.headers -- << X-Powered-By: Express
00:39:45.383 [main] DEBUG org.apache.http.headers -- << X-Ratelimit-Limit: 1000
00:39:45.383 [main] DEBUG org.apache.http.headers -- << X-Ratelimit-Remaining: 999
00:39:45.383 [main] DEBUG org.apache.http.headers -- << X-Ratelimit-Reset: 1681659994
00:39:45.383 [main] DEBUG org.apache.http.headers -- << Vary: Origin, Accept-Encoding
00:39:45.383 [main] DEBUG org.apache.http.headers -- << Access-Control-Allow-Credentials: true
00:39:45.383 [main] DEBUG org.apache.http.headers -- << Cache-Control: max-age=43200
00:39:45.383 [main] DEBUG org.apache.http.headers -- << Pragma: no-cache
00:39:45.384 [main] DEBUG org.apache.http.headers -- << Expires: -1
00:39:45.384 [main] DEBUG org.apache.http.headers -- << X-Content-Type-Options: nosniff
00:39:45.384 [main] DEBUG org.apache.http.headers -- << Etag: W/"2-l9Fw4VUO7kr8CvBlt4zaMCqXZ0w"
00:39:45.384 [main] DEBUG org.apache.http.headers -- << Via: 1.1 vegur
00:39:45.384 [main] DEBUG org.apache.http.headers -- << CF-Cache-Status: HIT
00:39:45.384 [main] DEBUG org.apache.http.headers -- << Age: 6809
00:39:45.384 [main] DEBUG org.apache.http.headers -- << Accept-Ranges: bytes
00:39:45.384 [main] DEBUG org.apache.http.headers -- << Report-To: {"endpoints":[{"url":"https:\/\/a.nel.cloudflare.com\/report\/v3?s=9nDdD03mLgYsrsrEgTshxILvzUxdXvZ%2Bl8sLnpzynNung9JaTlpmKUsY6grM2MEEWkR%2BqqaybP%2FZv6QuG5UO%2BId9vZLvnr5hRm8KHFOdhkzXycam4w92BCWIvfVcJh4rEmh76Ry65V%2B5s95bqwUo"}],"group":"cf-nel","max_age":604800}
00:39:45.384 [main] DEBUG org.apache.http.headers -- << NEL: {"success_fraction":0,"report_to":"cf-nel","max_age":604800}
00:39:45.384 [main] DEBUG org.apache.http.headers -- << Server: cloudflare
00:39:45.384 [main] DEBUG org.apache.http.headers -- << CF-RAY: 7b8e35a0faf9a196-SIN
00:39:45.384 [main] DEBUG org.apache.http.headers -- << alt-svc: h3=":443"; ma=86400, h3-29=":443"; ma=86400
00:39:45.385 [main] DEBUG org.apache.http.impl.client.DefaultHttpClient -- Connection can be kept alive indefinitely
00:39:45.385 [main] DEBUG io.restassured.internal.RestAssuredHttpBuilder -- Parsing response as: application/json; charset=utf-8
00:39:45.385 [main] DEBUG io.restassured.internal.RestAssuredHttpBuilder -- Parsed data to instance of: class org.apache.http.conn.EofSensorInputStream
00:39:45.391 [main] DEBUG org.apache.http.wire --  << "[]"
00:39:45.391 [main] DEBUG org.apache.http.impl.conn.BasicClientConnectionManager -- Releasing connection org.apache.http.impl.conn.ManagedClientConnectionImpl@11174bf
00:39:45.391 [main] DEBUG org.apache.http.impl.conn.BasicClientConnectionManager -- Connection can be kept alive indefinitely
00:39:45.393 [main] DEBUG net.thucydides.core.steps.StepInterceptor -- STEP DONE: sendRequestInvalidGETALL
  &amp#27;[32mWhen &amp#27;[0m&amp#27;[32mI send that request to get all data user&amp#27;[0m       &amp#27;[90m# starter.user.UserSteps.sendRequestInvalidGETALL()&amp#27;[0m
00:39:45.405 [main] DEBUG net.thucydides.core.steps.StepInterceptor -- STARTING STEP: UserSteps.receiveCodeInvalidGETALL - receiveresponseGETALL
00:39:45.409 [main] DEBUG net.thucydides.core.steps.StepInterceptor -- STEP DONE: receiveresponseGETALL
  &amp#27;[32mThen &amp#27;[0m&amp#27;[32mI receive response code HTTP&amp#27;[0m                   &amp#27;[90m# starter.user.UserSteps.receiveCodeInvalidGETALL()&amp#27;[0m
00:39:45.418 [main] DEBUG net.thucydides.core.steps.StepInterceptor -- STARTING STEP: UserSteps.checkBodyInvalidGETALL - tryCehckBodyGETALL
00:39:45.442 [main] DEBUG net.thucydides.core.steps.StepInterceptor -- STEP DONE: tryCehckBodyGETALL
  &amp#27;[32mAnd &amp#27;[0m&amp#27;[32mI try to check the body&amp#27;[0m                         &amp#27;[90m# starter.user.UserSteps.checkBodyInvalidGETALL()&amp#27;[0m
00:39:45.448 [main] INFO  -- 
  _____   ___   ___   _____     ___     _     ___   ___   ___   ___  
 |_   _| | __| / __| |_   _|   | _ \   /_\   / __| / __| | __| |   \ 
   | |   | _|  \__ \   | |     |  _/  / _ \  \__ \ \__ \ | _|  | |) |
   |_|   |___| |___/   |_|     |_|   /_/ \_\ |___/ |___/ |___| |___/ 

get all data user with parameter method
----------------------------------------------------------------------
]]></system-out>
  </testcase>
  <testcase name="GET data as admin able to get detail data user" classname="User Data" time="1.107">
    <system-out><![CDATA[
Scenario: GET data as admin able to get detail data user &amp#27;[90m# src/test/resources/features/User.feature:18&amp#27;[0m
00:39:45.467 [main] DEBUG io.cucumber.core.plugin.SerenityReporter -- Running feature from file:///D:/Intelij/REST%20API/JSON%20Assured/src/test/resources/features/User.feature
00:39:45.473 [main] INFO  -- 
  _____   ___   ___   _____     ___   _____     _     ___   _____   ___   ___  
 |_   _| | __| / __| |_   _|   / __| |_   _|   /_\   | _ \ |_   _| | __| |   \ 
   | |   | _|  \__ \   | |     \__ \   | |    / _ \  |   /   | |   | _|  | |) |
   |_|   |___| |___/   |_|     |___/   |_|   /_/ \_\ |_|_\   |_|   |___| |___/ 

GET data as admin able to get detail data user(user-data;get-data-as-admin-able-to-get-detail-data-user)
--------------------------------------------------------------------------------
00:39:45.578 [main] DEBUG net.thucydides.core.steps.StepInterceptor -- STARTING STEP: UserSteps.setToGetEndpoints - I set GET api endpoint
00:39:45.579 [main] DEBUG net.thucydides.core.steps.StepInterceptor -- STEP DONE: I set GET api endpoint
  &amp#27;[32mGiven &amp#27;[0m&amp#27;[32mI set GET api endpoint&amp#27;[0m                           &amp#27;[90m# starter.user.UserSteps.setToGetEndpoints()&amp#27;[0m
00:39:45.588 [main] DEBUG net.thucydides.core.steps.StepInterceptor -- STARTING STEP: UserSteps.sendGetHttpReq - I send GET HTTP request
00:39:45.593 [main] DEBUG net.thucydides.core.steps.StepInterceptor -- STARTING STEP: GET.sendGetHttpRequest - I set GET api endpoint
00:39:45.593 [main] DEBUG net.thucydides.core.steps.StepInterceptor -- STEP DONE: I set GET api endpoint
00:39:45.641 [main] DEBUG org.apache.http.impl.conn.BasicClientConnectionManager -- Get connection for route {s}->https://jsonplaceholder.typicode.com:443
00:39:45.641 [main] DEBUG org.apache.http.impl.conn.DefaultClientConnectionOperator -- Connecting to jsonplaceholder.typicode.com:443
00:39:45.869 [main] DEBUG org.apache.http.client.protocol.RequestAddCookies -- CookieSpec selected: ignoreCookies
00:39:45.869 [main] DEBUG org.apache.http.client.protocol.RequestAuthCache -- Auth cache not set in the context
00:39:45.869 [main] DEBUG org.apache.http.client.protocol.RequestTargetAuthentication -- Target auth state: UNCHALLENGED
00:39:45.869 [main] DEBUG org.apache.http.client.protocol.RequestProxyAuthentication -- Proxy auth state: UNCHALLENGED
00:39:45.869 [main] DEBUG org.apache.http.impl.client.DefaultHttpClient -- Attempt 1 to execute request
00:39:45.869 [main] DEBUG org.apache.http.impl.conn.DefaultClientConnection -- Sending request: GET /posts?id=4 HTTP/1.1
00:39:45.869 [main] DEBUG org.apache.http.wire --  >> "GET /posts?id=4 HTTP/1.1[\r][\n]"
00:39:45.869 [main] DEBUG org.apache.http.wire --  >> "Accept: */*[\r][\n]"
00:39:45.869 [main] DEBUG org.apache.http.wire --  >> "Host: jsonplaceholder.typicode.com[\r][\n]"
00:39:45.869 [main] DEBUG org.apache.http.wire --  >> "Connection: Keep-Alive[\r][\n]"
00:39:45.870 [main] DEBUG org.apache.http.wire --  >> "User-Agent: Apache-HttpClient/4.5.13 (Java/20)[\r][\n]"
00:39:45.870 [main] DEBUG org.apache.http.wire --  >> "Accept-Encoding: gzip,deflate[\r][\n]"
00:39:45.870 [main] DEBUG org.apache.http.wire --  >> "[\r][\n]"
00:39:45.870 [main] DEBUG org.apache.http.headers -- >> GET /posts?id=4 HTTP/1.1
00:39:45.870 [main] DEBUG org.apache.http.headers -- >> Accept: */*
00:39:45.870 [main] DEBUG org.apache.http.headers -- >> Host: jsonplaceholder.typicode.com
00:39:45.870 [main] DEBUG org.apache.http.headers -- >> Connection: Keep-Alive
00:39:45.870 [main] DEBUG org.apache.http.headers -- >> User-Agent: Apache-HttpClient/4.5.13 (Java/20)
00:39:45.870 [main] DEBUG org.apache.http.headers -- >> Accept-Encoding: gzip,deflate
00:39:46.457 [main] DEBUG org.apache.http.wire --  << "HTTP/1.1 200 OK[\r][\n]"
00:39:46.457 [main] DEBUG org.apache.http.wire --  << "Date: Sun, 16 Apr 2023 17:39:46 GMT[\r][\n]"
00:39:46.457 [main] DEBUG org.apache.http.wire --  << "Content-Type: application/json; charset=utf-8[\r][\n]"
00:39:46.457 [main] DEBUG org.apache.http.wire --  << "Transfer-Encoding: chunked[\r][\n]"
00:39:46.457 [main] DEBUG org.apache.http.wire --  << "Connection: keep-alive[\r][\n]"
00:39:46.457 [main] DEBUG org.apache.http.wire --  << "X-Powered-By: Express[\r][\n]"
00:39:46.457 [main] DEBUG org.apache.http.wire --  << "X-Ratelimit-Limit: 1000[\r][\n]"
00:39:46.457 [main] DEBUG org.apache.http.wire --  << "X-Ratelimit-Remaining: 999[\r][\n]"
00:39:46.457 [main] DEBUG org.apache.http.wire --  << "X-Ratelimit-Reset: 1681633654[\r][\n]"
00:39:46.457 [main] DEBUG org.apache.http.wire --  << "Vary: Origin, Accept-Encoding[\r][\n]"
00:39:46.457 [main] DEBUG org.apache.http.wire --  << "Access-Control-Allow-Credentials: true[\r][\n]"
00:39:46.457 [main] DEBUG org.apache.http.wire --  << "Cache-Control: max-age=43200[\r][\n]"
00:39:46.458 [main] DEBUG org.apache.http.wire --  << "Pragma: no-cache[\r][\n]"
00:39:46.458 [main] DEBUG org.apache.http.wire --  << "Expires: -1[\r][\n]"
00:39:46.458 [main] DEBUG org.apache.http.wire --  << "X-Content-Type-Options: nosniff[\r][\n]"
00:39:46.458 [main] DEBUG org.apache.http.wire --  << "Etag: W/"11e-lZdYCHyd4/LNm4CavUAHR7Sp8/o"[\r][\n]"
00:39:46.458 [main] DEBUG org.apache.http.wire --  << "Via: 1.1 vegur[\r][\n]"
00:39:46.458 [main] DEBUG org.apache.http.wire --  << "CF-Cache-Status: REVALIDATED[\r][\n]"
00:39:46.458 [main] DEBUG org.apache.http.wire --  << "Report-To: {"endpoints":[{"url":"https:\/\/a.nel.cloudflare.com\/report\/v3?s=NTjKRFt0TINy2Seqf2ck7IRqj8%2BYDX8ejhnZI7gvLpSqouJl%2BsojC4tzkVzgK4loPodYUSBm3ly6xZ2MiycVd3qLLy6RunMD8kMNzFf7j9ua2NBvOmSN6%2FGDNvCrd91%2BYr9ayboaL5fgvYKV5ode"}],"group":"cf-nel","max_age":604800}[\r][\n]"
00:39:46.458 [main] DEBUG org.apache.http.wire --  << "NEL: {"success_fraction":0,"report_to":"cf-nel","max_age":604800}[\r][\n]"
00:39:46.458 [main] DEBUG org.apache.http.wire --  << "Server: cloudflare[\r][\n]"
00:39:46.459 [main] DEBUG org.apache.http.wire --  << "CF-RAY: 7b8e35a478523e3e-SIN[\r][\n]"
00:39:46.459 [main] DEBUG org.apache.http.wire --  << "Content-Encoding: gzip[\r][\n]"
00:39:46.459 [main] DEBUG org.apache.http.wire --  << "alt-svc: h3=":443"; ma=86400, h3-29=":443"; ma=86400[\r][\n]"
00:39:46.459 [main] DEBUG org.apache.http.wire --  << "[\r][\n]"
00:39:46.459 [main] DEBUG org.apache.http.impl.conn.DefaultClientConnection -- Receiving response: HTTP/1.1 200 OK
00:39:46.459 [main] DEBUG org.apache.http.headers -- << HTTP/1.1 200 OK
00:39:46.459 [main] DEBUG org.apache.http.headers -- << Date: Sun, 16 Apr 2023 17:39:46 GMT
00:39:46.459 [main] DEBUG org.apache.http.headers -- << Content-Type: application/json; charset=utf-8
00:39:46.459 [main] DEBUG org.apache.http.headers -- << Transfer-Encoding: chunked
00:39:46.459 [main] DEBUG org.apache.http.headers -- << Connection: keep-alive
00:39:46.459 [main] DEBUG org.apache.http.headers -- << X-Powered-By: Express
00:39:46.459 [main] DEBUG org.apache.http.headers -- << X-Ratelimit-Limit: 1000
00:39:46.459 [main] DEBUG org.apache.http.headers -- << X-Ratelimit-Remaining: 999
00:39:46.459 [main] DEBUG org.apache.http.headers -- << X-Ratelimit-Reset: 1681633654
00:39:46.459 [main] DEBUG org.apache.http.headers -- << Vary: Origin, Accept-Encoding
00:39:46.459 [main] DEBUG org.apache.http.headers -- << Access-Control-Allow-Credentials: true
00:39:46.459 [main] DEBUG org.apache.http.headers -- << Cache-Control: max-age=43200
00:39:46.459 [main] DEBUG org.apache.http.headers -- << Pragma: no-cache
00:39:46.459 [main] DEBUG org.apache.http.headers -- << Expires: -1
00:39:46.459 [main] DEBUG org.apache.http.headers -- << X-Content-Type-Options: nosniff
00:39:46.459 [main] DEBUG org.apache.http.headers -- << Etag: W/"11e-lZdYCHyd4/LNm4CavUAHR7Sp8/o"
00:39:46.459 [main] DEBUG org.apache.http.headers -- << Via: 1.1 vegur
00:39:46.459 [main] DEBUG org.apache.http.headers -- << CF-Cache-Status: REVALIDATED
00:39:46.459 [main] DEBUG org.apache.http.headers -- << Report-To: {"endpoints":[{"url":"https:\/\/a.nel.cloudflare.com\/report\/v3?s=NTjKRFt0TINy2Seqf2ck7IRqj8%2BYDX8ejhnZI7gvLpSqouJl%2BsojC4tzkVzgK4loPodYUSBm3ly6xZ2MiycVd3qLLy6RunMD8kMNzFf7j9ua2NBvOmSN6%2FGDNvCrd91%2BYr9ayboaL5fgvYKV5ode"}],"group":"cf-nel","max_age":604800}
00:39:46.459 [main] DEBUG org.apache.http.headers -- << NEL: {"success_fraction":0,"report_to":"cf-nel","max_age":604800}
00:39:46.459 [main] DEBUG org.apache.http.headers -- << Server: cloudflare
00:39:46.459 [main] DEBUG org.apache.http.headers -- << CF-RAY: 7b8e35a478523e3e-SIN
00:39:46.459 [main] DEBUG org.apache.http.headers -- << Content-Encoding: gzip
00:39:46.459 [main] DEBUG org.apache.http.headers -- << alt-svc: h3=":443"; ma=86400, h3-29=":443"; ma=86400
00:39:46.460 [main] DEBUG org.apache.http.impl.client.DefaultHttpClient -- Connection can be kept alive indefinitely
00:39:46.461 [main] DEBUG io.restassured.internal.RestAssuredHttpBuilder -- Parsing response as: application/json; charset=utf-8
00:39:46.461 [main] DEBUG org.apache.http.wire --  << "c8[\r][\n]"
00:39:46.461 [main] DEBUG org.apache.http.wire --  << "[0x1f][0x8b][0x8][0x0][0x0][0x0][0x0][0x0][0x0][0x3]M[0xce];j[0x4]A[0xc][0x4][0xd0]|NQt[0xec][0xc4][0xe0]ho[0xe0]3x[0x1d][0xc8][0xdd][0x5][0x16][0xf4]o[[0xd2][0x80]1{w3[0xb3][0x1b]8,[0xe9][0x95][0xd0][0xc7][0x6][0xfc]n[0x0][0x90][0xc2][0xb8][0xde]K[0xba][0xe0][0xf5][0xe5]1[0xd0]#[0xbc]=[0x83][0xab]W[0xa6][0xb][0x12][0xa3][0x81][0xe][0x9a]c[0xe4],[0xcc][0xe2][0x9a][0x9e][0xe8]k[0x94][0x9f][0xc3]D[0xad]r*[0x13]NbQ[0xb3][0xb2][0x17]5[0xec][0xa3][0xc6]tq6H[0xd1][0xa9][0x96][0xf5][0xda]M[0x1d][0xd2][0xe8][0x90]8[0x17]f[0xd1][0xd8][0x8b]`[0xae][0xb1]kaw,[0xae]h[0xc8]Q[0xa7]\[0xfb]-[0xd4][0xf0][0xad][0x19]y[0xb4]6[0x8a][0xa2][0xd3][0xb2][0xc6][0xc9][0x1a][0x9c][0x9d][0x1e][0xb]e[0xd4][0xb1][0xd8]nA[0xe8]4i[0xd0]X|[0x96][0xed][0xc0][0xff]~y[0x9c][0xd7]Z[0x7]vV[0xf5][0xb4][0x1][0xf7][0xed][0xf3][0xf]*[0xb6]bc[0x1e][0x1][0x0][0x0]"
00:39:46.461 [main] DEBUG org.apache.http.wire --  << "[\r][\n]"
00:39:46.462 [main] DEBUG org.apache.http.wire --  << "0[\r][\n]"
00:39:46.462 [main] DEBUG org.apache.http.wire --  << "[\r][\n]"
00:39:46.462 [main] DEBUG io.restassured.internal.RestAssuredHttpBuilder -- Parsed data to instance of: class org.apache.http.conn.EofSensorInputStream
00:39:46.465 [main] DEBUG org.apache.http.impl.conn.BasicClientConnectionManager -- Releasing connection org.apache.http.impl.conn.ManagedClientConnectionImpl@3d5f08d4
00:39:46.465 [main] DEBUG org.apache.http.impl.conn.BasicClientConnectionManager -- Connection can be kept alive indefinitely
00:39:46.466 [main] DEBUG net.thucydides.core.steps.StepInterceptor -- STEP DONE: I send GET HTTP request
  &amp#27;[32mWhen &amp#27;[0m&amp#27;[32mI send GET HTTP request&amp#27;[0m                           &amp#27;[90m# starter.user.UserSteps.sendGetHttpReq()&amp#27;[0m
00:39:46.473 [main] DEBUG net.thucydides.core.steps.StepInterceptor -- STARTING STEP: UserSteps.receiveValidHttp - I receive valid HTTP response code 200
00:39:46.476 [main] DEBUG net.thucydides.core.steps.StepInterceptor -- STEP DONE: I receive valid HTTP response code 200
  &amp#27;[32mThen &amp#27;[0m&amp#27;[32mI receive valid HTTP response code 200&amp#27;[0m            &amp#27;[90m# starter.user.UserSteps.receiveValidHttp()&amp#27;[0m
00:39:46.485 [main] DEBUG net.thucydides.core.steps.StepInterceptor -- STARTING STEP: UserSteps.receiveValidDataDetailUser - I receive valid data for detail
00:39:46.548 [main] DEBUG net.thucydides.core.steps.StepInterceptor -- STEP DONE: I receive valid data for detail
  &amp#27;[32mAnd &amp#27;[0m&amp#27;[32mI receive valid data for detail&amp#27;[0m                    &amp#27;[90m# starter.user.UserSteps.receiveValidDataDetailUser()&amp#27;[0m
00:39:46.556 [main] INFO  -- 
  _____   ___   ___   _____     ___     _     ___   ___   ___   ___  
 |_   _| | __| / __| |_   _|   | _ \   /_\   / __| / __| | __| |   \ 
   | |   | _|  \__ \   | |     |  _/  / _ \  \__ \ \__ \ | _|  | |) |
   |_|   |___| |___/   |_|     |_|   /_/ \_\ |___/ |___/ |___| |___/ 

GET data as admin able to get detail data user
----------------------------------------------------------------------
]]></system-out>
  </testcase>
  <testcase name="Get data by over id user number" classname="User Data" time="0.628">
    <system-out><![CDATA[
Scenario: Get data by over id user number  &amp#27;[90m# src/test/resources/features/User.feature:24&amp#27;[0m
00:39:46.579 [main] DEBUG io.cucumber.core.plugin.SerenityReporter -- Running feature from file:///D:/Intelij/REST%20API/JSON%20Assured/src/test/resources/features/User.feature
00:39:46.589 [main] INFO  -- 
  _____   ___   ___   _____     ___   _____     _     ___   _____   ___   ___  
 |_   _| | __| / __| |_   _|   / __| |_   _|   /_\   | _ \ |_   _| | __| |   \ 
   | |   | _|  \__ \   | |     \__ \   | |    / _ \  |   /   | |   | _|  | |) |
   |_|   |___| |___/   |_|     |___/   |_|   /_/ \_\ |_|_\   |_|   |___| |___/ 

Get data by over id user number(user-data;get-data-by-over-id-user-number)
--------------------------------------------------------------------------------
00:39:46.699 [main] DEBUG net.thucydides.core.steps.StepInterceptor -- STARTING STEP: UserSteps.setEndpointGetInvalid - setEndpoinInvalidGetid
00:39:46.700 [main] DEBUG net.thucydides.core.steps.StepInterceptor -- STEP DONE: setEndpoinInvalidGetid
  &amp#27;[32mGiven &amp#27;[0m&amp#27;[32mset GET API endpoint link&amp#27;[0m          &amp#27;[90m# starter.user.UserSteps.setEndpointGetInvalid()&amp#27;[0m
00:39:46.710 [main] DEBUG net.thucydides.core.steps.StepInterceptor -- STARTING STEP: UserSteps.sendRequestInvalidPOSTHTTP - sendInvalidGetHttpRequest
00:39:46.724 [main] DEBUG net.thucydides.core.steps.StepInterceptor -- STARTING STEP: GetNegative.sendInvalidGetHttpRequest - setEndpoinInvalidGetid
00:39:46.725 [main] DEBUG net.thucydides.core.steps.StepInterceptor -- STEP DONE: setEndpoinInvalidGetid
00:39:46.789 [main] DEBUG org.apache.http.impl.conn.BasicClientConnectionManager -- Get connection for route {s}->https://jsonplaceholder.typicode.com:443
00:39:46.789 [main] DEBUG org.apache.http.impl.conn.DefaultClientConnectionOperator -- Connecting to jsonplaceholder.typicode.com:443
00:39:47.066 [main] DEBUG org.apache.http.client.protocol.RequestAddCookies -- CookieSpec selected: ignoreCookies
00:39:47.066 [main] DEBUG org.apache.http.client.protocol.RequestAuthCache -- Auth cache not set in the context
00:39:47.066 [main] DEBUG org.apache.http.client.protocol.RequestTargetAuthentication -- Target auth state: UNCHALLENGED
00:39:47.066 [main] DEBUG org.apache.http.client.protocol.RequestProxyAuthentication -- Proxy auth state: UNCHALLENGED
00:39:47.067 [main] DEBUG org.apache.http.impl.client.DefaultHttpClient -- Attempt 1 to execute request
00:39:47.067 [main] DEBUG org.apache.http.impl.conn.DefaultClientConnection -- Sending request: GET /posts/199999 HTTP/1.1
00:39:47.067 [main] DEBUG org.apache.http.wire --  >> "GET /posts/199999 HTTP/1.1[\r][\n]"
00:39:47.067 [main] DEBUG org.apache.http.wire --  >> "Accept: */*[\r][\n]"
00:39:47.067 [main] DEBUG org.apache.http.wire --  >> "Host: jsonplaceholder.typicode.com[\r][\n]"
00:39:47.067 [main] DEBUG org.apache.http.wire --  >> "Connection: Keep-Alive[\r][\n]"
00:39:47.067 [main] DEBUG org.apache.http.wire --  >> "User-Agent: Apache-HttpClient/4.5.13 (Java/20)[\r][\n]"
00:39:47.067 [main] DEBUG org.apache.http.wire --  >> "Accept-Encoding: gzip,deflate[\r][\n]"
00:39:47.067 [main] DEBUG org.apache.http.wire --  >> "[\r][\n]"
00:39:47.067 [main] DEBUG org.apache.http.headers -- >> GET /posts/199999 HTTP/1.1
00:39:47.067 [main] DEBUG org.apache.http.headers -- >> Accept: */*
00:39:47.067 [main] DEBUG org.apache.http.headers -- >> Host: jsonplaceholder.typicode.com
00:39:47.067 [main] DEBUG org.apache.http.headers -- >> Connection: Keep-Alive
00:39:47.067 [main] DEBUG org.apache.http.headers -- >> User-Agent: Apache-HttpClient/4.5.13 (Java/20)
00:39:47.067 [main] DEBUG org.apache.http.headers -- >> Accept-Encoding: gzip,deflate
00:39:47.157 [main] DEBUG org.apache.http.wire --  << "HTTP/1.1 404 Not Found[\r][\n]"
00:39:47.157 [main] DEBUG org.apache.http.wire --  << "Date: Sun, 16 Apr 2023 17:39:47 GMT[\r][\n]"
00:39:47.157 [main] DEBUG org.apache.http.wire --  << "Content-Type: application/json; charset=utf-8[\r][\n]"
00:39:47.157 [main] DEBUG org.apache.http.wire --  << "Content-Length: 2[\r][\n]"
00:39:47.157 [main] DEBUG org.apache.http.wire --  << "Connection: keep-alive[\r][\n]"
00:39:47.157 [main] DEBUG org.apache.http.wire --  << "X-Powered-By: Express[\r][\n]"
00:39:47.157 [main] DEBUG org.apache.http.wire --  << "X-Ratelimit-Limit: 1000[\r][\n]"
00:39:47.157 [main] DEBUG org.apache.http.wire --  << "X-Ratelimit-Remaining: 999[\r][\n]"
00:39:47.157 [main] DEBUG org.apache.http.wire --  << "X-Ratelimit-Reset: 1681663054[\r][\n]"
00:39:47.157 [main] DEBUG org.apache.http.wire --  << "Vary: Origin, Accept-Encoding[\r][\n]"
00:39:47.158 [main] DEBUG org.apache.http.wire --  << "Access-Control-Allow-Credentials: true[\r][\n]"
00:39:47.158 [main] DEBUG org.apache.http.wire --  << "Cache-Control: max-age=43200[\r][\n]"
00:39:47.158 [main] DEBUG org.apache.http.wire --  << "Pragma: no-cache[\r][\n]"
00:39:47.158 [main] DEBUG org.apache.http.wire --  << "Expires: -1[\r][\n]"
00:39:47.158 [main] DEBUG org.apache.http.wire --  << "X-Content-Type-Options: nosniff[\r][\n]"
00:39:47.158 [main] DEBUG org.apache.http.wire --  << "Etag: W/"2-vyGp6PvFo4RvsFtPoIWeCReyIC8"[\r][\n]"
00:39:47.158 [main] DEBUG org.apache.http.wire --  << "Via: 1.1 vegur[\r][\n]"
00:39:47.158 [main] DEBUG org.apache.http.wire --  << "CF-Cache-Status: HIT[\r][\n]"
00:39:47.158 [main] DEBUG org.apache.http.wire --  << "Age: 3760[\r][\n]"
00:39:47.158 [main] DEBUG org.apache.http.wire --  << "Report-To: {"endpoints":[{"url":"https:\/\/a.nel.cloudflare.com\/report\/v3?s=4kQw%2FPsG2J6uoV71XBjImTELgfuxLQdi4vzk2QRgjcskUeTtNVCs2efYyrIqffb4SkNZhFuN5k56dY6DCGFBdihbPMoOFwuN6pO7oU2yGwL8F7yYD7eE1NFBZMiHuFhPXXLmzfS%2BtGWpMVfHZyD7"}],"group":"cf-nel","max_age":604800}[\r][\n]"
00:39:47.158 [main] DEBUG org.apache.http.wire --  << "NEL: {"success_fraction":0,"report_to":"cf-nel","max_age":604800}[\r][\n]"
00:39:47.158 [main] DEBUG org.apache.http.wire --  << "Server: cloudflare[\r][\n]"
00:39:47.158 [main] DEBUG org.apache.http.wire --  << "CF-RAY: 7b8e35ac19674ccb-SIN[\r][\n]"
00:39:47.158 [main] DEBUG org.apache.http.wire --  << "alt-svc: h3=":443"; ma=86400, h3-29=":443"; ma=86400[\r][\n]"
00:39:47.159 [main] DEBUG org.apache.http.wire --  << "[\r][\n]"
00:39:47.159 [main] DEBUG org.apache.http.impl.conn.DefaultClientConnection -- Receiving response: HTTP/1.1 404 Not Found
00:39:47.159 [main] DEBUG org.apache.http.headers -- << HTTP/1.1 404 Not Found
00:39:47.159 [main] DEBUG org.apache.http.headers -- << Date: Sun, 16 Apr 2023 17:39:47 GMT
00:39:47.159 [main] DEBUG org.apache.http.headers -- << Content-Type: application/json; charset=utf-8
00:39:47.159 [main] DEBUG org.apache.http.headers -- << Content-Length: 2
00:39:47.159 [main] DEBUG org.apache.http.headers -- << Connection: keep-alive
00:39:47.159 [main] DEBUG org.apache.http.headers -- << X-Powered-By: Express
00:39:47.159 [main] DEBUG org.apache.http.headers -- << X-Ratelimit-Limit: 1000
00:39:47.159 [main] DEBUG org.apache.http.headers -- << X-Ratelimit-Remaining: 999
00:39:47.159 [main] DEBUG org.apache.http.headers -- << X-Ratelimit-Reset: 1681663054
00:39:47.159 [main] DEBUG org.apache.http.headers -- << Vary: Origin, Accept-Encoding
00:39:47.159 [main] DEBUG org.apache.http.headers -- << Access-Control-Allow-Credentials: true
00:39:47.159 [main] DEBUG org.apache.http.headers -- << Cache-Control: max-age=43200
00:39:47.159 [main] DEBUG org.apache.http.headers -- << Pragma: no-cache
00:39:47.159 [main] DEBUG org.apache.http.headers -- << Expires: -1
00:39:47.159 [main] DEBUG org.apache.http.headers -- << X-Content-Type-Options: nosniff
00:39:47.159 [main] DEBUG org.apache.http.headers -- << Etag: W/"2-vyGp6PvFo4RvsFtPoIWeCReyIC8"
00:39:47.159 [main] DEBUG org.apache.http.headers -- << Via: 1.1 vegur
00:39:47.159 [main] DEBUG org.apache.http.headers -- << CF-Cache-Status: HIT
00:39:47.159 [main] DEBUG org.apache.http.headers -- << Age: 3760
00:39:47.159 [main] DEBUG org.apache.http.headers -- << Report-To: {"endpoints":[{"url":"https:\/\/a.nel.cloudflare.com\/report\/v3?s=4kQw%2FPsG2J6uoV71XBjImTELgfuxLQdi4vzk2QRgjcskUeTtNVCs2efYyrIqffb4SkNZhFuN5k56dY6DCGFBdihbPMoOFwuN6pO7oU2yGwL8F7yYD7eE1NFBZMiHuFhPXXLmzfS%2BtGWpMVfHZyD7"}],"group":"cf-nel","max_age":604800}
00:39:47.159 [main] DEBUG org.apache.http.headers -- << NEL: {"success_fraction":0,"report_to":"cf-nel","max_age":604800}
00:39:47.159 [main] DEBUG org.apache.http.headers -- << Server: cloudflare
00:39:47.159 [main] DEBUG org.apache.http.headers -- << CF-RAY: 7b8e35ac19674ccb-SIN
00:39:47.159 [main] DEBUG org.apache.http.headers -- << alt-svc: h3=":443"; ma=86400, h3-29=":443"; ma=86400
00:39:47.159 [main] DEBUG org.apache.http.impl.client.DefaultHttpClient -- Connection can be kept alive indefinitely
00:39:47.159 [main] DEBUG io.restassured.internal.RestAssuredHttpBuilder -- Parsing response as: application/json; charset=utf-8
00:39:47.160 [main] DEBUG io.restassured.internal.RestAssuredHttpBuilder -- Parsed data to instance of: class org.apache.http.conn.EofSensorInputStream
00:39:47.162 [main] DEBUG org.apache.http.wire --  << "{}"
00:39:47.163 [main] DEBUG org.apache.http.impl.conn.BasicClientConnectionManager -- Releasing connection org.apache.http.impl.conn.ManagedClientConnectionImpl@50008974
00:39:47.163 [main] DEBUG org.apache.http.impl.conn.BasicClientConnectionManager -- Connection can be kept alive indefinitely
00:39:47.164 [main] DEBUG net.thucydides.core.steps.StepInterceptor -- STEP DONE: sendInvalidGetHttpRequest
  &amp#27;[32mWhen &amp#27;[0m&amp#27;[32mI send request with invalid id user&amp#27;[0m &amp#27;[90m# starter.user.UserSteps.sendRequestInvalidPOSTHTTP()&amp#27;[0m
00:39:47.172 [main] DEBUG net.thucydides.core.steps.StepInterceptor -- STARTING STEP: UserSteps.response404GETInvalid - validateHttpResponseCode404
00:39:47.174 [main] DEBUG net.thucydides.core.steps.StepInterceptor -- STEP DONE: validateHttpResponseCode404
  &amp#27;[32mThen &amp#27;[0m&amp#27;[32mI will get 404 Not Found Response&amp#27;[0m   &amp#27;[90m# starter.user.UserSteps.response404GETInvalid()&amp#27;[0m
00:39:47.182 [main] INFO  -- 
  _____   ___   ___   _____     ___     _     ___   ___   ___   ___  
 |_   _| | __| / __| |_   _|   | _ \   /_\   / __| / __| | __| |   \ 
   | |   | _|  \__ \   | |     |  _/  / _ \  \__ \ \__ \ | _|  | |) |
   |_|   |___| |___/   |_|     |_|   /_/ \_\ |___/ |___/ |___| |___/ 

Get data by over id user number
----------------------------------------------------------------------
]]></system-out>
  </testcase>
  <testcase name="POST new data user" classname="User Data" time="1.374">
    <system-out><![CDATA[
Scenario: POST new data user             &amp#27;[90m# src/test/resources/features/User.feature:29&amp#27;[0m
00:39:47.210 [main] DEBUG io.cucumber.core.plugin.SerenityReporter -- Running feature from file:///D:/Intelij/REST%20API/JSON%20Assured/src/test/resources/features/User.feature
00:39:47.220 [main] INFO  -- 
  _____   ___   ___   _____     ___   _____     _     ___   _____   ___   ___  
 |_   _| | __| / __| |_   _|   / __| |_   _|   /_\   | _ \ |_   _| | __| |   \ 
   | |   | _|  \__ \   | |     \__ \   | |    / _ \  |   /   | |   | _|  | |) |
[...]
00:39:52.088 [main] DEBUG net.thucydides.core.steps.StepInterceptor -- STARTING STEP: Delete.sendRequestDeleteUser - setEndpointDelete
00:39:52.088 [main] DEBUG net.thucydides.core.steps.StepInterceptor -- STEP DONE: setEndpointDelete
00:39:52.115 [main] DEBUG org.apache.http.impl.conn.BasicClientConnectionManager -- Get connection for route {s}->https://jsonplaceholder.typicode.com:443
00:39:52.116 [main] DEBUG org.apache.http.impl.conn.DefaultClientConnectionOperator -- Connecting to jsonplaceholder.typicode.com:443
00:39:52.276 [main] DEBUG org.apache.http.client.protocol.RequestAddCookies -- CookieSpec selected: ignoreCookies
00:39:52.277 [main] DEBUG org.apache.http.client.protocol.RequestAuthCache -- Auth cache not set in the context
00:39:52.277 [main] DEBUG org.apache.http.client.protocol.RequestTargetAuthentication -- Target auth state: UNCHALLENGED
00:39:52.277 [main] DEBUG org.apache.http.client.protocol.RequestProxyAuthentication -- Proxy auth state: UNCHALLENGED
00:39:52.277 [main] DEBUG org.apache.http.impl.client.DefaultHttpClient -- Attempt 1 to execute request
00:39:52.277 [main] DEBUG org.apache.http.impl.conn.DefaultClientConnection -- Sending request: DELETE /posts/1 HTTP/1.1
00:39:52.277 [main] DEBUG org.apache.http.wire --  >> "DELETE /posts/1 HTTP/1.1[\r][\n]"
00:39:52.277 [main] DEBUG org.apache.http.wire --  >> "Accept: */*[\r][\n]"
00:39:52.277 [main] DEBUG org.apache.http.wire --  >> "Host: jsonplaceholder.typicode.com[\r][\n]"
00:39:52.277 [main] DEBUG org.apache.http.wire --  >> "Connection: Keep-Alive[\r][\n]"
00:39:52.277 [main] DEBUG org.apache.http.wire --  >> "User-Agent: Apache-HttpClient/4.5.13 (Java/20)[\r][\n]"
00:39:52.277 [main] DEBUG org.apache.http.wire --  >> "Accept-Encoding: gzip,deflate[\r][\n]"
00:39:52.277 [main] DEBUG org.apache.http.wire --  >> "[\r][\n]"
00:39:52.277 [main] DEBUG org.apache.http.headers -- >> DELETE /posts/1 HTTP/1.1
00:39:52.277 [main] DEBUG org.apache.http.headers -- >> Accept: */*
00:39:52.278 [main] DEBUG org.apache.http.headers -- >> Host: jsonplaceholder.typicode.com
00:39:52.278 [main] DEBUG org.apache.http.headers -- >> Connection: Keep-Alive
00:39:52.278 [main] DEBUG org.apache.http.headers -- >> User-Agent: Apache-HttpClient/4.5.13 (Java/20)
00:39:52.278 [main] DEBUG org.apache.http.headers -- >> Accept-Encoding: gzip,deflate
00:39:52.950 [main] DEBUG org.apache.http.wire --  << "HTTP/1.1 200 OK[\r][\n]"
00:39:52.950 [main] DEBUG org.apache.http.wire --  << "Date: Sun, 16 Apr 2023 17:39:53 GMT[\r][\n]"
00:39:52.950 [main] DEBUG org.apache.http.wire --  << "Content-Type: application/json; charset=utf-8[\r][\n]"
00:39:52.950 [main] DEBUG org.apache.http.wire --  << "Content-Length: 2[\r][\n]"
00:39:52.950 [main] DEBUG org.apache.http.wire --  << "Connection: keep-alive[\r][\n]"
00:39:52.950 [main] DEBUG org.apache.http.wire --  << "X-Powered-By: Express[\r][\n]"
00:39:52.950 [main] DEBUG org.apache.http.wire --  << "X-Ratelimit-Limit: 1000[\r][\n]"
00:39:52.950 [main] DEBUG org.apache.http.wire --  << "X-Ratelimit-Remaining: 994[\r][\n]"
00:39:52.950 [main] DEBUG org.apache.http.wire --  << "X-Ratelimit-Reset: 1681666834[\r][\n]"
00:39:52.950 [main] DEBUG org.apache.http.wire --  << "Vary: Origin, Accept-Encoding[\r][\n]"
00:39:52.950 [main] DEBUG org.apache.http.wire --  << "Access-Control-Allow-Credentials: true[\r][\n]"
00:39:52.950 [main] DEBUG org.apache.http.wire --  << "Cache-Control: no-cache[\r][\n]"
00:39:52.950 [main] DEBUG org.apache.http.wire --  << "Pragma: no-cache[\r][\n]"
00:39:52.950 [main] DEBUG org.apache.http.wire --  << "Expires: -1[\r][\n]"
00:39:52.950 [main] DEBUG org.apache.http.wire --  << "X-Content-Type-Options: nosniff[\r][\n]"
00:39:52.950 [main] DEBUG org.apache.http.wire --  << "Etag: W/"2-vyGp6PvFo4RvsFtPoIWeCReyIC8"[\r][\n]"
00:39:52.950 [main] DEBUG org.apache.http.wire --  << "Via: 1.1 vegur[\r][\n]"
00:39:52.950 [main] DEBUG org.apache.http.wire --  << "CF-Cache-Status: DYNAMIC[\r][\n]"
00:39:52.950 [main] DEBUG org.apache.http.wire --  << "Report-To: {"endpoints":[{"url":"https:\/\/a.nel.cloudflare.com\/report\/v3?s=B2eGix05c1q3JfqZWfyVoNLyzF6IWSQgH%2FrO8R41GpeJzPwnJ0ZY%2FJsIark1832%2FCBznU8fpM0cXQDvPGPQYseleKv3yD4biJhFFFqk8HZAT04yqr%2FzRkq9gnWmqvnCZ5iz9oLj5UyaHmQfxQEEI"}],"group":"cf-nel","max_age":604800}[\r][\n]"
00:39:52.950 [main] DEBUG org.apache.http.wire --  << "NEL: {"success_fraction":0,"report_to":"cf-nel","max_age":604800}[\r][\n]"
00:39:52.950 [main] DEBUG org.apache.http.wire --  << "Server: cloudflare[\r][\n]"
00:39:52.950 [main] DEBUG org.apache.http.wire --  << "CF-RAY: 7b8e35ccea8044b9-SIN[\r][\n]"
00:39:52.950 [main] DEBUG org.apache.http.wire --  << "alt-svc: h3=":443"; ma=86400, h3-29=":443"; ma=86400[\r][\n]"
00:39:52.950 [main] DEBUG org.apache.http.wire --  << "[\r][\n]"
00:39:52.950 [main] DEBUG org.apache.http.impl.conn.DefaultClientConnection -- Receiving response: HTTP/1.1 200 OK
00:39:52.950 [main] DEBUG org.apache.http.headers -- << HTTP/1.1 200 OK
00:39:52.950 [main] DEBUG org.apache.http.headers -- << Date: Sun, 16 Apr 2023 17:39:53 GMT
00:39:52.950 [main] DEBUG org.apache.http.headers -- << Content-Type: application/json; charset=utf-8
00:39:52.950 [main] DEBUG org.apache.http.headers -- << Content-Length: 2
00:39:52.950 [main] DEBUG org.apache.http.headers -- << Connection: keep-alive
00:39:52.950 [main] DEBUG org.apache.http.headers -- << X-Powered-By: Express
00:39:52.950 [main] DEBUG org.apache.http.headers -- << X-Ratelimit-Limit: 1000
00:39:52.950 [main] DEBUG org.apache.http.headers -- << X-Ratelimit-Remaining: 994
00:39:52.950 [main] DEBUG org.apache.http.headers -- << X-Ratelimit-Reset: 1681666834
00:39:52.950 [main] DEBUG org.apache.http.headers -- << Vary: Origin, Accept-Encoding
00:39:52.950 [main] DEBUG org.apache.http.headers -- << Access-Control-Allow-Credentials: true
00:39:52.950 [main] DEBUG org.apache.http.headers -- << Cache-Control: no-cache
00:39:52.950 [main] DEBUG org.apache.http.headers -- << Pragma: no-cache
00:39:52.950 [main] DEBUG org.apache.http.headers -- << Expires: -1
00:39:52.950 [main] DEBUG org.apache.http.headers -- << X-Content-Type-Options: nosniff
00:39:52.950 [main] DEBUG org.apache.http.headers -- << Etag: W/"2-vyGp6PvFo4RvsFtPoIWeCReyIC8"
00:39:52.950 [main] DEBUG org.apache.http.headers -- << Via: 1.1 vegur
00:39:52.950 [main] DEBUG org.apache.http.headers -- << CF-Cache-Status: DYNAMIC
00:39:52.950 [main] DEBUG org.apache.http.headers -- << Report-To: {"endpoints":[{"url":"https:\/\/a.nel.cloudflare.com\/report\/v3?s=B2eGix05c1q3JfqZWfyVoNLyzF6IWSQgH%2FrO8R41GpeJzPwnJ0ZY%2FJsIark1832%2FCBznU8fpM0cXQDvPGPQYseleKv3yD4biJhFFFqk8HZAT04yqr%2FzRkq9gnWmqvnCZ5iz9oLj5UyaHmQfxQEEI"}],"group":"cf-nel","max_age":604800}
00:39:52.950 [main] DEBUG org.apache.http.headers -- << NEL: {"success_fraction":0,"report_to":"cf-nel","max_age":604800}
00:39:52.950 [main] DEBUG org.apache.http.headers -- << Server: cloudflare
00:39:52.950 [main] DEBUG org.apache.http.headers -- << CF-RAY: 7b8e35ccea8044b9-SIN
00:39:52.950 [main] DEBUG org.apache.http.headers -- << alt-svc: h3=":443"; ma=86400, h3-29=":443"; ma=86400
00:39:52.950 [main] DEBUG org.apache.http.impl.client.DefaultHttpClient -- Connection can be kept alive indefinitely
00:39:52.950 [main] DEBUG io.restassured.internal.RestAssuredHttpBuilder -- Parsing response as: application/json; charset=utf-8
00:39:52.950 [main] DEBUG io.restassured.internal.RestAssuredHttpBuilder -- Parsed data to instance of: class org.apache.http.conn.EofSensorInputStream
00:39:52.953 [main] DEBUG org.apache.http.wire --  << "{}"
00:39:52.953 [main] DEBUG org.apache.http.impl.conn.BasicClientConnectionManager -- Releasing connection org.apache.http.impl.conn.ManagedClientConnectionImpl@3f2d2f22
00:39:52.953 [main] DEBUG org.apache.http.impl.conn.BasicClientConnectionManager -- Connection can be kept alive indefinitely
00:39:52.954 [main] DEBUG net.thucydides.core.steps.StepInterceptor -- STEP DONE: sendRequestDeleteUser
  &amp#27;[32mWhen &amp#27;[0m&amp#27;[32msend the delete request HTTP&amp#27;[0m     &amp#27;[90m# starter.user.UserSteps.sendRequestDeleteUser()&amp#27;[0m
00:39:52.959 [main] DEBUG net.thucydides.core.steps.StepInterceptor -- STARTING STEP: UserSteps.receiveCodeDelete - getThe200CodeDelete
00:39:52.961 [main] DEBUG net.thucydides.core.steps.StepInterceptor -- STEP DONE: getThe200CodeDelete
  &amp#27;[32mThen &amp#27;[0m&amp#27;[32mreceive code 200 HTTP code&amp#27;[0m       &amp#27;[90m# starter.user.UserSteps.receiveCodeDelete()&amp#27;[0m
00:39:52.965 [main] DEBUG net.thucydides.core.steps.StepInterceptor -- STARTING STEP: UserSteps.recheckDeletedData - checkDeletedDataUser
I Just DELETE the user data id 1
00:39:52.965 [main] DEBUG net.thucydides.core.steps.StepInterceptor -- STEP DONE: checkDeletedDataUser
  &amp#27;[32mAnd &amp#27;[0m&amp#27;[32mI try to recheck the existed data&amp#27;[0m &amp#27;[90m# starter.user.UserSteps.recheckDeletedData()&amp#27;[0m
00:39:52.968 [main] INFO  -- 
  _____   ___   ___   _____     ___     _     ___   ___   ___   ___  
 |_   _| | __| / __| |_   _|   | _ \   /_\   / __| / __| | __| |   \ 
   | |   | _|  \__ \   | |     |  _/  / _ \  \__ \ \__ \ | _|  | |) |
   |_|   |___| |___/   |_|     |_|   /_/ \_\ |___/ |___/ |___| |___/ 

Try Delete User data
----------------------------------------------------------------------
]]></system-out>
  </testcase>
  <testcase name="Try delete with Invalid ID User" classname="User Data" time="0.923">
    <system-out><![CDATA[
Scenario: Try delete with Invalid ID User       &amp#27;[90m# src/test/resources/features/User.feature:58&amp#27;[0m
00:39:52.978 [main] DEBUG io.cucumber.core.plugin.SerenityReporter -- Running feature from file:///D:/Intelij/REST%20API/JSON%20Assured/src/test/resources/features/User.feature
00:39:52.983 [main] INFO  -- 
  _____   ___   ___   _____     ___   _____     _     ___   _____   ___   ___  
 |_   _| | __| / __| |_   _|   / __| |_   _|   /_\   | _ \ |_   _| | __| |   \ 
   | |   | _|  \__ \   | |     \__ \   | |    / _ \  |   /   | |   | _|  | |) |
   |_|   |___| |___/   |_|     |___/   |_|   /_/ \_\ |_|_\   |_|   |___| |___/ 

Try delete with Invalid ID User(user-data;try-delete-with-invalid-id-user)
--------------------------------------------------------------------------------
00:39:53.062 [main] DEBUG net.thucydides.core.steps.StepInterceptor -- STARTING STEP: UserSteps.deletewithInvalidIDEndpoint - setDeleteInvalid
00:39:53.063 [main] DEBUG net.thucydides.core.steps.StepInterceptor -- STEP DONE: setDeleteInvalid
  &amp#27;[32mGiven &amp#27;[0m&amp#27;[32mI set Delete with invalid user endpoint&amp#27;[0m &amp#27;[90m# starter.user.UserSteps.deletewithInvalidIDEndpoint()&amp#27;[0m
00:39:53.074 [main] DEBUG net.thucydides.core.steps.StepInterceptor -- STARTING STEP: UserSteps.sendDeleteNegativeRequest - sendRequestInvalidDelete
00:39:53.081 [main] DEBUG net.thucydides.core.steps.StepInterceptor -- STARTING STEP: DeleteNegative.sendRequestInvalidDelete - setDeleteInvalid
00:39:53.082 [main] DEBUG net.thucydides.core.steps.StepInterceptor -- STEP DONE: setDeleteInvalid
00:39:53.105 [main] DEBUG org.apache.http.impl.conn.BasicClientConnectionManager -- Get connection for route {s}->https://jsonplaceholder.typicode.com:443
00:39:53.105 [main] DEBUG org.apache.http.impl.conn.DefaultClientConnectionOperator -- Connecting to jsonplaceholder.typicode.com:443
00:39:53.296 [main] DEBUG org.apache.http.client.protocol.RequestAddCookies -- CookieSpec selected: ignoreCookies
00:39:53.296 [main] DEBUG org.apache.http.client.protocol.RequestAuthCache -- Auth cache not set in the context
00:39:53.296 [main] DEBUG org.apache.http.client.protocol.RequestTargetAuthentication -- Target auth state: UNCHALLENGED
00:39:53.296 [main] DEBUG org.apache.http.client.protocol.RequestProxyAuthentication -- Proxy auth state: UNCHALLENGED
00:39:53.296 [main] DEBUG org.apache.http.impl.client.DefaultHttpClient -- Attempt 1 to execute request
00:39:53.296 [main] DEBUG org.apache.http.impl.conn.DefaultClientConnection -- Sending request: DELETE /posts?id=100 HTTP/1.1
00:39:53.296 [main] DEBUG org.apache.http.wire --  >> "DELETE /posts?id=100 HTTP/1.1[\r][\n]"
00:39:53.296 [main] DEBUG org.apache.http.wire --  >> "Accept: */*[\r][\n]"
00:39:53.296 [main] DEBUG org.apache.http.wire --  >> "Host: jsonplaceholder.typicode.com[\r][\n]"
00:39:53.297 [main] DEBUG org.apache.http.wire --  >> "Connection: Keep-Alive[\r][\n]"
00:39:53.297 [main] DEBUG org.apache.http.wire --  >> "User-Agent: Apache-HttpClient/4.5.13 (Java/20)[\r][\n]"
00:39:53.297 [main] DEBUG org.apache.http.wire --  >> "Accept-Encoding: gzip,deflate[\r][\n]"
00:39:53.297 [main] DEBUG org.apache.http.wire --  >> "[\r][\n]"
00:39:53.297 [main] DEBUG org.apache.http.headers -- >> DELETE /posts?id=100 HTTP/1.1
00:39:53.297 [main] DEBUG org.apache.http.headers -- >> Accept: */*
00:39:53.297 [main] DEBUG org.apache.http.headers -- >> Host: jsonplaceholder.typicode.com
00:39:53.297 [main] DEBUG org.apache.http.headers -- >> Connection: Keep-Alive
00:39:53.297 [main] DEBUG org.apache.http.headers -- >> User-Agent: Apache-HttpClient/4.5.13 (Java/20)
00:39:53.297 [main] DEBUG org.apache.http.headers -- >> Accept-Encoding: gzip,deflate
00:39:53.882 [main] DEBUG org.apache.http.wire --  << "HTTP/1.1 404 Not Found[\r][\n]"
00:39:53.882 [main] DEBUG org.apache.http.wire --  << "Date: Sun, 16 Apr 2023 17:39:53 GMT[\r][\n]"
00:39:53.882 [main] DEBUG org.apache.http.wire --  << "Content-Type: application/json; charset=utf-8[\r][\n]"
00:39:53.882 [main] DEBUG org.apache.http.wire --  << "Content-Length: 2[\r][\n]"
00:39:53.882 [main] DEBUG org.apache.http.wire --  << "Connection: keep-alive[\r][\n]"
00:39:53.882 [main] DEBUG org.apache.http.wire --  << "X-Powered-By: Express[\r][\n]"
00:39:53.882 [main] DEBUG org.apache.http.wire --  << "X-Ratelimit-Limit: 1000[\r][\n]"
00:39:53.882 [main] DEBUG org.apache.http.wire --  << "X-Ratelimit-Remaining: 993[\r][\n]"
00:39:53.882 [main] DEBUG org.apache.http.wire --  << "X-Ratelimit-Reset: 1681666834[\r][\n]"
00:39:53.882 [main] DEBUG org.apache.http.wire --  << "Vary: Origin, Accept-Encoding[\r][\n]"
00:39:53.882 [main] DEBUG org.apache.http.wire --  << "Access-Control-Allow-Credentials: true[\r][\n]"
00:39:53.882 [main] DEBUG org.apache.http.wire --  << "Cache-Control: no-cache[\r][\n]"
00:39:53.882 [main] DEBUG org.apache.http.wire --  << "Pragma: no-cache[\r][\n]"
00:39:53.882 [main] DEBUG org.apache.http.wire --  << "Expires: -1[\r][\n]"
00:39:53.882 [main] DEBUG org.apache.http.wire --  << "X-Content-Type-Options: nosniff[\r][\n]"
00:39:53.882 [main] DEBUG org.apache.http.wire --  << "Etag: W/"2-vyGp6PvFo4RvsFtPoIWeCReyIC8"[\r][\n]"
00:39:53.882 [main] DEBUG org.apache.http.wire --  << "Via: 1.1 vegur[\r][\n]"
00:39:53.882 [main] DEBUG org.apache.http.wire --  << "CF-Cache-Status: DYNAMIC[\r][\n]"
00:39:53.882 [main] DEBUG org.apache.http.wire --  << "Report-To: {"endpoints":[{"url":"https:\/\/a.nel.cloudflare.com\/report\/v3?s=YJHeq0dxbBGMH1W60RA2OHtTFzxVtgW%2FX7KnF9AVBpaN1JL%2BMRbINtjqvPFvu7cm49CvHquxS%2FCiF691EXbqSJBBQp9tOxuUBbfzhabrIonyoWS7xQjqrI7f66oIbL%2FN1DPZqg%2BcO9AcUKauSP68"}],"group":"cf-nel","max_age":604800}[\r][\n]"
00:39:53.882 [main] DEBUG org.apache.http.wire --  << "NEL: {"success_fraction":0,"report_to":"cf-nel","max_age":604800}[\r][\n]"
00:39:53.882 [main] DEBUG org.apache.http.wire --  << "Server: cloudflare[\r][\n]"
00:39:53.882 [main] DEBUG org.apache.http.wire --  << "CF-RAY: 7b8e35d2fd884816-SIN[\r][\n]"
00:39:53.882 [main] DEBUG org.apache.http.wire --  << "alt-svc: h3=":443"; ma=86400, h3-29=":443"; ma=86400[\r][\n]"
00:39:53.882 [main] DEBUG org.apache.http.wire --  << "[\r][\n]"
00:39:53.882 [main] DEBUG org.apache.http.impl.conn.DefaultClientConnection -- Receiving response: HTTP/1.1 404 Not Found
00:39:53.882 [main] DEBUG org.apache.http.headers -- << HTTP/1.1 404 Not Found
00:39:53.882 [main] DEBUG org.apache.http.headers -- << Date: Sun, 16 Apr 2023 17:39:53 GMT
00:39:53.882 [main] DEBUG org.apache.http.headers -- << Content-Type: application/json; charset=utf-8
00:39:53.882 [main] DEBUG org.apache.http.headers -- << Content-Length: 2
00:39:53.882 [main] DEBUG org.apache.http.headers -- << Connection: keep-alive
00:39:53.882 [main] DEBUG org.apache.http.headers -- << X-Powered-By: Express
00:39:53.882 [main] DEBUG org.apache.http.headers -- << X-Ratelimit-Limit: 1000
00:39:53.882 [main] DEBUG org.apache.http.headers -- << X-Ratelimit-Remaining: 993
00:39:53.882 [main] DEBUG org.apache.http.headers -- << X-Ratelimit-Reset: 1681666834
00:39:53.882 [main] DEBUG org.apache.http.headers -- << Vary: Origin, Accept-Encoding
00:39:53.882 [main] DEBUG org.apache.http.headers -- << Access-Control-Allow-Credentials: true
00:39:53.882 [main] DEBUG org.apache.http.headers -- << Cache-Control: no-cache
00:39:53.882 [main] DEBUG org.apache.http.headers -- << Pragma: no-cache
00:39:53.882 [main] DEBUG org.apache.http.headers -- << Expires: -1
00:39:53.882 [main] DEBUG org.apache.http.headers -- << X-Content-Type-Options: nosniff
00:39:53.882 [main] DEBUG org.apache.http.headers -- << Etag: W/"2-vyGp6PvFo4RvsFtPoIWeCReyIC8"
00:39:53.882 [main] DEBUG org.apache.http.headers -- << Via: 1.1 vegur
00:39:53.882 [main] DEBUG org.apache.http.headers -- << CF-Cache-Status: DYNAMIC
00:39:53.882 [main] DEBUG org.apache.http.headers -- << Report-To: {"endpoints":[{"url":"https:\/\/a.nel.cloudflare.com\/report\/v3?s=YJHeq0dxbBGMH1W60RA2OHtTFzxVtgW%2FX7KnF9AVBpaN1JL%2BMRbINtjqvPFvu7cm49CvHquxS%2FCiF691EXbqSJBBQp9tOxuUBbfzhabrIonyoWS7xQjqrI7f66oIbL%2FN1DPZqg%2BcO9AcUKauSP68"}],"group":"cf-nel","max_age":604800}
00:39:53.882 [main] DEBUG org.apache.http.headers -- << NEL: {"success_fraction":0,"report_to":"cf-nel","max_age":604800}
00:39:53.882 [main] DEBUG org.apache.http.headers -- << Server: cloudflare
00:39:53.882 [main] DEBUG org.apache.http.headers -- << CF-RAY: 7b8e35d2fd884816-SIN
00:39:53.882 [main] DEBUG org.apache.http.headers -- << alt-svc: h3=":443"; ma=86400, h3-29=":443"; ma=86400
00:39:53.882 [main] DEBUG org.apache.http.impl.client.DefaultHttpClient -- Connection can be kept alive indefinitely
00:39:53.883 [main] DEBUG io.restassured.internal.RestAssuredHttpBuilder -- Parsing response as: application/json; charset=utf-8
00:39:53.883 [main] DEBUG io.restassured.internal.RestAssuredHttpBuilder -- Parsed data to instance of: class org.apache.http.conn.EofSensorInputStream
00:39:53.884 [main] DEBUG org.apache.http.wire --  << "{}"
00:39:53.884 [main] DEBUG org.apache.http.impl.conn.BasicClientConnectionManager -- Releasing connection org.apache.http.impl.conn.ManagedClientConnectionImpl@16b2d182
00:39:53.884 [main] DEBUG org.apache.http.impl.conn.BasicClientConnectionManager -- Connection can be kept alive indefinitely
00:39:53.884 [main] DEBUG net.thucydides.core.steps.StepInterceptor -- STEP DONE: sendRequestInvalidDelete
  &amp#27;[32mWhen &amp#27;[0m&amp#27;[32mI send delete negative request&amp#27;[0m           &amp#27;[90m# starter.user.UserSteps.sendDeleteNegativeRequest()&amp#27;[0m
00:39:53.889 [main] DEBUG net.thucydides.core.steps.StepInterceptor -- STARTING STEP: UserSteps.verifyCodeDelete - verifiedHTTPCodedelInval
00:39:53.890 [main] DEBUG net.thucydides.core.steps.StepInterceptor -- STEP DONE: verifiedHTTPCodedelInval
  &amp#27;[32mThen &amp#27;[0m&amp#27;[32mI verified with code response HTTP&amp#27;[0m       &amp#27;[90m# starter.user.UserSteps.verifyCodeDelete()&amp#27;[0m
00:39:53.892 [main] INFO  -- 
  _____   ___   ___   _____     ___     _     ___   ___   ___   ___  
 |_   _| | __| / __| |_   _|   | _ \   /_\   / __| / __| | __| |   \ 
   | |   | _|  \__ \   | |     |  _/  / _ \  \__ \ \__ \ | _|  | |) |
   |_|   |___| |___/   |_|     |_|   /_/ \_\ |___/ |___/ |___| |___/ 

Try delete with Invalid ID User
----------------------------------------------------------------------
]]></system-out>
  </testcase>
</testsuite>