<?xml version="1.0" encoding="UTF-8"?>
<testsuite xmlns:xsi="http://www.w3.org/2001/XMLSchema-instance" xsi:schemaLocation="https://maven.apache.org/surefire/maven-surefire-plugin/xsd/surefire-test-report.xsd" name="starter.CucumberTestSuite" time="99.136" tests="6" errors="0" skipped="0" failures="0">
  <properties>
[...]
</properties>
  <testcase name="user on login page" classname="As a user i cant login because i input invalid password" time="55.786"/>
  <testcase name="user input valid username" classname="As a user i cant login because i input invalid password" time="0.426"/>
  <testcase name="user input invalid password" classname="As a user i cant login because i input invalid password" time="0.855"/>
  <testcase name="user click login button" classname="As a user i cant login because i input invalid password" time="0.991"/>
  <testcase name="user see error message Wrong Email or Password" classname="As a user i cant login because i input invalid password" time="1.775"/>
  <testcase name="As a user i cant login because i input invalid password" classname="As a user i cant login because i input invalid password" time="1.866"/>
</testsuite>