<?xml version="1.0" encoding="UTF-8"?>
<testsuite xmlns:xsi="http://www.w3.org/2001/XMLSchema-instance" xsi:noNamespaceSchemaLocation="https://maven.apache.org/surefire/maven-failsafe-plugin/xsd/failsafe-test-report-3.0.xsd" version="3.0" name="starter.CucumberTestSuite" time="48.777" tests="15" errors="0" skipped="0" failures="0">
  <properties>
[...]
</properties>
  <testcase name="GET single cart by id" classname="CART of product" time="14.227">
    <system-out><![CDATA[12:54:29.505 [main] DEBUG net.thucydides.core.guice.Injectors -- Created injector for module net.thucydides.core.guice.ThucydidesModule
12:54:30.351 [main] DEBUG io.cucumber.core.plugin.SerenityReporter -- Running feature from file:///D:/Intelij/REST%20API/fakestoreapi/src/test/resources/features/Cart.feature
12:54:30.729 [main] DEBUG net.thucydides.core.guice.Injectors -- Created injector for module net.thucydides.core.guice.webdriver.WebDriverModule
12:54:30.791 [main] INFO  -- 

-------------------------------------------------------------------------------------
     _______. _______ .______       _______ .__   __.  __  .___________.____    ____ 
    /       ||   ____||   _  \     |   ____||  \ |  | |  | |           |\   \  /   / 
   |   (----`|  |__   |  |_)  |    |  |__   |   \|  | |  | `---|  |----` \   \/   /  
    \   \    |   __|  |      /     |   __|  |  . `  | |  |     |  |       \_    _/   
.----)   |   |  |____ |  |\  \----.|  |____ |  |\   | |  |     |  |         |  |     
|_______/    |_______|| _| `._____||_______||__| \__| |__|     |__|         |__|    
                                                                                     
 News and tutorials at http://www.serenity-bdd.info                                  
 Documentation at https://wakaleo.gitbooks.io/the-serenity-book/content/             
 Join the Serenity Community on Gitter: https://gitter.im/serenity-bdd/serenity-core 
 Serenity BDD Support and Training at http://serenity-bdd.info/#/trainingandsupport  
-------------------------------------------------------------------------------------

12:54:30.799 [main] DEBUG net.thucydides.core.steps.StepEventBus -- Test suite started for story net.thucydides.core.model.Story@d87dff42
12:54:30.802 [main] INFO  -- Test Suite Started: CART of product
12:54:30.837 [main] DEBUG io.cucumber.core.plugin.SerenityReporter -- Running feature from file:///D:/Intelij/REST%20API/fakestoreapi/src/test/resources/features/Login.feature
12:54:30.846 [main] DEBUG net.thucydides.core.steps.StepEventBus -- Test suite started for story net.thucydides.core.model.Story@36e8cfbd
12:54:30.847 [main] INFO  -- Test Suite Started: LOGIN for admin fakestoreapi
12:54:30.847 [main] DEBUG io.cucumber.core.plugin.SerenityReporter -- Running feature from file:///D:/Intelij/REST%20API/fakestoreapi/src/test/resources/features/Product.feature
12:54:30.857 [main] DEBUG net.thucydides.core.steps.StepEventBus -- Test suite started for story net.thucydides.core.model.Story@98a31365
12:54:30.858 [main] INFO  -- Test Suite Started: Access Product from Shop
12:54:30.858 [main] DEBUG io.cucumber.core.plugin.SerenityReporter -- Running feature from file:///D:/Intelij/REST%20API/fakestoreapi/src/test/resources/features/User.feature
12:54:30.868 [main] DEBUG net.thucydides.core.steps.StepEventBus -- Test suite started for story net.thucydides.core.model.Story@44965f7f
12:54:30.869 [main] INFO  -- Test Suite Started: USER feature
12:54:30.870 [main] DEBUG io.cucumber.core.plugin.SerenityReporter -- Running feature from file:///D:/Intelij/REST%20API/fakestoreapi/src/test/resources/features/Cart.feature
12:54:30.879 [main] DEBUG net.thucydides.core.steps.StepEventBus -- Test suite started for story net.thucydides.core.model.Story@d87dff42
12:54:30.879 [main] INFO  -- Test Suite Started: CART of product

Scenario: GET single cart by id             &amp#27;[90m# src/test/resources/features/Cart.feature:5&amp#27;[0m
12:54:31.123 [main] DEBUG io.cucumber.core.plugin.SerenityReporter -- Running feature from file:///D:/Intelij/REST%20API/fakestoreapi/src/test/resources/features/Cart.feature
12:54:31.525 [main] INFO  -- 
  _____   ___   ___   _____     ___   _____     _     ___   _____   ___   ___  
 |_   _| | __| / __| |_   _|   / __| |_   _|   /_\   | _ \ |_   _| | __| |   \ 
   | |   | _|  \__ \   | |     \__ \   | |    / _ \  |   /   | |   | _|  | |) |
   |_|   |___| |___/   |_|     |___/   |_|   /_/ \_\ |_|_\   |_|   |___| |___/ 

GET single cart by id(cart-of-product;get-single-cart-by-id)
--------------------------------------------------------------------------------
12:54:31.688 [main] DEBUG net.thucydides.core.requirements.model.cucumber.CucumberParser -- Loading feature D:\Intelij\REST API\fakestoreapi\src\test\resources\features\Cart.feature
12:54:31.721 [main] DEBUG net.thucydides.core.requirements.model.cucumber.CucumberParser -- Loading feature D:\Intelij\REST API\fakestoreapi\src\test\resources\features\Login.feature
12:54:31.735 [main] DEBUG net.thucydides.core.requirements.model.cucumber.CucumberParser -- Loading feature D:\Intelij\REST API\fakestoreapi\src\test\resources\features\Product.feature
12:54:31.757 [main] DEBUG net.thucydides.core.requirements.model.cucumber.CucumberParser -- Loading feature D:\Intelij\REST API\fakestoreapi\src\test\resources\features\User.feature
12:54:33.362 [main] DEBUG net.thucydides.core.steps.StepInterceptor -- STARTING STEP: CartSteps.setGetCartIdEnpoint - I set GET cart endpoint
12:54:33.365 [main] DEBUG net.thucydides.core.steps.StepInterceptor -- STEP DONE: I set GET cart endpoint
  &amp#27;[32mGiven &amp#27;[0m&amp#27;[32mI set GET cart endpoint&amp#27;[0m             &amp#27;[90m# starter.stepdefinition.CartSteps.setGetCartIdEnpoint()&amp#27;[0m
12:54:33.389 [main] DEBUG net.thucydides.core.steps.StepInterceptor -- STARTING STEP: CartSteps.sendRequestGetIdCart - I send HTTP request for GET the Cart
12:54:37.515 [main] DEBUG net.thucydides.core.steps.StepInterceptor -- STARTING STEP: GetbyIdCart.sendRequestIDCart - I set GET cart endpoint
12:54:37.516 [main] DEBUG net.thucydides.core.steps.StepInterceptor -- STEP DONE: I set GET cart endpoint
12:54:39.786 [main] DEBUG org.apache.http.impl.conn.BasicClientConnectionManager -- Get connection for route {s}->https://fakestoreapi.com:443
12:54:40.040 [main] DEBUG org.apache.http.impl.conn.DefaultClientConnectionOperator -- Connecting to fakestoreapi.com:443
12:54:41.198 [main] DEBUG org.apache.http.client.protocol.RequestAddCookies -- CookieSpec selected: ignoreCookies
12:54:41.201 [main] DEBUG org.apache.http.client.protocol.RequestAuthCache -- Auth cache not set in the context
12:54:41.201 [main] DEBUG org.apache.http.client.protocol.RequestTargetAuthentication -- Target auth state: UNCHALLENGED
12:54:41.202 [main] DEBUG org.apache.http.client.protocol.RequestProxyAuthentication -- Proxy auth state: UNCHALLENGED
12:54:41.203 [main] DEBUG org.apache.http.impl.client.DefaultHttpClient -- Attempt 1 to execute request
12:54:41.203 [main] DEBUG org.apache.http.impl.conn.DefaultClientConnection -- Sending request: GET /carts/1 HTTP/1.1
12:54:41.204 [main] DEBUG org.apache.http.wire --  >> "GET /carts/1 HTTP/1.1[\r][\n]"
12:54:41.206 [main] DEBUG org.apache.http.wire --  >> "Accept: */*[\r][\n]"
12:54:41.207 [main] DEBUG org.apache.http.wire --  >> "Host: fakestoreapi.com[\r][\n]"
12:54:41.207 [main] DEBUG org.apache.http.wire --  >> "Connection: Keep-Alive[\r][\n]"
12:54:41.208 [main] DEBUG org.apache.http.wire --  >> "User-Agent: Apache-HttpClient/4.5.13 (Java/20)[\r][\n]"
12:54:41.208 [main] DEBUG org.apache.http.wire --  >> "Accept-Encoding: gzip,deflate[\r][\n]"
12:54:41.209 [main] DEBUG org.apache.http.wire --  >> "[\r][\n]"
12:54:41.209 [main] DEBUG org.apache.http.headers -- >> GET /carts/1 HTTP/1.1
12:54:41.210 [main] DEBUG org.apache.http.headers -- >> Accept: */*
12:54:41.210 [main] DEBUG org.apache.http.headers -- >> Host: fakestoreapi.com
12:54:41.210 [main] DEBUG org.apache.http.headers -- >> Connection: Keep-Alive
12:54:41.210 [main] DEBUG org.apache.http.headers -- >> User-Agent: Apache-HttpClient/4.5.13 (Java/20)
12:54:41.211 [main] DEBUG org.apache.http.headers -- >> Accept-Encoding: gzip,deflate
12:54:42.103 [main] DEBUG org.apache.http.wire --  << "HTTP/1.1 200 OK[\r][\n]"
12:54:42.108 [main] DEBUG org.apache.http.wire --  << "Date: Sun, 16 Apr 2023 05:54:42 GMT[\r][\n]"
12:54:42.110 [main] DEBUG org.apache.http.wire --  << "Content-Type: application/json; charset=utf-8[\r][\n]"
12:54:42.110 [main] DEBUG org.apache.http.wire --  << "Transfer-Encoding: chunked[\r][\n]"
12:54:42.110 [main] DEBUG org.apache.http.wire --  << "Connection: keep-alive[\r][\n]"
12:54:42.111 [main] DEBUG org.apache.http.wire --  << "Access-Control-Allow-Origin: *[\r][\n]"
12:54:42.111 [main] DEBUG org.apache.http.wire --  << "Etag: W/"a1-wvAyaNKAHffOoZd5/I4wHuNFvSs"[\r][\n]"
12:54:42.111 [main] DEBUG org.apache.http.wire --  << "X-Powered-By: Express[\r][\n]"
12:54:42.112 [main] DEBUG org.apache.http.wire --  << "CF-Cache-Status: DYNAMIC[\r][\n]"
12:54:42.112 [main] DEBUG org.apache.http.wire --  << "Report-To: {"endpoints":[{"url":"https:\/\/a.nel.cloudflare.com\/report\/v3?s=hMegUDvw4VLoBEUBlALDnRMgd5Elx24exMmpqocnXNEjacXANuQ7S03syFf5Oa41HoRHl4H%2BYuENdttca%2F0sPnGYYHm9eD3JWSzcfksZpA17Qht3ymQbgS1jMEEz8qf8Y1lv"}],"group":"cf-nel","max_age":604800}[\r][\n]"
12:54:42.112 [main] DEBUG org.apache.http.wire --  << "NEL: {"success_fraction":0,"report_to":"cf-nel","max_age":604800}[\r][\n]"
12:54:42.113 [main] DEBUG org.apache.http.wire --  << "Server: cloudflare[\r][\n]"
12:54:42.113 [main] DEBUG org.apache.http.wire --  << "CF-RAY: 7b8a2cd21e2e91cb-SIN[\r][\n]"
12:54:42.113 [main] DEBUG org.apache.http.wire --  << "Content-Encoding: gzip[\r][\n]"
12:54:42.113 [main] DEBUG org.apache.http.wire --  << "alt-svc: h3=":443"; ma=86400, h3-29=":443"; ma=86400[\r][\n]"
12:54:42.114 [main] DEBUG org.apache.http.wire --  << "[\r][\n]"
12:54:42.118 [main] DEBUG org.apache.http.impl.conn.DefaultClientConnection -- Receiving response: HTTP/1.1 200 OK
12:54:42.118 [main] DEBUG org.apache.http.headers -- << HTTP/1.1 200 OK
12:54:42.119 [main] DEBUG org.apache.http.headers -- << Date: Sun, 16 Apr 2023 05:54:42 GMT
12:54:42.119 [main] DEBUG org.apache.http.headers -- << Content-Type: application/json; charset=utf-8
12:54:42.119 [main] DEBUG org.apache.http.headers -- << Transfer-Encoding: chunked
12:54:42.119 [main] DEBUG org.apache.http.headers -- << Connection: keep-alive
12:54:42.119 [main] DEBUG org.apache.http.headers -- << Access-Control-Allow-Origin: *
12:54:42.119 [main] DEBUG org.apache.http.headers -- << Etag: W/"a1-wvAyaNKAHffOoZd5/I4wHuNFvSs"
12:54:42.119 [main] DEBUG org.apache.http.headers -- << X-Powered-By: Express
12:54:42.120 [main] DEBUG org.apache.http.headers -- << CF-Cache-Status: DYNAMIC
12:54:42.120 [main] DEBUG org.apache.http.headers -- << Report-To: {"endpoints":[{"url":"https:\/\/a.nel.cloudflare.com\/report\/v3?s=hMegUDvw4VLoBEUBlALDnRMgd5Elx24exMmpqocnXNEjacXANuQ7S03syFf5Oa41HoRHl4H%2BYuENdttca%2F0sPnGYYHm9eD3JWSzcfksZpA17Qht3ymQbgS1jMEEz8qf8Y1lv"}],"group":"cf-nel","max_age":604800}
12:54:42.121 [main] DEBUG org.apache.http.headers -- << NEL: {"success_fraction":0,"report_to":"cf-nel","max_age":604800}
12:54:42.121 [main] DEBUG org.apache.http.headers -- << Server: cloudflare
12:54:42.121 [main] DEBUG org.apache.http.headers -- << CF-RAY: 7b8a2cd21e2e91cb-SIN
12:54:42.121 [main] DEBUG org.apache.http.headers -- << Content-Encoding: gzip
12:54:42.121 [main] DEBUG org.apache.http.headers -- << alt-svc: h3=":443"; ma=86400, h3-29=":443"; ma=86400
12:54:42.144 [main] DEBUG org.apache.http.impl.client.DefaultHttpClient -- Connection can be kept alive indefinitely
12:54:42.167 [main] DEBUG io.restassured.internal.RestAssuredHttpBuilder -- Parsing response as: application/json; charset=utf-8
12:54:42.168 [main] DEBUG org.apache.http.wire --  << "7c[\r][\n]"
12:54:42.169 [main] DEBUG org.apache.http.wire --  << "[0x1f][0x8b][0x8][0x0][0x0][0x0][0x0][0x0][0x0][0x3][0xaa]V[0xca]LQ[0xb2]2[0xd4]Q*-N-[0xf2][0x84]0S[0x12]KR[0x95][0xac][0x94][0x8c][0xc][0x8c][0xc]t[\r][0x8c]u[\r][0x8c]B[0xc][0xc][0xac][0xc0]H[0xcf][0xc0][0xc0] JIG[0xa9][0xa0](?[0xa5]4[0xb9][0xa4]X[0xc9]*[0xba][0x1a][0xc6][0x81]j.,M[0xcc]+[0xc9],[0xa9]T[0xb2]2[0xa9][0xd5]A[0x91]4B[0x96]4D[0x93]4F[0x96]4[0xab][0x8d][0xd5]Q[0x8a][0x8f]/S[0xb2]2[0xa8][0x5][0x0][0x0][0x0][0xff][0xff][0x3][0x0][0x8][0xed][0xd1][0xed][0xa1][0x0][0x0][0x0]"
12:54:42.169 [main] DEBUG org.apache.http.wire --  << "[\r][\n]"
12:54:42.170 [main] DEBUG org.apache.http.wire --  << "0[\r][\n]"
12:54:42.170 [main] DEBUG org.apache.http.wire --  << "[\r][\n]"
12:54:42.170 [main] DEBUG io.restassured.internal.RestAssuredHttpBuilder -- Parsed data to instance of: class org.apache.http.conn.EofSensorInputStream
12:54:42.375 [main] DEBUG org.apache.http.impl.conn.BasicClientConnectionManager -- Releasing connection org.apache.http.impl.conn.ManagedClientConnectionImpl@40b54762
12:54:42.376 [main] DEBUG org.apache.http.impl.conn.BasicClientConnectionManager -- Connection can be kept alive indefinitely
12:54:42.477 [main] DEBUG net.thucydides.core.steps.StepInterceptor -- STEP DONE: I send HTTP request for GET the Cart
  &amp#27;[32mWhen &amp#27;[0m&amp#27;[32mI send HTTP request for GET the Cart&amp#27;[0m &amp#27;[90m# starter.stepdefinition.CartSteps.sendRequestGetIdCart()&amp#27;[0m
12:54:42.498 [main] DEBUG net.thucydides.core.steps.StepInterceptor -- STARTING STEP: CartSteps.receiveCodeGetCartId - I receive code build 200
12:54:42.622 [main] DEBUG net.thucydides.core.steps.StepInterceptor -- STEP DONE: I receive code build 200
  &amp#27;[32mThen &amp#27;[0m&amp#27;[32mI receive code build 200&amp#27;[0m             &amp#27;[90m# starter.stepdefinition.CartSteps.receiveCodeGetCartId()&amp#27;[0m
12:54:42.637 [main] DEBUG net.thucydides.core.steps.StepInterceptor -- STARTING STEP: CartSteps.verifyGetCartId - I verify that Cart can be accessed
12:54:45.076 [main] DEBUG net.thucydides.core.steps.StepInterceptor -- STEP DONE: I verify that Cart can be accessed
  &amp#27;[32mAnd &amp#27;[0m&amp#27;[32mI verify that Cart can be accessed&amp#27;[0m    &amp#27;[90m# starter.stepdefinition.CartSteps.verifyGetCartId()&amp#27;[0m
12:54:45.096 [main] INFO  -- 
  _____   ___   ___   _____     ___     _     ___   ___   ___   ___  
 |_   _| | __| / __| |_   _|   | _ \   /_\   / __| / __| | __| |   \ 
   | |   | _|  \__ \   | |     |  _/  / _ \  \__ \ \__ \ | _|  | |) |
   |_|   |___| |___/   |_|     |_|   /_/ \_\ |___/ |___/ |___| |___/ 

GET single cart by id
----------------------------------------------------------------------
]]></system-out>
  </testcase>
  <testcase name="GET carts with limit number" classname="CART of product" time="1.411">
    <system-out><![CDATA[
Scenario: GET carts with limit number        &amp#27;[90m# src/test/resources/features/Cart.feature:11&amp#27;[0m
12:54:45.161 [main] DEBUG io.cucumber.core.plugin.SerenityReporter -- Running feature from file:///D:/Intelij/REST%20API/fakestoreapi/src/test/resources/features/Cart.feature
12:54:45.189 [main] INFO  -- 
  _____   ___   ___   _____     ___   _____     _     ___   _____   ___   ___  
 |_   _| | __| / __| |_   _|   / __| |_   _|   /_\   | _ \ |_   _| | __| |   \ 
   | |   | _|  \__ \   | |     \__ \   | |    / _ \  |   /   | |   | _|  | |) |
   |_|   |___| |___/   |_|     |___/   |_|   /_/ \_\ |_|_\   |_|   |___| |___/ 

GET carts with limit number(cart-of-product;get-carts-with-limit-number)
--------------------------------------------------------------------------------
12:54:45.271 [main] DEBUG net.thucydides.core.steps.StepInterceptor -- STARTING STEP: CartSteps.setEndpointGetLimit - I set GET api endpoint for limit view
12:54:45.272 [main] DEBUG net.thucydides.core.steps.StepInterceptor -- STEP DONE: I set GET api endpoint for limit view
  &amp#27;[32mGiven &amp#27;[0m&amp#27;[32mI set for GET cart endpoint&amp#27;[0m          &amp#27;[90m# starter.stepdefinition.CartSteps.setEndpointGetLimit()&amp#27;[0m
12:54:45.285 [main] DEBUG net.thucydides.core.steps.StepInterceptor -- STARTING STEP: CartSteps.setRequestLimitCart - I send request with Limit Get
12:54:45.291 [main] DEBUG net.thucydides.core.steps.StepInterceptor -- STARTING STEP: GetWithLimitCart.sendTheLimitCartRequest - I set GET api endpoint for limit view
12:54:45.292 [main] DEBUG net.thucydides.core.steps.StepInterceptor -- STEP DONE: I set GET api endpoint for limit view
12:54:45.385 [main] DEBUG org.apache.http.impl.conn.BasicClientConnectionManager -- Get connection for route {s}->https://fakestoreapi.com:443
12:54:45.386 [main] DEBUG org.apache.http.impl.conn.DefaultClientConnectionOperator -- Connecting to fakestoreapi.com:443
12:54:45.623 [main] DEBUG org.apache.http.client.protocol.RequestAddCookies -- CookieSpec selected: ignoreCookies
12:54:45.623 [main] DEBUG org.apache.http.client.protocol.RequestAuthCache -- Auth cache not set in the context
12:54:45.624 [main] DEBUG org.apache.http.client.protocol.RequestTargetAuthentication -- Target auth state: UNCHALLENGED
12:54:45.624 [main] DEBUG org.apache.http.client.protocol.RequestProxyAuthentication -- Proxy auth state: UNCHALLENGED
12:54:45.624 [main] DEBUG org.apache.http.impl.client.DefaultHttpClient -- Attempt 1 to execute request
12:54:45.624 [main] DEBUG org.apache.http.impl.conn.DefaultClientConnection -- Sending request: GET /carts?limit=3 HTTP/1.1
12:54:45.624 [main] DEBUG org.apache.http.wire --  >> "GET /carts?limit=3 HTTP/1.1[\r][\n]"
12:54:45.624 [main] DEBUG org.apache.http.wire --  >> "Accept: */*[\r][\n]"
12:54:45.624 [main] DEBUG org.apache.http.wire --  >> "Host: fakestoreapi.com[\r][\n]"
12:54:45.625 [main] DEBUG org.apache.http.wire --  >> "Connection: Keep-Alive[\r][\n]"
12:54:45.626 [main] DEBUG org.apache.http.wire --  >> "User-Agent: Apache-HttpClient/4.5.13 (Java/20)[\r][\n]"
12:54:45.626 [main] DEBUG org.apache.http.wire --  >> "Accept-Encoding: gzip,deflate[\r][\n]"
12:54:45.626 [main] DEBUG org.apache.http.wire --  >> "[\r][\n]"
12:54:45.626 [main] DEBUG org.apache.http.headers -- >> GET /carts?limit=3 HTTP/1.1
12:54:45.626 [main] DEBUG org.apache.http.headers -- >> Accept: */*
12:54:45.626 [main] DEBUG org.apache.http.headers -- >> Host: fakestoreapi.com
12:54:45.626 [main] DEBUG org.apache.http.headers -- >> Connection: Keep-Alive
12:54:45.626 [main] DEBUG org.apache.http.headers -- >> User-Agent: Apache-HttpClient/4.5.13 (Java/20)
12:54:45.627 [main] DEBUG org.apache.http.headers -- >> Accept-Encoding: gzip,deflate
12:54:46.211 [main] DEBUG org.apache.http.wire --  << "HTTP/1.1 200 OK[\r][\n]"
12:54:46.211 [main] DEBUG org.apache.http.wire --  << "Date: Sun, 16 Apr 2023 05:54:46 GMT[\r][\n]"
12:54:46.211 [main] DEBUG org.apache.http.wire --  << "Content-Type: application/json; charset=utf-8[\r][\n]"
12:54:46.211 [main] DEBUG org.apache.http.wire --  << "Transfer-Encoding: chunked[\r][\n]"
12:54:46.211 [main] DEBUG org.apache.http.wire --  << "Connection: keep-alive[\r][\n]"
12:54:46.211 [main] DEBUG org.apache.http.wire --  << "Access-Control-Allow-Origin: *[\r][\n]"
12:54:46.211 [main] DEBUG org.apache.http.wire --  << "Etag: W/"1cb-k9STtBKwUNpGzaiwMY35nM5R8kQ"[\r][\n]"
12:54:46.211 [main] DEBUG org.apache.http.wire --  << "X-Powered-By: Express[\r][\n]"
12:54:46.212 [main] DEBUG org.apache.http.wire --  << "CF-Cache-Status: DYNAMIC[\r][\n]"
12:54:46.212 [main] DEBUG org.apache.http.wire --  << "Report-To: {"endpoints":[{"url":"https:\/\/a.nel.cloudflare.com\/report\/v3?s=VLiGp6%2BCikgCwnhw%2Fg96oJvldUTmRkdYOFPKP3CtQeU%2Bxmdaaj5w65VxOnQxvtMzhyK%2F9r%2Fdhfks9%2BU5yUWQQWy5Y9uG0WYSAW69ow8zUsuEKkJD%2Fib6nx6pd2ZKSpBnlJL8"}],"group":"cf-nel","max_age":604800}[\r][\n]"
12:54:46.212 [main] DEBUG org.apache.http.wire --  << "NEL: {"success_fraction":0,"report_to":"cf-nel","max_age":604800}[\r][\n]"
12:54:46.212 [main] DEBUG org.apache.http.wire --  << "Server: cloudflare[\r][\n]"
12:54:46.212 [main] DEBUG org.apache.http.wire --  << "CF-RAY: 7b8a2cedbb226bf4-SIN[\r][\n]"
12:54:46.212 [main] DEBUG org.apache.http.wire --  << "Content-Encoding: gzip[\r][\n]"
12:54:46.212 [main] DEBUG org.apache.http.wire --  << "alt-svc: h3=":443"; ma=86400, h3-29=":443"; ma=86400[\r][\n]"
12:54:46.212 [main] DEBUG org.apache.http.wire --  << "[\r][\n]"
12:54:46.212 [main] DEBUG org.apache.http.impl.conn.DefaultClientConnection -- Receiving response: HTTP/1.1 200 OK
12:54:46.212 [main] DEBUG org.apache.http.headers -- << HTTP/1.1 200 OK
12:54:46.212 [main] DEBUG org.apache.http.headers -- << Date: Sun, 16 Apr 2023 05:54:46 GMT
12:54:46.212 [main] DEBUG org.apache.http.headers -- << Content-Type: application/json; charset=utf-8
12:54:46.212 [main] DEBUG org.apache.http.headers -- << Transfer-Encoding: chunked
12:54:46.212 [main] DEBUG org.apache.http.headers -- << Connection: keep-alive
12:54:46.213 [main] DEBUG org.apache.http.headers -- << Access-Control-Allow-Origin: *
12:54:46.213 [main] DEBUG org.apache.http.headers -- << Etag: W/"1cb-k9STtBKwUNpGzaiwMY35nM5R8kQ"
12:54:46.213 [main] DEBUG org.apache.http.headers -- << X-Powered-By: Express
12:54:46.213 [main] DEBUG org.apache.http.headers -- << CF-Cache-Status: DYNAMIC
12:54:46.213 [main] DEBUG org.apache.http.headers -- << Report-To: {"endpoints":[{"url":"https:\/\/a.nel.cloudflare.com\/report\/v3?s=VLiGp6%2BCikgCwnhw%2Fg96oJvldUTmRkdYOFPKP3CtQeU%2Bxmdaaj5w65VxOnQxvtMzhyK%2F9r%2Fdhfks9%2BU5yUWQQWy5Y9uG0WYSAW69ow8zUsuEKkJD%2Fib6nx6pd2ZKSpBnlJL8"}],"group":"cf-nel","max_age":604800}
12:54:46.213 [main] DEBUG org.apache.http.headers -- << NEL: {"success_fraction":0,"report_to":"cf-nel","max_age":604800}
12:54:46.213 [main] DEBUG org.apache.http.headers -- << Server: cloudflare
12:54:46.213 [main] DEBUG org.apache.http.headers -- << CF-RAY: 7b8a2cedbb226bf4-SIN
12:54:46.213 [main] DEBUG org.apache.http.headers -- << Content-Encoding: gzip
12:54:46.213 [main] DEBUG org.apache.http.headers -- << alt-svc: h3=":443"; ma=86400, h3-29=":443"; ma=86400
12:54:46.213 [main] DEBUG org.apache.http.impl.client.DefaultHttpClient -- Connection can be kept alive indefinitely
12:54:46.214 [main] DEBUG io.restassured.internal.RestAssuredHttpBuilder -- Parsing response as: application/json; charset=utf-8
12:54:46.214 [main] DEBUG org.apache.http.wire --  << "ab[\r][\n]"
12:54:46.214 [main] DEBUG org.apache.http.wire --  << "[0x1f][0x8b][0x8][0x0][0x0][0x0][0x0][0x0][0x0][0x3][0x9c][0x90][0xcb][\n]"
12:54:46.214 [main] DEBUG org.apache.http.wire --  << "[0xc2]0[0x10]E[0xff][0xe5][0xae]S[0x99]LTp[0xfe][0xc0][0xbd]+K)[0xc5]t[0x91][0x8d][0x8f]6[0x15][0xa4][0xf4][0xdf]E[0xab]4IQP[0x98][0xc5][0xc]g.[0x1c]n[0xde][0xc3]Y[0x88]V[0xe8][0xda][0xba][0xd9][0x8e][0xab][0xad]|[\r][0x1][0x13]SF&#[0xde][0x11][0xc9]s[0x16]D[0xb4][0x87][0xc2][0xb9]9[0xd9][0xee][0xe0][H[0xde][0xbf][0x8f]W[0xf8][0xd2]UG[0xef][0xfc][\r][0xb2][0x1c]T[0x4]9[0x84]:[0x81]&[0x84][0xeb][0xa1]P([0xcb]+[0x84][0x1e]on[0xc]2[0xd4][0xbf][0x18][0xf2]7[0xc3]H_SBW![0xe5][0xb9][0xa2][0x99][0x14]y^[0xa2][0xfe][0xaf]DN$6q[0x89][0x93]Dq[0x7][0x0][0x0][0xff][0xff][0x3][0x0][0x9a]K[0x1d][0x97][0xcb][0x1][0x0][0x0]"
12:54:46.214 [main] DEBUG org.apache.http.wire --  << "[\r][\n]"
12:54:46.215 [main] DEBUG org.apache.http.wire --  << "0[\r][\n]"
12:54:46.215 [main] DEBUG org.apache.http.wire --  << "[\r][\n]"
12:54:46.215 [main] DEBUG io.restassured.internal.RestAssuredHttpBuilder -- Parsed data to instance of: class org.apache.http.conn.EofSensorInputStream
12:54:46.217 [main] DEBUG org.apache.http.impl.conn.BasicClientConnectionManager -- Releasing connection org.apache.http.impl.conn.ManagedClientConnectionImpl@10830d50
12:54:46.217 [main] DEBUG org.apache.http.impl.conn.BasicClientConnectionManager -- Connection can be kept alive indefinitely
12:54:46.221 [main] DEBUG net.thucydides.core.steps.StepInterceptor -- STEP DONE: I send request with Limit Get
  &amp#27;[32mWhen &amp#27;[0m&amp#27;[32mI set the limit desc for GET the cart&amp#27;[0m &amp#27;[90m# starter.stepdefinition.CartSteps.setRequestLimitCart()&amp#27;[0m
12:54:46.233 [main] DEBUG net.thucydides.core.steps.StepInterceptor -- STARTING STEP: CartSteps.receive200CodeCartLimit - I got verified code success 200
12:54:46.235 [main] DEBUG net.thucydides.core.steps.StepInterceptor -- STEP DONE: I got verified code success 200
  &amp#27;[32mThen &amp#27;[0m&amp#27;[32mI receive 200 code response&amp#27;[0m           &amp#27;[90m# starter.stepdefinition.CartSteps.receive200CodeCartLimit()&amp#27;[0m
12:54:46.250 [main] DEBUG net.thucydides.core.steps.StepInterceptor -- STARTING STEP: CartSteps.gotCartWithLimit - I receive the cart list with desc
12:54:46.500 [main] DEBUG net.thucydides.core.steps.StepInterceptor -- STEP DONE: I receive the cart list with desc
  &amp#27;[32mAnd &amp#27;[0m&amp#27;[32mI got the carts with limit I set&amp#27;[0m       &amp#27;[90m# starter.stepdefinition.CartSteps.gotCartWithLimit()&amp#27;[0m
12:54:46.518 [main] INFO  -- 
  _____   ___   ___   _____     ___     _     ___   ___   ___   ___  
 |_   _| | __| / __| |_   _|   | _ \   /_\   / __| / __| | __| |   \ 
   | |   | _|  \__ \   | |     |  _/  / _ \  \__ \ \__ \ | _|  | |) |
   |_|   |___| |___/   |_|     |_|   /_/ \_\ |___/ |___/ |___| |___/ 

GET carts with limit number
----------------------------------------------------------------------
]]></system-out>
  </testcase>
  <testcase name="Short Result by Desc GET Cart" classname="CART of product" time="1.9">
    <system-out><![CDATA[
Scenario: Short Result by Desc GET Cart       &amp#27;[90m# src/test/resources/features/Cart.feature:17&amp#27;[0m
12:54:46.564 [main] DEBUG io.cucumber.core.plugin.SerenityReporter -- Running feature from file:///D:/Intelij/REST%20API/fakestoreapi/src/test/resources/features/Cart.feature
12:54:46.590 [main] INFO  -- 
  _____   ___   ___   _____     ___   _____     _     ___   _____   ___   ___  
 |_   _| | __| / __| |_   _|   / __| |_   _|   /_\   | _ \ |_   _| | __| |   \ 
   | |   | _|  \__ \   | |     \__ \   | |    / _ \  |   /   | |   | _|  | |) |
   |_|   |___| |___/   |_|     |___/   |_|   /_/ \_\ |_|_\   |_|   |___| |___/ 

Short Result by Desc GET Cart(cart-of-product;short-result-by-desc-get-cart)
--------------------------------------------------------------------------------
12:54:46.691 [main] DEBUG net.thucydides.core.steps.StepInterceptor -- STARTING STEP: CartSteps.setGETcartShortList - I set for GET cart endpoint
12:54:46.696 [main] DEBUG net.thucydides.core.steps.StepInterceptor -- STEP DONE: I set for GET cart endpoint
  &amp#27;[32mGiven &amp#27;[0m&amp#27;[32mI set GET api endpoint for limit view&amp#27;[0m &amp#27;[90m# starter.stepdefinition.CartSteps.setGETcartShortList()&amp#27;[0m
12:54:46.711 [main] DEBUG net.thucydides.core.steps.StepInterceptor -- STARTING STEP: CartSteps.sendRequestLimitGetCart - I set the limit desc for GET the cart
12:54:46.725 [main] DEBUG net.thucydides.core.steps.StepInterceptor -- STARTING STEP: GetShortListCart.setLimitDescCart - I set for GET cart endpoint
12:54:46.726 [main] DEBUG net.thucydides.core.steps.StepInterceptor -- STEP DONE: I set for GET cart endpoint
12:54:46.790 [main] DEBUG org.apache.http.impl.conn.BasicClientConnectionManager -- Get connection for route {s}->https://fakestoreapi.com:443
12:54:46.792 [main] DEBUG org.apache.http.impl.conn.DefaultClientConnectionOperator -- Connecting to fakestoreapi.com:443
12:54:46.991 [main] DEBUG org.apache.http.client.protocol.RequestAddCookies -- CookieSpec selected: ignoreCookies
12:54:46.992 [main] DEBUG org.apache.http.client.protocol.RequestAuthCache -- Auth cache not set in the context
12:54:46.992 [main] DEBUG org.apache.http.client.protocol.RequestTargetAuthentication -- Target auth state: UNCHALLENGED
12:54:46.992 [main] DEBUG org.apache.http.client.protocol.RequestProxyAuthentication -- Proxy auth state: UNCHALLENGED
12:54:46.993 [main] DEBUG org.apache.http.impl.client.DefaultHttpClient -- Attempt 1 to execute request
12:54:46.993 [main] DEBUG org.apache.http.impl.conn.DefaultClientConnection -- Sending request: GET /?sort=desc HTTP/1.1
12:54:46.994 [main] DEBUG org.apache.http.wire --  >> "GET /?sort=desc HTTP/1.1[\r][\n]"
12:54:46.994 [main] DEBUG org.apache.http.wire --  >> "Accept: */*[\r][\n]"
12:54:46.994 [main] DEBUG org.apache.http.wire --  >> "Host: fakestoreapi.com[\r][\n]"
12:54:46.995 [main] DEBUG org.apache.http.wire --  >> "Connection: Keep-Alive[\r][\n]"
12:54:46.995 [main] DEBUG org.apache.http.wire --  >> "User-Agent: Apache-HttpClient/4.5.13 (Java/20)[\r][\n]"
12:54:46.995 [main] DEBUG org.apache.http.wire --  >> "Accept-Encoding: gzip,deflate[\r][\n]"
12:54:46.995 [main] DEBUG org.apache.http.wire --  >> "[\r][\n]"
12:54:46.996 [main] DEBUG org.apache.http.headers -- >> GET /?sort=desc HTTP/1.1
12:54:46.996 [main] DEBUG org.apache.http.headers -- >> Accept: */*
12:54:46.996 [main] DEBUG org.apache.http.headers -- >> Host: fakestoreapi.com
12:54:46.996 [main] DEBUG org.apache.http.headers -- >> Connection: Keep-Alive
12:54:46.996 [main] DEBUG org.apache.http.headers -- >> User-Agent: Apache-HttpClient/4.5.13 (Java/20)
12:54:46.996 [main] DEBUG org.apache.http.headers -- >> Accept-Encoding: gzip,deflate
12:54:47.817 [main] DEBUG org.apache.http.wire --  << "HTTP/1.1 200 OK[\r][\n]"
12:54:47.817 [main] DEBUG org.apache.http.wire --  << "Date: Sun, 16 Apr 2023 05:54:48 GMT[\r][\n]"
12:54:47.817 [main] DEBUG org.apache.http.wire --  << "Content-Type: text/html; charset=utf-8[\r][\n]"
12:54:47.818 [main] DEBUG org.apache.http.wire --  << "Transfer-Encoding: chunked[\r][\n]"
12:54:47.818 [main] DEBUG org.apache.http.wire --  << "Connection: keep-alive[\r][\n]"
12:54:47.818 [main] DEBUG org.apache.http.wire --  << "Access-Control-Allow-Origin: *[\r][\n]"
12:54:47.818 [main] DEBUG org.apache.http.wire --  << "X-Powered-By: Express[\r][\n]"
12:54:47.818 [main] DEBUG org.apache.http.wire --  << "CF-Cache-Status: DYNAMIC[\r][\n]"
12:54:47.818 [main] DEBUG org.apache.http.wire --  << "Report-To: {"endpoints":[{"url":"https:\/\/a.nel.cloudflare.com\/report\/v3?s=R6UwYbFmPatqI%2FPtoPB7UksBCBBz1NQjB2K%2FLuV7XSnDwjLUn4U%2FoOm5mvi2OKc%2F9HCkr4P5Q%2FxZOZzmxYyvJY9fOaC3IM%2BzHA9fBXtc%2BkBwBD9Wi%2FVxlI0sZs3zjjVLU%2BXF"}],"group":"cf-nel","max_age":604800}[\r][\n]"
12:54:47.818 [main] DEBUG org.apache.http.wire --  << "NEL: {"success_fraction":0,"report_to":"cf-nel","max_age":604800}[\r][\n]"
12:54:47.818 [main] DEBUG org.apache.http.wire --  << "Server: cloudflare[\r][\n]"
12:54:47.818 [main] DEBUG org.apache.http.wire --  << "CF-RAY: 7b8a2cf64b554649-SIN[\r][\n]"
12:54:47.818 [main] DEBUG org.apache.http.wire --  << "Content-Encoding: gzip[\r][\n]"
12:54:47.818 [main] DEBUG org.apache.http.wire --  << "alt-svc: h3=":443"; ma=86400, h3-29=":443"; ma=86400[\r][\n]"
12:54:47.819 [main] DEBUG org.apache.http.wire --  << "[\r][\n]"
12:54:47.819 [main] DEBUG org.apache.http.impl.conn.DefaultClientConnection -- Receiving response: HTTP/1.1 200 OK
12:54:47.819 [main] DEBUG org.apache.http.headers -- << HTTP/1.1 200 OK
12:54:47.819 [main] DEBUG org.apache.http.headers -- << Date: Sun, 16 Apr 2023 05:54:48 GMT
12:54:47.819 [main] DEBUG org.apache.http.headers -- << Content-Type: text/html; charset=utf-8
12:54:47.819 [main] DEBUG org.apache.http.headers -- << Transfer-Encoding: chunked
12:54:47.819 [main] DEBUG org.apache.http.headers -- << Connection: keep-alive
12:54:47.819 [main] DEBUG org.apache.http.headers -- << Access-Control-Allow-Origin: *
12:54:47.819 [main] DEBUG org.apache.http.headers -- << X-Powered-By: Express
12:54:47.819 [main] DEBUG org.apache.http.headers -- << CF-Cache-Status: DYNAMIC
12:54:47.819 [main] DEBUG org.apache.http.headers -- << Report-To: {"endpoints":[{"url":"https:\/\/a.nel.cloudflare.com\/report\/v3?s=R6UwYbFmPatqI%2FPtoPB7UksBCBBz1NQjB2K%2FLuV7XSnDwjLUn4U%2FoOm5mvi2OKc%2F9HCkr4P5Q%2FxZOZzmxYyvJY9fOaC3IM%2BzHA9fBXtc%2BkBwBD9Wi%2FVxlI0sZs3zjjVLU%2BXF"}],"group":"cf-nel","max_age":604800}
12:54:47.819 [main] DEBUG org.apache.http.headers -- << NEL: {"success_fraction":0,"report_to":"cf-nel","max_age":604800}
12:54:47.820 [main] DEBUG org.apache.http.headers -- << Server: cloudflare
12:54:47.820 [main] DEBUG org.apache.http.headers -- << CF-RAY: 7b8a2cf64b554649-SIN
12:54:47.820 [main] DEBUG org.apache.http.headers -- << Content-Encoding: gzip
12:54:47.820 [main] DEBUG org.apache.http.headers -- << alt-svc: h3=":443"; ma=86400, h3-29=":443"; ma=86400
12:54:47.820 [main] DEBUG org.apache.http.impl.client.DefaultHttpClient -- Connection can be kept alive indefinitely
12:54:47.821 [main] DEBUG io.restassured.internal.RestAssuredHttpBuilder -- Parsing response as: text/html; charset=utf-8
12:54:47.821 [main] DEBUG org.apache.http.wire --  << "9aa[\r][\n]"
12:54:47.821 [main] DEBUG org.apache.http.wire --  << "[0x1f][0x8b][0x8][0x0][0x0][0x0][0x0][0x0][0x0][0x3][0xb4]Yms[0xe3][0xb6][0x11][0xfe][0xae]_[0xb1][0xe1]M+[0xa9]1IK[0xee][0xd9][0x17][0x9f][0xc8][0x1b][0xc7]vrn/[0x89][0xe7]N[0xd7][0x99]N&s[0x3][0x11]K[0x12]6[0x8][0xb0][0x0]hYi[0xf2][0xdf];[0x0])[0x89][0xa4]$[0xfb].m[0xf5][0xc1]$[0x81][0xdd]g[0x17][0xfb][\n]"
12:54:47.821 [main] DEBUG org.apache.http.wire --  << "[0xc0][0xb3][0xaf][0xae]~[0xba][0x9c][0xff][0xf3][0xf6][0x1a]rS[0xf0]x0[0xb3][0xf][0xe0]Dd[0x91][0x87][0xc2][0xb3][0x3]Hh<[0x98][0x15]h[0x8]$9Q[0x1a]M[0xe4]}[0x9c][0xe7][0xbf][0xf2][0xd6][0xc3][0x82][0x14][0x18]y[0xf][0xc][0x97][0xa5]T[0xc6][0x83]D[\n]"
12:54:47.821 [main] DEBUG org.apache.http.wire --  << "[0x83][0xc2]D[0xde][0x92]Q[0x93]G[0x14][0x1f]X[0x82][0xbe][0xfb]8[0x2]&[0x98]a[0x84][0xfb]:![0x1c][0xa3]Ip[0xdc][0x83][0xa1][0xa8][0x13][0xc5]J[0xc3][0xa4]h!}G[0xee][0x11][0xb4][0x91][\n]"
12:54:47.822 [main] DEBUG org.apache.http.wire --  << "A[0xa1]6@J[0x6][0xa9]T[0xb0][0x92][0x95][0x2]LdQ[0xa0]J[0x10][0xa4][0x2][0x9d][0xcb][0xb2]d"[0x83]%.43[0x8][0xa5][0x92]F[0x9a]U[0x89]V[0x10]g[0xe2][0x1e][0x14][0xf2][0xc8][0xd3]f[0xc5]Q[0xe7][0x88][0xc6][0x83]\a[0x1a]y!e[0xda][0x84][0x5][0xd1][0x6]UP0[0x11]$Z[[0x1e][0xc3][0xc][0xc7][0xd8]i[0xf0][0xc1]ipq{3[0xb][0xeb][0xd1]6")K[0x8e][0xbe][0x91]U[0x92][0xfb],[0xb1][0xea]k[0xf6]+[0xea][0xc8][0x9b][0xbc]:~[0x9c][0xbc]:[0xde][0xc8][0xe9][0x13][0x6][0xa5][0xc8][0xba][0xca][0xd5][0xec]V[0xe9][0xc8]c[0x5][0xc9]0[0xb4]$k[0xbc][0x93][0xe9][0xe3][0xc9]t[0x83][0x96][0x92][0x7]K[0xee][0xbb][0xd1]/[0x85][0x9a][0x9c]>NNw[0xa0][0xdc][0xe8].TA[0x4]KQo[\r]f[0xed][0x1b],q[0xb1][0x99][0xe8][0x91][0xeb][0xfb][0xc6][0x10]kz[0x92][0x12][0xc5][0xfc][0x92][0x9][0x81][0xd4]7d[0x11][0xe8][0x87][0xcc]z[0x99]K[0x15]y/^.[0x16][0x84][0xbe][0xec][0xc5]C[0xa1][0xad][0xb9]XBlD[0xf8]s[0xc6][0xf1][0xd2][0x92][0xb7]b[0xe3][0xc5][0xab][0xe3]ir[0x8a]=>[0x93]c[0x81]~[0xd2][0xa7]M[0xdd]oC[*Y[0xa2]2[0xab][0xc8][0x93][0xd9]9[0x97]6&[[0xd4])[0xf9]t[0xf3][0xde][0x83]p/[0xb5][0xb][0xa9]V[0xac][0xd7][0xe1]v[0x90][0xda][0x86]K?[0xa0]7[0xe1]t[0x88][0xeb][0xff][0x98][0xc][0x7]$V[0x8a]w[0xc]p[0x8f]N[0x10])Y[0x90][0xc8][0xe2][0x10][0x97][0xc5][0xfe]d[0xed][0xfe][0xf4][\n]"
12:54:47.822 [main] DEBUG org.apache.http.wire --  << "[0x7][0xb3]z9@[0xf4]J$[0xa0]U[0x12]y[0xb9]1[0xa5]>[0xf][0xc3][0xe5]r[0x19]dRf[0x1c][\r][0xc9][\n]"
12:54:47.822 [main] DEBUG org.apache.http.wire --  << ""H[0x86][0xca][0x8a][0xc]3C[0xb2][0xf0]N[0xbf]a4[0xfa]x[0xe1]ON[0x8f]O&[0xaf]N[0xce][0xce][0xfc][0xa9][0x17][0xcf][0xc2][0x1a]/^[0x3][0xc7][0x3]h~K&[0xa8]\[0x6][0x94][0x18][0xf2][0x8e][0xac]PA[0xb4];[0xf4][0xdb]o[0xf0][0xf3]/[0xaf][0x7][0x1b][0x9e][0xb4][0x12][0x89]55X[0x91][0xa3]1[0xfc]{3c[0x1b][0xbe][0xa0][0xac]t>"*[0xab][\n]"
12:54:47.822 [main] DEBUG org.apache.http.wire --  << "[0x14]F[0x8f]_o[0xc8]~[0xdf][0xbc]9[0x84][0xe1][0x9d][0x1e][0x1e][0x81][0xc0]%\[0x11][0x83][0xa3][0xf1][0xb8]%[0xab]&H[0xa4]HY6<[0x82]awi[0xc3][0x6][0xb4][0xbd]@[[0xaf][0xb6][0xeb][0xb][0x8]Gez*[0xba][0x12]{[0xe][0x93][0xe3][0xe3]?[0xbd][0xee]"
12:54:47.823 [main] DEBUG org.apache.http.wire --  << "L[0x94][0x84]R&[0xb2]s[0x98][0xbc],[0x1f][0xbb]S[0xb][0x92][0xdc]gJV[0x82][0xd6][0xc9]r[0xe]M>u[0xc9][0xd6]si[0x9a]v'[0xc]>[0x1a][0x9f]p[0x96][0x89]sHP[0x18]Tm{[0xf4][0xf5]%=[0x8d][0xf][0xc2].[0xa4][0xa2][0xa8][0xfc][0x85]4F[0x16][0xe7]0)[0x1f][0x81][0x12][0x9d]#[0xdd]C[0xdb][0xac][0xae]M[0xbc]_[0x87][0x84]K[0x8d][0xfe]>[0xcb][0x95]R3[0xeb][0xfa]s [0xb]-yez[0xcb]W,[0xcb][0x8d][0xb5]l[0xdf]|F[0x96][0xfb][0x86][0x9f]Y[0xd7]9[0x8])z"de8[0x13][0xb8]oj[0xd7]GF[0x11][0xa1]K[0xa2]P[0x98].i*[0x85][0xf1]mq?[0x87])[0x16][0xbd][0xc8][0x9c][0x85]M[0x14]=[0x91][0x87]%[0xc9][0x90][0xd0]i[0x93][0x8b]z%hS{]2[0xd6][0xb3][0xe1][0x9d][0xe][0x9][0xd5][0x8b]UM[0x14][0xdc][0xe9]7[0x9]g6[0xeb][0x13][0xe2][0x97][0xd5][0xc2]?y5[0xf9][0xe6][0xf4]d[0xfa][0xea][0x9b][0xb3]o[0xce][0xce]^[0x9e][0x9d]y[0x90]([0xa9][0xb5]T,c"[0xf2][0x88][0x90]bU[0xc8]JwR8l[0xb6][0x1a][0xb]IW[0xf1]`F[0xd9][0x3]$[0x9c]h[0x1d]y[0xb6][0xa6][0x10]&P[0xd9][0xba]-[0xc8][0x83]%[0xaa][0x8c][0x91][0x2][0x18][0x8d][0xbc][0x2]EU[0xf7][0x19][0xbb][0xb0][0x92][0x8][0xb]j[0x1f][0xfd][0xaf][0xb0]f[0x8a][0x7]3[0xb2][0xee]H[0xde]Z[0x4][0x97][0x99][0xf4][0xe2][0x19]+[0xb2][0xda][0x1c][0xa1][0x5][0xd4][0xa1][0x1d][0xae][0x1b][0xe1],$[0xf1]`V[0xf1][0x8d][0xc8][0xba][0xd9][0xc5]-[0xac][0xf8][0xad],[0xd0][0xd2][0xcd]B[0xce][0xfa][0xb3]T&[0xda][0x8b][0xaf]d[0xa2][0xf]P[0xac][0x1d][0x90]1[0x93]W[0xb]g[0xed]{d[0xf7][0x84]<[0xc8]J[0xb3][0xd0][0x96]b[0xdf][0xd5]b[0x9f][0x94][0xcc][0x3]CTf[0xb7]b[0x9f][0x16][0x9c][0x88]{[0xaf]n[0xb9]B[0xca][0x12][0x5]*[0x10]Ra[0x8a]JY[0x93]}[0xcf][0xcc][0xdb]j[0xb1]#[0xb5][0xf][0xd0][0xd5][0x82]JA[0xc][0x6]-[\r]\[0xfd][0x8f][0xbf][0xad]VP [0x10]Hd[0x9a]"[0xd6]V[0xa9]a[0xc3][0xca]n [0xc3][0xda]?[0x5]a[0xc2][0x15]|[0xac]Kjcf%[0x97]^[0xdf][0xb7][0xdc]/[0xa8][\n]"
12:54:47.824 [main] DEBUG org.apache.http.wire --  << "L[0x18]%[0xdd][0x8e]s[0xb2][0xb3][0xd9][0xca]'[0xf1]`V[0xc6][0xd0][0xef]|[0x17][0xb7]7[0xad][0xce][0xe7]^[0xeb][0x9b][0x85]eW[0x85][0x85][0x11]n[0xa3]GZ[0x3][0xb0]0[0xc2][0xe7][0xd6]D[0xee][0xad]T[0xac] j[0xf5][0x5]f[0xff]C^[0x8d][0xff][0xc1]p[0x9]R@[0xed]3[0xd8][0x89][0xc7][0x6][0xc6]n[0x9b][0x9a][0x88]|Bi[0x8d][0x89][0x14][0xd4][0xa9][0xdd][0x9][0xc2][0xf7]H([0xd8]H[0xdc][0xc5]_Hy[0xdf]F[0xf]){[0xd8]>[0xe][0xba][0xcd]g[0x85][0xdb]+[0xf6][0xe1][0xdc]d[0xbd][0xc9][0xb][hMP[0xec][0x8f][0xf] [0xb]Y[0xb9][0xad]d~[0xb2][0x91][0xe6][0x1a]K[0xdd]f[0xa0][0x11]=[0x99]z[0xf1][0xf7]h[0xc0]0[0x85][0x14]d[\n]"
12:54:47.824 [main] DEBUG org.apache.http.wire --  << "[0xef][0xa4][0xc2][0x2]X[0xa9][0xab][0xc2]5[0xeb]7_[0xcd][0xc2][0xfc][0xe4][0xb3]p[0xae][0x18][0x15]Cc[0xc3][0x8]R&([0x10][0xb1][0x82]T![0xb6]c[0xea][0xe2][0xf6]f[0x83]X[0xee][0x3][0xf4][0xe2][0x81]u[0xa7][0xb][0xdb][0x8b][0x92][0x1][0xd3]@j[0x14])le[0x87][0xf7][0xd7][0x1f][0xe6].dMNja[0x9][0x11]Pi[0x84]e[0x8e][0x2][0x1f][0xd0][0x5]2[0x8]D[\n]"
12:54:47.824 [main] DEBUG org.apache.http.wire --  << "[0xb7][0x1a]+*}[0x85][0x84][0xbb][0xc5][0xec][0xb][0xf3][0xc1][0xbe]0_2[0x93][0xcb][0xca][0x80][0xaa][0x84][0xb0][0xe3]v)[0x1a][0xd5][0x3]*_3[0x8a][0x90]H[0x8a][0x1][0xdc][0x98][0xa1][0x6][0xb2]D-[0xb]t[0xd0][0x6]I[0x92][[0xfa][0xb2]R[0xa5][0xd4][0xa8][0x8f]@[0x93][0xa2][0xe4]5[0x83]>[0x1a][0x18][0xd4]F[0x1f][0x1][0x9a]$[0x18][0xd4][0x19][0xb4][0xcf][0x8d][0xb6]8[0x1a][0x1b]p[0xdd]|[0xcf][0xa7][0xeb][0x1][[0xe3][0x99][0xad][0xa7][0xd7][0x8f]5[0xfc][0xa5][0xa4]8[0xb][0xf3][0xa9][0xb5][0xaa][0xc2]xf[0xc5][0xc5])[0x9a]$[0x1f][\r][0xd7][0xc9][0xd3][0xdf][0x86][0x86][0xa5][0x92][0xb4]J[0x8c][0xe]'[0xc3]q[0xa7][0xfd][0x5]&G1R[0xa8][0xa3]X[0xa1][0xe][0xee][0xb4][0x14][0xa3][0xf1]>[0x12];[0x13][0xc5]6H%[0xc7][0x80][0xcb][0xcc][0x8d][0x8c][0xc7][0xb3][0xd0])0[0xb][0xad]2[0x9d]6[0xe3]t[0xfa][0xb4]0[0xc2][0xeb]g[0xdc][0xba]8[0xc4]s[0xb5][0x2]fZ}[0xa6]T[0xe8]x[0x15][0xea][0x8a][0x1b][0xaf]Y]O[0xc6][0xd3][0xe9]p[0xc0]|[0xef]Q[0xcb]J%[0xa8][0xd7][0xb6][0x8b][0xe7]9*[0x4][0xa2][0x10][0xfe][\n]"
12:54:47.825 [main] DEBUG org.apache.http.wire --  << "[0xb6][0xfa][0xda][\n]"
12:54:47.825 [main] DEBUG org.apache.http.wire --  << "Y[0x93][0xd4][0x11][0xc5][0xc4]6X6[0xb5]P[0xd7][0xae][0xac][0xf8][0xa6][0xf][0xb2][0xf5]1[0xae][0xd5][0xbb][0xd6][0xe6][0xf6][0xe2][0xdb][0xe6][0xcd]u[0x13][0xd7]V[0xa7][0xc7]Pn[0x6][0x9b]~[0xbb][0xdb][0xfd][0x12][0xa2],[0xfb]%Q[0xc6][0xb2]N[0x8f][0xc1][0x8e][0x0]3X[0xec]#[0xaf]4*[0xed][0xc5][0x1f][0xed][0xc3][0xd2]O[0x8e][0xa1][0xaa][0xdf]{[0xb4][0xf1];[0x99]1[0x1]sy[0x8f]b[0xa3][0xd3][0xc6]?[0x84]f[0xe8][0xc5]?[0xe2][0xf2][0xab][0xae]ju[0xa7][0xea][0xb6][0xe6][0x83]Nu%[0xf9][\n]"
12:54:47.825 [main] DEBUG org.apache.http.wire --  << "[\r]a\[0xdb][0xd2][0xbc]n[0xe1][0xd4]q[0xb2]2-[0xaf]]p[0xe]o[0xe7][0xf3][([0xd0][0xe4][0x92]j[0xe7]@][0x95][0xf6]&[0x5][0xe9]S[0xde]q[0xb][0xfa][0xfe]z[0xbe]^[0xda][0x1e]o[0x85]e[0xdb]][[0xdb]=[0xcb][0x1a]NZ[0xcc][0xe1][0xe4][0x8b][0xd9][0x13]b0[0x93][0x8a]a[[0x89][0xd6][0xe8][0x1f][0x5]\[0x85]w[0xb8]D[0x8e][0xd6]/OL~.[0xbc][0x8d][0xc1]76[0xb0]nhdW[0xdc][0xf9][0xfe]R[0x1d][0xdf]pV0[0x13][0xbd]li[0xb6][0x1e][0xda][0x7]u[0xfb][0xd3][0x87]5V[0xcb]M=[0x9a][0x8f];$[0xd6][0x19]=[0xa2][0x8b][0xf9][0xe5][0xdb][0xe7][0xc9][0xae][0xae][0xdf]][0xcf][0xaf][0xf][0xd2][0xfd][0xcf]S[0xa2]s"[0xe7]h`[0xa9]HY[0xba][0x83]8[0x95][0x89];:[0x7][0xff][0xaa]P[0xad]> [0xc7][0xc4]H5[0x1a][0xbe][0xa8][0xcb][0xa4][0xeb]8M][0xb7][0x8c]\[0xba][0xd4]i3&[\n]"
12:54:47.825 [main] DEBUG org.apache.http.wire --  << "[0x89][0xc1]k[0x8e][0xf6]k4[0xb4]kZ3[0xd4][0xc4][0x81]S[0xfd]GR D[0xe0]5[0x83]^}[0x14][0xdc][0xa0]dh[0x1a][0x88]oW7t[0xd4][0xaa][0xf0][0xe3][0x80]Pz[0xfd][0x80][0xc2][0xbc]c[0xda][0xd8][0xad][0xdd]h[0x98]p[0x96][0xdc][0xf][0x8f][0xb6][0xb7][0x4][0x9d][0x1b][0x82]fu[0x81][0xfd]+[0xe8]e[0xce]8[0x1d]5b[0xb7][0xed][0xe7][0xbf]ok[0x10][0xc5][0xf0]|c[0xb3]T[0xdd][0xf3]m[E{b[0xbf][0xac]oi [0x82][0xbf]}[0xf8][0xe9][0xc7]@[0x1b][0xc5]D[0xc6][0xd2][0x95]c?[0x82]JPL[0x99]@z[0x4][0xd3][0xae][0x90][0xdf][0xeb][0xcf][0xdf][0xc7][0x83][0xf6][0xc9][0xad][0xde][0xed][0xaf][0xf7]w[0xa9][0x94][0x6]"
12:54:47.827 [main] DEBUG org.apache.http.wire --  << "[0x95]+o?[0x10]ZoI[0xa0]S[0x99]s$[0xca]x[0xf1][0x9f][0xdd]S[0xbf]n[0xa2][0x12][0x16]+[0xd8]s0[0xf9][0xdc]-[0xf6][0xce]Y[0xe5][0x7][0x99][0x93][0xa2] [0xf4]=[0xfe]J[0xe0][0xef]v[0xd6]M[0xd6][0xd9]X[0xb6][0xc2][0xfd][0x99]C[0xcf][0x8e]F[0xcd]*j[0xf2]}[0xfb][0xde][0xfa]p[0xb4][0xd9][0xf8][0xee]?4m[0xcc][0xd4][0x1c][0xc6]k[0x80];[0x1d][0x96][0x92][0xaf]R[0xc6][0xb9][0xbb][0x84][0xbe][0xd3][0x7][0xef][0xb9]lrXy[0xed][0xcc][0xe8][0xc7][0xf4][0xf6]p[0xbc]M(;[0xf6][0x1c][0x8f]7~&YZ[0xc0][0x9f][0x95],[0xd8][0xce][0x16]w[0xeb][0xed][0xac]hY[0x2]#[0xb3][0x8c][0xe3][0xc8][0xb3].[0xf6][0xb6][0xf1]fE<O[0xb5][0xd1][0xd0][0xde][0x1b][0xec]!O[0xd9][0xe3]>[0xea][0xf5]K[0xb3][0xa8]=[0x8c][0x16][0xcf][0xdf]rwC[0xbe][0xed][0x87]0tf[0xad][0xa3][0xe4]B$[0xb9]TO[0x99][0xd7][0xee][0x8f][0x1b][0xeb][0xba][0xf2][0xc6][0xc4][0xbd]>X[0x15]/8[0x1f]y[0xe4]g[0x1b][0xa7][0x89][0x86]/[0x86][0xbf][0xac]Y[0xed][0xa6]}[0xe4]"[0x0]"8~[\r][0xc]f5T[0xc0]Qd&[\r][0xec][0xeb][0xaf][0xdb]6w[0x93]?[0xb3]_[0xbe][0xdc][[0xf6][0x87]A[0xa9][0xd0]r]aJ*nF[0xe3]Ag[0xde]j[0x92][0x13][0x9d]C[0xb4][0x15]d[0xbf]w[0x88][0xe]Y[0xa9][0xdb][0xb],[0xeb][0xb8]w[0xa3][0xb6][0xdd][0xaa][0xdb][0xd9][0xa3][0xe]R [0xd3]T[0xa3][0x99][0xcb][0xf2]h}[0xcf][0xab][0x13]%9[0xff]gO[0xcf][0xce][0xe4]\[0x8e]v[0xcb][0xa4][0xbb][0xd1][0xdb][0x8f][\r]_[0xc3][0xe9][0xf4][0xf8]h[0x87]e[0x81]9y`[0xf6]^n[0xa8][0xb])M>[0xec][0xd5][0xcc][0xd6][0xc5][0xef][0xba][0x80][0xd6]#vU[0x6][0xdc][0xbd][0xe4][0xa7][0xfa]^[0xf2]p[0xe0][0xc][dM[0xa8][0xd9][0xeb]:[0xf4]<[0x9b]n[\r][0xb0][0x85]|".F[0xe3]nGi[0x3][0x5][0xee]J1[0xa0]L[0x97][0x9c][0xac] [0x82][0xa1][0xbd][0xbf][0x1c][0xee][0xeb][0x12][0xcd][0xc5]^[0xe8][0xfe][0xd5][0xf8][0x1f][0x0][0x0][0x0][0xff][0xff][0x3][0x0][0x1e][0xd8][0x10][0x9d]z[0x1c][0x0][0x0]"
12:54:47.827 [main] DEBUG org.apache.http.wire --  << "[\r][\n]"
12:54:47.828 [main] DEBUG org.apache.http.wire --  << "0[\r][\n]"
12:54:47.829 [main] DEBUG org.apache.http.wire --  << "[\r][\n]"
12:54:47.829 [main] DEBUG io.restassured.internal.RestAssuredHttpBuilder -- Parsed data to instance of: class org.apache.http.conn.EofSensorInputStream
12:54:47.837 [main] DEBUG org.apache.http.impl.conn.BasicClientConnectionManager -- Releasing connection org.apache.http.impl.conn.ManagedClientConnectionImpl@70e54ec3
12:54:47.837 [main] DEBUG org.apache.http.impl.conn.BasicClientConnectionManager -- Connection can be kept alive indefinitely
12:54:48.374 [main] DEBUG net.thucydides.core.steps.StepInterceptor -- STEP DONE: I set the limit desc for GET the cart
  &amp#27;[32mWhen &amp#27;[0m&amp#27;[32mI send request with Limit Get&amp#27;[0m          &amp#27;[90m# starter.stepdefinition.CartSteps.sendRequestLimitGetCart()&amp#27;[0m
12:54:48.396 [main] DEBUG net.thucydides.core.steps.StepInterceptor -- STARTING STEP: CartSteps.receiveCartList - I receive 200 code response
12:54:48.401 [main] DEBUG net.thucydides.core.steps.StepInterceptor -- STEP DONE: I receive 200 code response
  &amp#27;[32mThen &amp#27;[0m&amp#27;[32mI receive the cart list with desc&amp#27;[0m      &amp#27;[90m# starter.stepdefinition.CartSteps.receiveCartList()&amp#27;[0m
12:54:48.414 [main] DEBUG net.thucydides.core.steps.StepInterceptor -- STARTING STEP: CartSteps.verified200GetCartShort - I got the carts with limit I set
I Got list of everi desc cart
12:54:48.415 [main] DEBUG net.thucydides.core.steps.StepInterceptor -- STEP DONE: I got the carts with limit I set
  &amp#27;[32mAnd &amp#27;[0m&amp#27;[32mI got verified code success 200&amp#27;[0m         &amp#27;[90m# starter.stepdefinition.CartSteps.verified200GetCartShort()&amp#27;[0m
12:54:48.424 [main] INFO  -- 
  _____   ___   ___   _____     ___     _     ___   ___   ___   ___  
 |_   _| | __| / __| |_   _|   | _ \   /_\   / __| / __| | __| |   \ 
   | |   | _|  \__ \   | |     |  _/  / _ \  \__ \ \__ \ | _|  | |) |
   |_|   |___| |___/   |_|     |_|   /_/ \_\ |___/ |___/ |___| |___/ 

Short Result by Desc GET Cart
----------------------------------------------------------------------
]]></system-out>
  </testcase>
  <testcase name="PUT new add product for any cart" classname="CART of product" time="1.349">
    <system-out><![CDATA[
Scenario: PUT new add product for any cart    &amp#27;[90m# src/test/resources/features/Cart.feature:23&amp#27;[0m
12:54:48.457 [main] DEBUG io.cucumber.core.plugin.SerenityReporter -- Running feature from file:///D:/Intelij/REST%20API/fakestoreapi/src/test/resources/features/Cart.feature
12:54:48.473 [main] INFO  -- 
  _____   ___   ___   _____     ___   _____     _     ___   _____   ___   ___  
 |_   _| | __| / __| |_   _|   / __| |_   _|   /_\   | _ \ |_   _| | __| |   \ 
   | |   | _|  \__ \   | |     \__ \   | |    / _ \  |   /   | |   | _|  | |) |
   |_|   |___| |___/   |_|     |___/   |_|   /_/ \_\ |_|_\   |_|   |___| |___/ 

PUT new add product for any cart(cart-of-product;put-new-add-product-for-any-cart)
--------------------------------------------------------------------------------
12:54:48.549 [main] DEBUG net.thucydides.core.steps.StepInterceptor -- STARTING STEP: CartSteps.setEndpointPUTNewcart - Set the cart PUT api endpoint
12:54:48.550 [main] DEBUG net.thucydides.core.steps.StepInterceptor -- STEP DONE: Set the cart PUT api endpoint
  &amp#27;[32mGiven &amp#27;[0m&amp#27;[32mSet the cart PUT api endpoint&amp#27;[0m         &amp#27;[90m# starter.stepdefinition.CartSteps.setEndpointPUTNewcart()&amp#27;[0m
12:54:48.620 [main] DEBUG net.thucydides.core.steps.StepInterceptor -- STARTING STEP: CartSteps.sendRequestPutNewCart - I send request PUT to add product cart
12:54:48.639 [Finalizer] DEBUG org.apache.http.impl.conn.DefaultClientConnection -- Connection 0.0.0.0:50989<->104.21.3.149:443 closed
12:54:48.707 [main] DEBUG net.thucydides.core.steps.StepInterceptor -- STARTING STEP: PutProductCart.sendRequestUpdateCART - Set the cart PUT api endpoint
12:54:48.708 [main] DEBUG net.thucydides.core.steps.StepInterceptor -- STEP DONE: Set the cart PUT api endpoint
12:54:48.885 [main] DEBUG org.apache.http.impl.conn.BasicClientConnectionManager -- Get connection for route {s}->https://fakestoreapi.com:443
12:54:48.886 [main] DEBUG org.apache.http.impl.conn.DefaultClientConnectionOperator -- Connecting to fakestoreapi.com:443
12:54:49.153 [main] DEBUG org.apache.http.client.protocol.RequestAddCookies -- CookieSpec selected: ignoreCookies
12:54:49.153 [main] DEBUG org.apache.http.client.protocol.RequestAuthCache -- Auth cache not set in the context
12:54:49.153 [main] DEBUG org.apache.http.client.protocol.RequestTargetAuthentication -- Target auth state: UNCHALLENGED
12:54:49.153 [main] DEBUG org.apache.http.client.protocol.RequestProxyAuthentication -- Proxy auth state: UNCHALLENGED
12:54:49.153 [main] DEBUG org.apache.http.impl.client.DefaultHttpClient -- Attempt 1 to execute request
12:54:49.153 [main] DEBUG org.apache.http.impl.conn.DefaultClientConnection -- Sending request: PUT /carts/2 HTTP/1.1
12:54:49.153 [main] DEBUG org.apache.http.wire --  >> "PUT /carts/2 HTTP/1.1[\r][\n]"
12:54:49.154 [main] DEBUG org.apache.http.wire --  >> "Accept: */*[\r][\n]"
12:54:49.154 [main] DEBUG org.apache.http.wire --  >> "Content-Type: application/json[\r][\n]"
12:54:49.154 [main] DEBUG org.apache.http.wire --  >> "Content-Length: 77[\r][\n]"
12:54:49.154 [main] DEBUG org.apache.http.wire --  >> "Host: fakestoreapi.com[\r][\n]"
12:54:49.154 [main] DEBUG org.apache.http.wire --  >> "Connection: Keep-Alive[\r][\n]"
12:54:49.154 [main] DEBUG org.apache.http.wire --  >> "User-Agent: Apache-HttpClient/4.5.13 (Java/20)[\r][\n]"
12:54:49.154 [main] DEBUG org.apache.http.wire --  >> "Accept-Encoding: gzip,deflate[\r][\n]"
12:54:49.154 [main] DEBUG org.apache.http.wire --  >> "[\r][\n]"
12:54:49.154 [main] DEBUG org.apache.http.headers -- >> PUT /carts/2 HTTP/1.1
12:54:49.155 [main] DEBUG org.apache.http.headers -- >> Accept: */*
12:54:49.155 [main] DEBUG org.apache.http.headers -- >> Content-Type: application/json
12:54:49.155 [main] DEBUG org.apache.http.headers -- >> Content-Length: 77
12:54:49.155 [main] DEBUG org.apache.http.headers -- >> Host: fakestoreapi.com
12:54:49.155 [main] DEBUG org.apache.http.headers -- >> Connection: Keep-Alive
12:54:49.155 [main] DEBUG org.apache.http.headers -- >> User-Agent: Apache-HttpClient/4.5.13 (Java/20)
12:54:49.155 [main] DEBUG org.apache.http.headers -- >> Accept-Encoding: gzip,deflate
12:54:49.156 [main] DEBUG org.apache.http.wire --  >> "{"date":"2019-12-10","products.productId":1,"products.quantity":3,"userId":3}"
12:54:49.601 [main] DEBUG org.apache.http.wire --  << "HTTP/1.1 200 OK[\r][\n]"
12:54:49.602 [main] DEBUG org.apache.http.wire --  << "Date: Sun, 16 Apr 2023 05:54:49 GMT[\r][\n]"
12:54:49.602 [main] DEBUG org.apache.http.wire --  << "Content-Type: application/json; charset=utf-8[\r][\n]"
12:54:49.602 [main] DEBUG org.apache.http.wire --  << "Content-Length: 39[\r][\n]"
12:54:49.602 [main] DEBUG org.apache.http.wire --  << "Connection: keep-alive[\r][\n]"
12:54:49.602 [main] DEBUG org.apache.http.wire --  << "Access-Control-Allow-Origin: *[\r][\n]"
12:54:49.603 [main] DEBUG org.apache.http.wire --  << "Etag: W/"27-HoorUC75HrnUGoVosq+23JsEy+g"[\r][\n]"
12:54:49.603 [main] DEBUG org.apache.http.wire --  << "X-Powered-By: Express[\r][\n]"
12:54:49.603 [main] DEBUG org.apache.http.wire --  << "CF-Cache-Status: DYNAMIC[\r][\n]"
12:54:49.605 [main] DEBUG org.apache.http.wire --  << "Report-To: {"endpoints":[{"url":"https:\/\/a.nel.cloudflare.com\/report\/v3?s=%2BWzw2MyKO3rTpt1cIRoS5e3HVSeTtLAIc8H%2F7vI46ZHSNrTJVcQ9MhvDmyQSG8KW%2BgoxHaxAuEM97hgOhV43bmOJy%2BP8nPkDDFBdni34msHalTaDrokPJst3OY6voz8LsHSh"}],"group":"cf-nel","max_age":604800}[\r][\n]"
12:54:49.605 [main] DEBUG org.apache.http.wire --  << "NEL: {"success_fraction":0,"report_to":"cf-nel","max_age":604800}[\r][\n]"
12:54:49.605 [main] DEBUG org.apache.http.wire --  << "Server: cloudflare[\r][\n]"
12:54:49.606 [main] DEBUG org.apache.http.wire --  << "CF-RAY: 7b8a2d03e8643fb1-SIN[\r][\n]"
12:54:49.606 [main] DEBUG org.apache.http.wire --  << "alt-svc: h3=":443"; ma=86400, h3-29=":443"; ma=86400[\r][\n]"
12:54:49.606 [main] DEBUG org.apache.http.wire --  << "[\r][\n]"
12:54:49.607 [main] DEBUG org.apache.http.impl.conn.DefaultClientConnection -- Receiving response: HTTP/1.1 200 OK
12:54:49.607 [main] DEBUG org.apache.http.headers -- << HTTP/1.1 200 OK
12:54:49.607 [main] DEBUG org.apache.http.headers -- << Date: Sun, 16 Apr 2023 05:54:49 GMT
12:54:49.607 [main] DEBUG org.apache.http.headers -- << Content-Type: application/json; charset=utf-8
12:54:49.607 [main] DEBUG org.apache.http.headers -- << Content-Length: 39
12:54:49.607 [main] DEBUG org.apache.http.headers -- << Connection: keep-alive
12:54:49.608 [main] DEBUG org.apache.http.headers -- << Access-Control-Allow-Origin: *
12:54:49.608 [main] DEBUG org.apache.http.headers -- << Etag: W/"27-HoorUC75HrnUGoVosq+23JsEy+g"
12:54:49.609 [main] DEBUG org.apache.http.headers -- << X-Powered-By: Express
12:54:49.609 [main] DEBUG org.apache.http.headers -- << CF-Cache-Status: DYNAMIC
12:54:49.609 [main] DEBUG org.apache.http.headers -- << Report-To: {"endpoints":[{"url":"https:\/\/a.nel.cloudflare.com\/report\/v3?s=%2BWzw2MyKO3rTpt1cIRoS5e3HVSeTtLAIc8H%2F7vI46ZHSNrTJVcQ9MhvDmyQSG8KW%2BgoxHaxAuEM97hgOhV43bmOJy%2BP8nPkDDFBdni34msHalTaDrokPJst3OY6voz8LsHSh"}],"group":"cf-nel","max_age":604800}
12:54:49.609 [main] DEBUG org.apache.http.headers -- << NEL: {"success_fraction":0,"report_to":"cf-nel","max_age":604800}
12:54:49.609 [main] DEBUG org.apache.http.headers -- << Server: cloudflare
12:54:49.609 [main] DEBUG org.apache.http.headers -- << CF-RAY: 7b8a2d03e8643fb1-SIN
12:54:49.609 [main] DEBUG org.apache.http.headers -- << alt-svc: h3=":443"; ma=86400, h3-29=":443"; ma=86400
12:54:49.611 [main] DEBUG org.apache.http.impl.client.DefaultHttpClient -- Connection can be kept alive indefinitely
12:54:49.611 [main] DEBUG io.restassured.internal.RestAssuredHttpBuilder -- Parsing response as: application/json; charset=utf-8
12:54:49.611 [main] DEBUG io.restassured.internal.RestAssuredHttpBuilder -- Parsed data to instance of: class org.apache.http.conn.EofSensorInputStream
12:54:49.618 [main] DEBUG org.apache.http.wire --  << "{"id":2,"userId":3,"date":"2019-12-10"}"
12:54:49.619 [main] DEBUG org.apache.http.impl.conn.BasicClientConnectionManager -- Releasing connection org.apache.http.impl.conn.ManagedClientConnectionImpl@2ffcdc9b
12:54:49.619 [main] DEBUG org.apache.http.impl.conn.BasicClientConnectionManager -- Connection can be kept alive indefinitely
12:54:49.622 [main] DEBUG net.thucydides.core.steps.StepInterceptor -- STEP DONE: I send request PUT to add product cart
  &amp#27;[32mWhen &amp#27;[0m&amp#27;[32mI send request PUT to add product cart&amp#27;[0m &amp#27;[90m# starter.stepdefinition.CartSteps.sendRequestPutNewCart()&amp#27;[0m
12:54:49.641 [main] DEBUG net.thucydides.core.steps.StepInterceptor -- STARTING STEP: CartSteps.receive200PutNewCart - I receive Http response 200
12:54:49.645 [main] DEBUG net.thucydides.core.steps.StepInterceptor -- STEP DONE: I receive Http response 200
  &amp#27;[32mThen &amp#27;[0m&amp#27;[32mI receive Http response 200&amp#27;[0m            &amp#27;[90m# starter.stepdefinition.CartSteps.receive200PutNewCart()&amp#27;[0m
12:54:49.659 [main] DEBUG net.thucydides.core.steps.StepInterceptor -- STARTING STEP: CartSteps.accessCartPutUpdate - I try to access that cart update
12:54:49.764 [main] DEBUG net.thucydides.core.steps.StepInterceptor -- STEP DONE: I try to access that cart update
  &amp#27;[32mAnd &amp#27;[0m&amp#27;[32mI try to access that cart update&amp#27;[0m        &amp#27;[90m# starter.stepdefinition.CartSteps.accessCartPutUpdate()&amp#27;[0m
12:54:49.772 [main] INFO  -- 
  _____   ___   ___   _____     ___     _     ___   ___   ___   ___  
 |_   _| | __| / __| |_   _|   | _ \   /_\   / __| / __| | __| |   \ 
   | |   | _|  \__ \   | |     |  _/  / _ \  \__ \ \__ \ | _|  | |) |
   |_|   |___| |___/   |_|     |_|   /_/ \_\ |___/ |___/ |___| |___/ 

PUT new add product for any cart
----------------------------------------------------------------------
]]></system-out>
  </testcase>
  <testcase name="POST valid username and password to Login" classname="LOGIN for admin fakestoreapi" time="1.375">
    <system-out><![CDATA[12:54:49.782 [main] DEBUG io.cucumber.core.plugin.SerenityReporter -- Running feature from file:///D:/Intelij/REST%20API/fakestoreapi/src/test/resources/features/Login.feature
12:54:49.795 [main] DEBUG net.thucydides.core.steps.StepEventBus -- Test suite started for story net.thucydides.core.model.Story@36e8cfbd
12:54:49.797 [main] INFO  -- Test Suite Started: LOGIN for admin fakestoreapi

Scenario: POST valid username and password to Login &amp#27;[90m# src/test/resources/features/Login.feature:5&amp#27;[0m
12:54:49.845 [main] DEBUG io.cucumber.core.plugin.SerenityReporter -- Running feature from file:///D:/Intelij/REST%20API/fakestoreapi/src/test/resources/features/Login.feature
12:54:49.868 [main] INFO  -- 
  _____   ___   ___   _____     ___   _____     _     ___   _____   ___   ___  
 |_   _| | __| / __| |_   _|   / __| |_   _|   /_\   | _ \ |_   _| | __| |   \ 
   | |   | _|  \__ \   | |     \__ \   | |    / _ \  |   /   | |   | _|  | |) |
   |_|   |___| |___/   |_|     |___/   |_|   /_/ \_\ |_|_\   |_|   |___| |___/ 

POST valid username and password to Login(login-for-admin-fakestoreapi;post-valid-username-and-password-to-login)
--------------------------------------------------------------------------------
12:54:49.987 [main] DEBUG net.thucydides.core.steps.StepInterceptor -- STARTING STEP: LoginSteps.setPOSTLoginEndpoint - I am set the POST Api for login endpoint
12:54:49.987 [main] DEBUG net.thucydides.core.steps.StepInterceptor -- STEP DONE: I am set the POST Api for login endpoint
  &amp#27;[32mGiven &amp#27;[0m&amp#27;[32mI am set the POST Api for login endpoint&amp#27;[0m    &amp#27;[90m# starter.stepdefinition.LoginSteps.setPOSTLoginEndpoint()&amp#27;[0m
12:54:49.999 [main] DEBUG net.thucydides.core.steps.StepInterceptor -- STARTING STEP: LoginSteps.httpRequestPostLogin - I send HTTP request POST for login
12:54:50.006 [main] DEBUG net.thucydides.core.steps.StepInterceptor -- STARTING STEP: PostLogin.sendRequestPostLogin - I am set the POST Api for login endpoint
12:54:50.006 [main] DEBUG net.thucydides.core.steps.StepInterceptor -- STEP DONE: I am set the POST Api for login endpoint
12:54:50.062 [main] DEBUG org.apache.http.impl.conn.BasicClientConnectionManager -- Get connection for route {s}->https://fakestoreapi.com:443
12:54:50.062 [main] DEBUG org.apache.http.impl.conn.DefaultClientConnectionOperator -- Connecting to fakestoreapi.com:443
12:54:50.240 [main] DEBUG org.apache.http.client.protocol.RequestAddCookies -- CookieSpec selected: ignoreCookies
12:54:50.240 [main] DEBUG org.apache.http.client.protocol.RequestAuthCache -- Auth cache not set in the context
12:54:50.240 [main] DEBUG org.apache.http.client.protocol.RequestTargetAuthentication -- Target auth state: UNCHALLENGED
12:54:50.241 [main] DEBUG org.apache.http.client.protocol.RequestProxyAuthentication -- Proxy auth state: UNCHALLENGED
12:54:50.241 [main] DEBUG org.apache.http.impl.client.DefaultHttpClient -- Attempt 1 to execute request
12:54:50.241 [main] DEBUG org.apache.http.impl.conn.DefaultClientConnection -- Sending request: POST /auth/login HTTP/1.1
12:54:50.241 [main] DEBUG org.apache.http.wire --  >> "POST /auth/login HTTP/1.1[\r][\n]"
12:54:50.241 [main] DEBUG org.apache.http.wire --  >> "Accept: */*[\r][\n]"
12:54:50.241 [main] DEBUG org.apache.http.wire --  >> "Content-Type: application/json[\r][\n]"
12:54:50.241 [main] DEBUG org.apache.http.wire --  >> "Content-Length: 43[\r][\n]"
12:54:50.241 [main] DEBUG org.apache.http.wire --  >> "Host: fakestoreapi.com[\r][\n]"
12:54:50.241 [main] DEBUG org.apache.http.wire --  >> "Connection: Keep-Alive[\r][\n]"
12:54:50.241 [main] DEBUG org.apache.http.wire --  >> "User-Agent: Apache-HttpClient/4.5.13 (Java/20)[\r][\n]"
12:54:50.241 [main] DEBUG org.apache.http.wire --  >> "Accept-Encoding: gzip,deflate[\r][\n]"
12:54:50.241 [main] DEBUG org.apache.http.wire --  >> "[\r][\n]"
12:54:50.241 [main] DEBUG org.apache.http.headers -- >> POST /auth/login HTTP/1.1
12:54:50.242 [main] DEBUG org.apache.http.headers -- >> Accept: */*
12:54:50.242 [main] DEBUG org.apache.http.headers -- >> Content-Type: application/json
12:54:50.242 [main] DEBUG org.apache.http.headers -- >> Content-Length: 43
12:54:50.242 [main] DEBUG org.apache.http.headers -- >> Host: fakestoreapi.com
12:54:50.242 [main] DEBUG org.apache.http.headers -- >> Connection: Keep-Alive
12:54:50.242 [main] DEBUG org.apache.http.headers -- >> User-Agent: Apache-HttpClient/4.5.13 (Java/20)
12:54:50.242 [main] DEBUG org.apache.http.headers -- >> Accept-Encoding: gzip,deflate
12:54:50.242 [main] DEBUG org.apache.http.wire --  >> "{"password":"83r5^_","username":"mor_2314"}"
12:54:51.143 [main] DEBUG org.apache.http.wire --  << "HTTP/1.1 200 OK[\r][\n]"
12:54:51.143 [main] DEBUG org.apache.http.wire --  << "Date: Sun, 16 Apr 2023 05:54:51 GMT[\r][\n]"
12:54:51.143 [main] DEBUG org.apache.http.wire --  << "Content-Type: application/json; charset=utf-8[\r][\n]"
12:54:51.143 [main] DEBUG org.apache.http.wire --  << "Transfer-Encoding: chunked[\r][\n]"
12:54:51.143 [main] DEBUG org.apache.http.wire --  << "Connection: keep-alive[\r][\n]"
12:54:51.143 [main] DEBUG org.apache.http.wire --  << "Access-Control-Allow-Origin: *[\r][\n]"
12:54:51.143 [main] DEBUG org.apache.http.wire --  << "Etag: W/"98-94D12NMHQ+Sqm4melEi8PTqtDFA"[\r][\n]"
12:54:51.143 [main] DEBUG org.apache.http.wire --  << "X-Powered-By: Express[\r][\n]"
12:54:51.143 [main] DEBUG org.apache.http.wire --  << "CF-Cache-Status: DYNAMIC[\r][\n]"
12:54:51.143 [main] DEBUG org.apache.http.wire --  << "Report-To: {"endpoints":[{"url":"https:\/\/a.nel.cloudflare.com\/report\/v3?s=hXejJ1YdhTitRRsfqFdUxFeOera04qWMqAm4pW4pe%2FK%2BeBg7N8q0c6eqDWiIRRrl6lgsVjkUJv0j%2FJDydIl5WZev8BtjWKECWYex9BKpuRAXXefSZwx86wxWNhLgel1D9qQu"}],"group":"cf-nel","max_age":604800}[\r][\n]"
12:54:51.143 [main] DEBUG org.apache.http.wire --  << "NEL: {"success_fraction":0,"report_to":"cf-nel","max_age":604800}[\r][\n]"
12:54:51.143 [main] DEBUG org.apache.http.wire --  << "Server: cloudflare[\r][\n]"
12:54:51.143 [main] DEBUG org.apache.http.wire --  << "CF-RAY: 7b8a2d0a999a3e19-SIN[\r][\n]"
12:54:51.143 [main] DEBUG org.apache.http.wire --  << "Content-Encoding: gzip[\r][\n]"
12:54:51.144 [main] DEBUG org.apache.http.wire --  << "alt-svc: h3=":443"; ma=86400, h3-29=":443"; ma=86400[\r][\n]"
12:54:51.144 [main] DEBUG org.apache.http.wire --  << "[\r][\n]"
12:54:51.144 [main] DEBUG org.apache.http.impl.conn.DefaultClientConnection -- Receiving response: HTTP/1.1 200 OK
12:54:51.144 [main] DEBUG org.apache.http.headers -- << HTTP/1.1 200 OK
12:54:51.144 [main] DEBUG org.apache.http.headers -- << Date: Sun, 16 Apr 2023 05:54:51 GMT
12:54:51.144 [main] DEBUG org.apache.http.headers -- << Content-Type: application/json; charset=utf-8
12:54:51.144 [main] DEBUG org.apache.http.headers -- << Transfer-Encoding: chunked
12:54:51.144 [main] DEBUG org.apache.http.headers -- << Connection: keep-alive
12:54:51.144 [main] DEBUG org.apache.http.headers -- << Access-Control-Allow-Origin: *
12:54:51.144 [main] DEBUG org.apache.http.headers -- << Etag: W/"98-94D12NMHQ+Sqm4melEi8PTqtDFA"
12:54:51.144 [main] DEBUG org.apache.http.headers -- << X-Powered-By: Express
12:54:51.144 [main] DEBUG org.apache.http.headers -- << CF-Cache-Status: DYNAMIC
12:54:51.144 [main] DEBUG org.apache.http.headers -- << Report-To: {"endpoints":[{"url":"https:\/\/a.nel.cloudflare.com\/report\/v3?s=hXejJ1YdhTitRRsfqFdUxFeOera04qWMqAm4pW4pe%2FK%2BeBg7N8q0c6eqDWiIRRrl6lgsVjkUJv0j%2FJDydIl5WZev8BtjWKECWYex9BKpuRAXXefSZwx86wxWNhLgel1D9qQu"}],"group":"cf-nel","max_age":604800}
12:54:51.144 [main] DEBUG org.apache.http.headers -- << NEL: {"success_fraction":0,"report_to":"cf-nel","max_age":604800}
12:54:51.144 [main] DEBUG org.apache.http.headers -- << Server: cloudflare
12:54:51.144 [main] DEBUG org.apache.http.headers -- << CF-RAY: 7b8a2d0a999a3e19-SIN
12:54:51.144 [main] DEBUG org.apache.http.headers -- << Content-Encoding: gzip
12:54:51.144 [main] DEBUG org.apache.http.headers -- << alt-svc: h3=":443"; ma=86400, h3-29=":443"; ma=86400
12:54:51.145 [main] DEBUG org.apache.http.impl.client.DefaultHttpClient -- Connection can be kept alive indefinitely
12:54:51.145 [main] DEBUG io.restassured.internal.RestAssuredHttpBuilder -- Parsing response as: application/json; charset=utf-8
12:54:51.145 [main] DEBUG org.apache.http.wire --  << "a7[\r][\n]"
12:54:51.145 [main] DEBUG org.apache.http.wire --  << "[0x1f][0x8b][0x8][0x0][0x0][0x0][0x0][0x0][0x0][0x3][0x14][0xcb][0xbb][0xe][0x82]0[0x14][0x0][0xd0][0xe9][0xae]A[0x5][0xc][0x8e][0xd6][0xa0][0xb7][0xa4]%(`[0xcb]b[0x4]j(O#[0xc][0xb4][0xc6]7[0xcc]'[0xe7][0x8b][0xa6][0xa1][0x91]=: [0xa9]I[0x95][0x9f][0xb][0x15]*[0x2][0x89][0x81][\r]S0Bu[\n]"
12:54:51.145 [main] DEBUG org.apache.http.wire --  << "[0xc].4o[0x9e]b[0xe2][0xad][0xa5]&[0xa6][0xbc][0x83][\n]"
12:54:51.145 [main] DEBUG org.apache.http.wire --  << "[0xeb][0x5]S[0x93]qX[0xc2][0x94][0xef][0xc8][0x8b][0xd6]tf[0x18]F[0xe8][0xda][0xaa][0xc4][0xe0][0xd2]X[0xd8]4[0x16][0x9a][0x9d]"[0x87]rk[0x1d]G[0xdc][0xdf][0xea]U4[0xf4][0x1][0xcb]h`[0xb][0xef][0x2][0x8f][0xa7][0xb0]Dwk[0xc7]@[0xed][0xfd]9[0xa9]&[0xf9]9[0x1a]![0xd0][0xef][0xf][0x0][0x0][0xff][0xff][0x3][0x0][0xb6][0xa0][0xf3][0xbe][0x98][0x0][0x0][0x0]"
12:54:51.145 [main] DEBUG org.apache.http.wire --  << "[\r][\n]"
12:54:51.146 [main] DEBUG org.apache.http.wire --  << "0[\r][\n]"
12:54:51.146 [main] DEBUG org.apache.http.wire --  << "[\r][\n]"
12:54:51.146 [main] DEBUG io.restassured.internal.RestAssuredHttpBuilder -- Parsed data to instance of: class org.apache.http.conn.EofSensorInputStream
12:54:51.150 [main] DEBUG org.apache.http.impl.conn.BasicClientConnectionManager -- Releasing connection org.apache.http.impl.conn.ManagedClientConnectionImpl@6a7ea7c
12:54:51.150 [main] DEBUG org.apache.http.impl.conn.BasicClientConnectionManager -- Connection can be kept alive indefinitely
12:54:51.151 [main] DEBUG net.thucydides.core.steps.StepInterceptor -- STEP DONE: I send HTTP request POST for login
  &amp#27;[32mWhen &amp#27;[0m&amp#27;[32mI send HTTP request POST for login&amp#27;[0m           &amp#27;[90m# starter.stepdefinition.LoginSteps.httpRequestPostLogin()&amp#27;[0m
12:54:51.158 [main] DEBUG net.thucydides.core.steps.StepInterceptor -- STARTING STEP: LoginSteps.receive200CodePostLogin - I received success code 200
12:54:51.160 [main] DEBUG net.thucydides.core.steps.StepInterceptor -- STEP DONE: I received success code 200
  &amp#27;[32mThen &amp#27;[0m&amp#27;[32mI received success code 200&amp#27;[0m                  &amp#27;[90m# starter.stepdefinition.LoginSteps.receive200CodePostLogin()&amp#27;[0m
12:54:51.165 [main] DEBUG net.thucydides.core.steps.StepInterceptor -- STARTING STEP: LoginSteps.receivedLogin - I received Token for log in
I Just The Login Token
12:54:51.166 [main] DEBUG net.thucydides.core.steps.StepInterceptor -- STEP DONE: I received Token for log in
  &amp#27;[32mAnd &amp#27;[0m&amp#27;[32mI received Token for log in&amp#27;[0m                   &amp#27;[90m# starter.stepdefinition.LoginSteps.receivedLogin()&amp#27;[0m
12:54:51.170 [main] INFO  -- 
  _____   ___   ___   _____     ___     _     ___   ___   ___   ___  
 |_   _| | __| / __| |_   _|   | _ \   /_\   / __| / __| | __| |   \ 
   | |   | _|  \__ \   | |     |  _/  / _ \  \__ \ \__ \ | _|  | |) |
   |_|   |___| |___/   |_|     |_|   /_/ \_\ |___/ |___/ |___| |___/ 

POST valid username and password to Login
----------------------------------------------------------------------
]]></system-out>
  </testcase>
  <testcase name="POST INVALID password and Valid Username" classname="LOGIN for admin fakestoreapi" time="1.287">
    <system-out><![CDATA[
Scenario: POST INVALID password and Valid Username &amp#27;[90m# src/test/resources/features/Login.feature:11&amp#27;[0m
12:54:51.189 [main] DEBUG io.cucumber.core.plugin.SerenityReporter -- Running feature from file:///D:/Intelij/REST%20API/fakestoreapi/src/test/resources/features/Login.feature
12:54:51.196 [main] INFO  -- 
  _____   ___   ___   _____     ___   _____     _     ___   _____   ___   ___  
 |_   _| | __| / __| |_   _|   / __| |_   _|   /_\   | _ \ |_   _| | __| |   \ 
   | |   | _|  \__ \   | |     \__ \   | |    / _ \  |   /   | |   | _|  | |) |
   |_|   |___| |___/   |_|     |___/   |_|   /_/ \_\ |_|_\   |_|   |___| |___/ 

POST INVALID password and Valid Username(login-for-admin-fakestoreapi;post-invalid-password-and-valid-username)
--------------------------------------------------------------------------------
12:54:51.230 [main] DEBUG net.thucydides.core.steps.StepInterceptor -- STARTING STEP: LoginSteps.setPostInvalid - I set POST API LOGIN endpoint
12:54:51.230 [main] DEBUG net.thucydides.core.steps.StepInterceptor -- STEP DONE: I set POST API LOGIN endpoint
  &amp#27;[32mGiven &amp#27;[0m&amp#27;[32mI set POST API LOGIN endpoint&amp#27;[0m              &amp#27;[90m# starter.stepdefinition.LoginSteps.setPostInvalid()&amp#27;[0m
12:54:51.244 [main] DEBUG net.thucydides.core.steps.StepInterceptor -- STARTING STEP: LoginSteps.sendRequestInvalid - I send the Rrquest on HTTP
12:54:51.251 [main] DEBUG net.thucydides.core.steps.StepInterceptor -- STARTING STEP: PostInvelidLogin.sendRequestPostINVALIDLogin - I set POST API LOGIN endpoint
12:54:51.251 [main] DEBUG net.thucydides.core.steps.StepInterceptor -- STEP DONE: I set POST API LOGIN endpoint
12:54:51.378 [main] DEBUG org.apache.http.impl.conn.BasicClientConnectionManager -- Get connection for route {s}->https://fakestoreapi.com:443
12:54:51.379 [main] DEBUG org.apache.http.impl.conn.DefaultClientConnectionOperator -- Connecting to fakestoreapi.com:443
12:54:51.542 [main] DEBUG org.apache.http.client.protocol.RequestAddCookies -- CookieSpec selected: ignoreCookies
12:54:51.543 [main] DEBUG org.apache.http.client.protocol.RequestAuthCache -- Auth cache not set in the context
12:54:51.543 [main] DEBUG org.apache.http.client.protocol.RequestTargetAuthentication -- Target auth state: UNCHALLENGED
12:54:51.543 [main] DEBUG org.apache.http.client.protocol.RequestProxyAuthentication -- Proxy auth state: UNCHALLENGED
12:54:51.543 [main] DEBUG org.apache.http.impl.client.DefaultHttpClient -- Attempt 1 to execute request
12:54:51.543 [main] DEBUG org.apache.http.impl.conn.DefaultClientConnection -- Sending request: POST /auth/login HTTP/1.1
12:54:51.543 [main] DEBUG org.apache.http.wire --  >> "POST /auth/login HTTP/1.1[\r][\n]"
12:54:51.543 [main] DEBUG org.apache.http.wire --  >> "Accept: */*[\r][\n]"
12:54:51.544 [main] DEBUG org.apache.http.wire --  >> "Content-Type: application/json[\r][\n]"
12:54:51.544 [main] DEBUG org.apache.http.wire --  >> "Content-Length: 44[\r][\n]"
12:54:51.544 [main] DEBUG org.apache.http.wire --  >> "Host: fakestoreapi.com[\r][\n]"
12:54:51.544 [main] DEBUG org.apache.http.wire --  >> "Connection: Keep-Alive[\r][\n]"
12:54:51.544 [main] DEBUG org.apache.http.wire --  >> "User-Agent: Apache-HttpClient/4.5.13 (Java/20)[\r][\n]"
12:54:51.544 [main] DEBUG org.apache.http.wire --  >> "Accept-Encoding: gzip,deflate[\r][\n]"
12:54:51.544 [main] DEBUG org.apache.http.wire --  >> "[\r][\n]"
12:54:51.544 [main] DEBUG org.apache.http.headers -- >> POST /auth/login HTTP/1.1
12:54:51.544 [main] DEBUG org.apache.http.headers -- >> Accept: */*
12:54:51.544 [main] DEBUG org.apache.http.headers -- >> Content-Type: application/json
12:54:51.544 [main] DEBUG org.apache.http.headers -- >> Content-Length: 44
12:54:51.544 [main] DEBUG org.apache.http.headers -- >> Host: fakestoreapi.com
12:54:51.544 [main] DEBUG org.apache.http.headers -- >> Connection: Keep-Alive
12:54:51.544 [main] DEBUG org.apache.http.headers -- >> User-Agent: Apache-HttpClient/4.5.13 (Java/20)
12:54:51.544 [main] DEBUG org.apache.http.headers -- >> Accept-Encoding: gzip,deflate
12:54:51.545 [main] DEBUG org.apache.http.wire --  >> "{"password":"bukanYa","username":"mor_2314"}"
12:54:52.426 [main] DEBUG org.apache.http.wire --  << "HTTP/1.1 401 Unauthorized[\r][\n]"
12:54:52.427 [main] DEBUG org.apache.http.wire --  << "Date: Sun, 16 Apr 2023 05:54:52 GMT[\r][\n]"
12:54:52.427 [main] DEBUG org.apache.http.wire --  << "Content-Type: text/html; charset=utf-8[\r][\n]"
12:54:52.427 [main] DEBUG org.apache.http.wire --  << "Transfer-Encoding: chunked[\r][\n]"
12:54:52.427 [main] DEBUG org.apache.http.wire --  << "Connection: keep-alive[\r][\n]"
12:54:52.427 [main] DEBUG org.apache.http.wire --  << "Access-Control-Allow-Origin: *[\r][\n]"
12:54:52.427 [main] DEBUG org.apache.http.wire --  << "X-Powered-By: Express[\r][\n]"
12:54:52.427 [main] DEBUG org.apache.http.wire --  << "CF-Cache-Status: DYNAMIC[\r][\n]"
12:54:52.427 [main] DEBUG org.apache.http.wire --  << "Report-To: {"endpoints":[{"url":"https:\/\/a.nel.cloudflare.com\/report\/v3?s=MINVQjtKMKhiAb9kFD7g%2FvWggGABbNQkCu1ttJ2A0f8NYP3cMIJXD9J5iTtMQ5sK8z53qBM4l4m13pAAcFppq4ohOmdVNkpUrk7IyoL%2FZWjosAAY2Y1DmrfOnw1v1qLEpyEG"}],"group":"cf-nel","max_age":604800}[\r][\n]"
12:54:52.427 [main] DEBUG org.apache.http.wire --  << "NEL: {"success_fraction":0,"report_to":"cf-nel","max_age":604800}[\r][\n]"
12:54:52.427 [main] DEBUG org.apache.http.wire --  << "Server: cloudflare[\r][\n]"
12:54:52.427 [main] DEBUG org.apache.http.wire --  << "CF-RAY: 7b8a2d12991d3dfc-SIN[\r][\n]"
12:54:52.427 [main] DEBUG org.apache.http.wire --  << "alt-svc: h3=":443"; ma=86400, h3-29=":443"; ma=86400[\r][\n]"
12:54:52.427 [main] DEBUG org.apache.http.wire --  << "[\r][\n]"
12:54:52.427 [main] DEBUG org.apache.http.impl.conn.DefaultClientConnection -- Receiving response: HTTP/1.1 401 Unauthorized
12:54:52.427 [main] DEBUG org.apache.http.headers -- << HTTP/1.1 401 Unauthorized
12:54:52.427 [main] DEBUG org.apache.http.headers -- << Date: Sun, 16 Apr 2023 05:54:52 GMT
12:54:52.427 [main] DEBUG org.apache.http.headers -- << Content-Type: text/html; charset=utf-8
12:54:52.427 [main] DEBUG org.apache.http.headers -- << Transfer-Encoding: chunked
12:54:52.427 [main] DEBUG org.apache.http.headers -- << Connection: keep-alive
12:54:52.427 [main] DEBUG org.apache.http.headers -- << Access-Control-Allow-Origin: *
12:54:52.427 [main] DEBUG org.apache.http.headers -- << X-Powered-By: Express
12:54:52.427 [main] DEBUG org.apache.http.headers -- << CF-Cache-Status: DYNAMIC
12:54:52.427 [main] DEBUG org.apache.http.headers -- << Report-To: {"endpoints":[{"url":"https:\/\/a.nel.cloudflare.com\/report\/v3?s=MINVQjtKMKhiAb9kFD7g%2FvWggGABbNQkCu1ttJ2A0f8NYP3cMIJXD9J5iTtMQ5sK8z53qBM4l4m13pAAcFppq4ohOmdVNkpUrk7IyoL%2FZWjosAAY2Y1DmrfOnw1v1qLEpyEG"}],"group":"cf-nel","max_age":604800}
12:54:52.427 [main] DEBUG org.apache.http.headers -- << NEL: {"success_fraction":0,"report_to":"cf-nel","max_age":604800}
12:54:52.427 [main] DEBUG org.apache.http.headers -- << Server: cloudflare
12:54:52.428 [main] DEBUG org.apache.http.headers -- << CF-RAY: 7b8a2d12991d3dfc-SIN
12:54:52.428 [main] DEBUG org.apache.http.headers -- << alt-svc: h3=":443"; ma=86400, h3-29=":443"; ma=86400
12:54:52.428 [main] DEBUG org.apache.http.impl.client.DefaultHttpClient -- Connection can be kept alive indefinitely
12:54:52.428 [main] DEBUG org.apache.http.impl.client.DefaultHttpClient -- Authentication required
12:54:52.428 [main] DEBUG org.apache.http.impl.client.DefaultHttpClient -- fakestoreapi.com:443 requested authentication
12:54:52.428 [main] DEBUG org.apache.http.impl.client.DefaultHttpClient -- Response contains no authentication challenges
12:54:52.428 [main] DEBUG io.restassured.internal.RestAssuredHttpBuilder -- Parsing response as: text/html; charset=utf-8
12:54:52.428 [main] DEBUG io.restassured.internal.RestAssuredHttpBuilder -- Parsed data to instance of: class org.apache.http.conn.EofSensorInputStream
12:54:52.431 [main] DEBUG org.apache.http.wire --  << "21[\r][\n]"
12:54:52.431 [main] DEBUG org.apache.http.wire --  << "username or password is incorrect"
12:54:52.431 [main] DEBUG org.apache.http.wire --  << "[\r][\n]"
12:54:52.431 [main] DEBUG org.apache.http.wire --  << "0[\r][\n]"
12:54:52.431 [main] DEBUG org.apache.http.wire --  << "[\r][\n]"
12:54:52.431 [main] DEBUG org.apache.http.impl.conn.BasicClientConnectionManager -- Releasing connection org.apache.http.impl.conn.ManagedClientConnectionImpl@548f4f60
12:54:52.431 [main] DEBUG org.apache.http.impl.conn.BasicClientConnectionManager -- Connection can be kept alive indefinitely
12:54:52.434 [main] DEBUG net.thucydides.core.steps.StepInterceptor -- STEP DONE: I send the Rrquest on HTTP
  &amp#27;[32mWhen &amp#27;[0m&amp#27;[32mI send the Rrquest on HTTP&amp#27;[0m                  &amp#27;[90m# starter.stepdefinition.LoginSteps.sendRequestInvalid()&amp#27;[0m
12:54:52.442 [main] DEBUG net.thucydides.core.steps.StepInterceptor -- STARTING STEP: LoginSteps.receive401Login - I receive error Code 401
12:54:52.444 [main] DEBUG net.thucydides.core.steps.StepInterceptor -- STEP DONE: I receive error Code 401
  &amp#27;[32mThen &amp#27;[0m&amp#27;[32mI receive error Code 401&amp#27;[0m                    &amp#27;[90m# starter.stepdefinition.LoginSteps.receive401Login()&amp#27;[0m
12:54:52.451 [main] DEBUG net.thucydides.core.steps.StepInterceptor -- STARTING STEP: LoginSteps.responseInvalid - I get the response for Invalid
I Just Cannot get Token
12:54:52.453 [main] DEBUG net.thucydides.core.steps.StepInterceptor -- STEP DONE: I get the response for Invalid
  &amp#27;[32mAnd &amp#27;[0m&amp#27;[32mI get the response for Invalid&amp#27;[0m               &amp#27;[90m# starter.stepdefinition.LoginSteps.responseInvalid()&amp#27;[0m
12:54:52.460 [main] INFO  -- 
  _____   ___   ___   _____     ___     _     ___   ___   ___   ___  
 |_   _| | __| / __| |_   _|   | _ \   /_\   / __| / __| | __| |   \ 
   | |   | _|  \__ \   | |     |  _/  / _ \  \__ \ \__ \ | _|  | |) |
   |_|   |___| |___/   |_|     |_|   /_/ \_\ |___/ |___/ |___| |___/ 

POST INVALID password and Valid Username
----------------------------------------------------------------------
]]></system-out>
  </testcase>
  <testcase name="Get Product by id" classname="Access Product from Shop" time="1.312">
    <system-out><![CDATA[12:54:52.461 [main] DEBUG io.cucumber.core.plugin.SerenityReporter -- Running feature from file:///D:/Intelij/REST%20API/fakestoreapi/src/test/resources/features/Product.feature
12:54:52.469 [main] DEBUG net.thucydides.core.steps.StepEventBus -- Test suite started for story net.thucydides.core.model.Story@98a31365
12:54:52.469 [main] INFO  -- Test Suite Started: Access Product from Shop

Scenario: Get Product by id                 &amp#27;[90m# src/test/resources/features/Product.feature:5&amp#27;[0m
12:54:52.485 [main] DEBUG io.cucumber.core.plugin.SerenityReporter -- Running feature from file:///D:/Intelij/REST%20API/fakestoreapi/src/test/resources/features/Product.feature
12:54:52.494 [main] INFO  -- 
  _____   ___   ___   _____     ___   _____     _     ___   _____   ___   ___  
 |_   _| | __| / __| |_   _|   / __| |_   _|   /_\   | _ \ |_   _| | __| |   \ 
   | |   | _|  \__ \   | |     \__ \   | |    / _ \  |   /   | |   | _|  | |) |
   |_|   |___| |___/   |_|     |___/   |_|   /_/ \_\ |_|_\   |_|   |___| |___/ 

Get Product by id(access-product-from-shop;get-product-by-id)
--------------------------------------------------------------------------------
12:54:52.657 [main] DEBUG net.thucydides.core.steps.StepInterceptor -- STARTING STEP: ProductSteps.setToGetProductId - I am set the GET product endpoint
12:54:52.658 [main] DEBUG net.thucydides.core.steps.StepInterceptor -- STEP DONE: I am set the GET product endpoint
  &amp#27;[32mGiven &amp#27;[0m&amp#27;[32mI am set the GET product endpoint&amp#27;[0m   &amp#27;[90m# starter.stepdefinition.ProductSteps.setToGetProductId()&amp#27;[0m
12:54:52.668 [main] DEBUG net.thucydides.core.steps.StepInterceptor -- STARTING STEP: ProductSteps.sendRequestGetProductId - I send request for GET product by id
12:54:52.672 [main] DEBUG net.thucydides.core.steps.StepInterceptor -- STARTING STEP: GetbyId.requestGetProductId - I am set the GET product endpoint
[...]
12:55:00.833 [main] DEBUG net.thucydides.core.steps.StepInterceptor -- STEP DONE: I set the Api PUT ENDPOINT
  &amp#27;[32mGiven &amp#27;[0m&amp#27;[32mI set the Api PUT ENDPOINT&amp#27;[0m           &amp#27;[90m# starter.stepdefinition.UserSteps.setPUTUpdateEndpoint()&amp#27;[0m
12:55:00.843 [main] DEBUG net.thucydides.core.steps.StepInterceptor -- STARTING STEP: UserSteps.setRequestPUTUpdateUser - I send HTTP Request to PUT
12:55:00.848 [main] DEBUG net.thucydides.core.steps.StepInterceptor -- STARTING STEP: PutUpdate.setRequestPutUpdateUser - I set the Api PUT ENDPOINT
12:55:00.848 [main] DEBUG net.thucydides.core.steps.StepInterceptor -- STEP DONE: I set the Api PUT ENDPOINT
12:55:00.871 [main] DEBUG org.apache.http.impl.conn.BasicClientConnectionManager -- Get connection for route {s}->https://fakestoreapi.com:443
12:55:00.871 [main] DEBUG org.apache.http.impl.conn.DefaultClientConnectionOperator -- Connecting to fakestoreapi.com:443
12:55:01.041 [main] DEBUG org.apache.http.client.protocol.RequestAddCookies -- CookieSpec selected: ignoreCookies
12:55:01.041 [main] DEBUG org.apache.http.client.protocol.RequestAuthCache -- Auth cache not set in the context
12:55:01.041 [main] DEBUG org.apache.http.client.protocol.RequestTargetAuthentication -- Target auth state: UNCHALLENGED
12:55:01.041 [main] DEBUG org.apache.http.client.protocol.RequestProxyAuthentication -- Proxy auth state: UNCHALLENGED
12:55:01.041 [main] DEBUG org.apache.http.impl.client.DefaultHttpClient -- Attempt 1 to execute request
12:55:01.041 [main] DEBUG org.apache.http.impl.conn.DefaultClientConnection -- Sending request: PUT /users/1 HTTP/1.1
12:55:01.041 [main] DEBUG org.apache.http.wire --  >> "PUT /users/1 HTTP/1.1[\r][\n]"
12:55:01.041 [main] DEBUG org.apache.http.wire --  >> "Accept: */*[\r][\n]"
12:55:01.041 [main] DEBUG org.apache.http.wire --  >> "Content-Type: application/json[\r][\n]"
12:55:01.041 [main] DEBUG org.apache.http.wire --  >> "Content-Length: 71[\r][\n]"
12:55:01.041 [main] DEBUG org.apache.http.wire --  >> "Host: fakestoreapi.com[\r][\n]"
12:55:01.041 [main] DEBUG org.apache.http.wire --  >> "Connection: Keep-Alive[\r][\n]"
12:55:01.041 [main] DEBUG org.apache.http.wire --  >> "User-Agent: Apache-HttpClient/4.5.13 (Java/20)[\r][\n]"
12:55:01.041 [main] DEBUG org.apache.http.wire --  >> "Accept-Encoding: gzip,deflate[\r][\n]"
12:55:01.041 [main] DEBUG org.apache.http.wire --  >> "[\r][\n]"
12:55:01.041 [main] DEBUG org.apache.http.headers -- >> PUT /users/1 HTTP/1.1
12:55:01.041 [main] DEBUG org.apache.http.headers -- >> Accept: */*
12:55:01.041 [main] DEBUG org.apache.http.headers -- >> Content-Type: application/json
12:55:01.041 [main] DEBUG org.apache.http.headers -- >> Content-Length: 71
12:55:01.042 [main] DEBUG org.apache.http.headers -- >> Host: fakestoreapi.com
12:55:01.042 [main] DEBUG org.apache.http.headers -- >> Connection: Keep-Alive
12:55:01.042 [main] DEBUG org.apache.http.headers -- >> User-Agent: Apache-HttpClient/4.5.13 (Java/20)
12:55:01.042 [main] DEBUG org.apache.http.headers -- >> Accept-Encoding: gzip,deflate
12:55:01.042 [main] DEBUG org.apache.http.wire --  >> "{"password":"aaaaa$","__v":0,"email":"AAA@gmail.com","username":"AAAA"}"
12:55:01.458 [main] DEBUG org.apache.http.wire --  << "HTTP/1.1 200 OK[\r][\n]"
12:55:01.458 [main] DEBUG org.apache.http.wire --  << "Date: Sun, 16 Apr 2023 05:55:01 GMT[\r][\n]"
12:55:01.458 [main] DEBUG org.apache.http.wire --  << "Content-Type: application/json; charset=utf-8[\r][\n]"
12:55:01.458 [main] DEBUG org.apache.http.wire --  << "Transfer-Encoding: chunked[\r][\n]"
12:55:01.458 [main] DEBUG org.apache.http.wire --  << "Connection: keep-alive[\r][\n]"
12:55:01.458 [main] DEBUG org.apache.http.wire --  << "Access-Control-Allow-Origin: *[\r][\n]"
12:55:01.458 [main] DEBUG org.apache.http.wire --  << "Etag: W/"47-uXIP31NXXG2cuLaKXiyKS3LDs7s"[\r][\n]"
12:55:01.458 [main] DEBUG org.apache.http.wire --  << "X-Powered-By: Express[\r][\n]"
12:55:01.458 [main] DEBUG org.apache.http.wire --  << "CF-Cache-Status: DYNAMIC[\r][\n]"
12:55:01.458 [main] DEBUG org.apache.http.wire --  << "Report-To: {"endpoints":[{"url":"https:\/\/a.nel.cloudflare.com\/report\/v3?s=aU%2Fe90Yzx4T6VmQuadnmXe37exwwEgheHFe3HjBwi78wvTWo%2BwJrepno9B81SzIwJyCVOylCbnKbrrXLPDmnGU4T5rhvvv6gudhlsBRoaIigM1OSRl1BhTbecBu9ZnmMY6Pz"}],"group":"cf-nel","max_age":604800}[\r][\n]"
12:55:01.458 [main] DEBUG org.apache.http.wire --  << "NEL: {"success_fraction":0,"report_to":"cf-nel","max_age":604800}[\r][\n]"
12:55:01.458 [main] DEBUG org.apache.http.wire --  << "Server: cloudflare[\r][\n]"
12:55:01.458 [main] DEBUG org.apache.http.wire --  << "CF-RAY: 7b8a2d4dfa8240f0-SIN[\r][\n]"
12:55:01.458 [main] DEBUG org.apache.http.wire --  << "Content-Encoding: gzip[\r][\n]"
12:55:01.458 [main] DEBUG org.apache.http.wire --  << "alt-svc: h3=":443"; ma=86400, h3-29=":443"; ma=86400[\r][\n]"
12:55:01.458 [main] DEBUG org.apache.http.wire --  << "[\r][\n]"
12:55:01.458 [main] DEBUG org.apache.http.impl.conn.DefaultClientConnection -- Receiving response: HTTP/1.1 200 OK
12:55:01.458 [main] DEBUG org.apache.http.headers -- << HTTP/1.1 200 OK
12:55:01.458 [main] DEBUG org.apache.http.headers -- << Date: Sun, 16 Apr 2023 05:55:01 GMT
12:55:01.458 [main] DEBUG org.apache.http.headers -- << Content-Type: application/json; charset=utf-8
12:55:01.458 [main] DEBUG org.apache.http.headers -- << Transfer-Encoding: chunked
12:55:01.458 [main] DEBUG org.apache.http.headers -- << Connection: keep-alive
12:55:01.458 [main] DEBUG org.apache.http.headers -- << Access-Control-Allow-Origin: *
12:55:01.458 [main] DEBUG org.apache.http.headers -- << Etag: W/"47-uXIP31NXXG2cuLaKXiyKS3LDs7s"
12:55:01.458 [main] DEBUG org.apache.http.headers -- << X-Powered-By: Express
12:55:01.458 [main] DEBUG org.apache.http.headers -- << CF-Cache-Status: DYNAMIC
12:55:01.458 [main] DEBUG org.apache.http.headers -- << Report-To: {"endpoints":[{"url":"https:\/\/a.nel.cloudflare.com\/report\/v3?s=aU%2Fe90Yzx4T6VmQuadnmXe37exwwEgheHFe3HjBwi78wvTWo%2BwJrepno9B81SzIwJyCVOylCbnKbrrXLPDmnGU4T5rhvvv6gudhlsBRoaIigM1OSRl1BhTbecBu9ZnmMY6Pz"}],"group":"cf-nel","max_age":604800}
12:55:01.458 [main] DEBUG org.apache.http.headers -- << NEL: {"success_fraction":0,"report_to":"cf-nel","max_age":604800}
12:55:01.458 [main] DEBUG org.apache.http.headers -- << Server: cloudflare
12:55:01.458 [main] DEBUG org.apache.http.headers -- << CF-RAY: 7b8a2d4dfa8240f0-SIN
12:55:01.458 [main] DEBUG org.apache.http.headers -- << Content-Encoding: gzip
12:55:01.458 [main] DEBUG org.apache.http.headers -- << alt-svc: h3=":443"; ma=86400, h3-29=":443"; ma=86400
12:55:01.458 [main] DEBUG org.apache.http.impl.client.DefaultHttpClient -- Connection can be kept alive indefinitely
12:55:01.458 [main] DEBUG io.restassured.internal.RestAssuredHttpBuilder -- Parsing response as: application/json; charset=utf-8
12:55:01.458 [main] DEBUG org.apache.http.wire --  << "58[\r][\n]"
12:55:01.459 [main] DEBUG org.apache.http.wire --  << "[0x1f][0x8b][0x8][0x0][0x0][0x0][0x0][0x0][0x0][0x3][0xaa]V*H,..[0xcf]/JQ[0xb2]RJ[0x4][0x1][0x15]%[0x1d][0xa5][0xf8][0xf8]2%+[0x3][0x1d][0xa5][0xd4][0xdc][0xc4][0xcc][0x1c]%+%GGG[0x87]t[0x10][/9?WIG[0xa9][0xb4]8[0xb5](/17[0x15]"[0xe5][0xa8]T[0xb][0x0][0x0][0x0][0xff][0xff][0x3][0x0] [0xc3]f[0x0]G[0x0][0x0][0x0]"
12:55:01.459 [main] DEBUG org.apache.http.wire --  << "[\r][\n]"
12:55:01.459 [main] DEBUG org.apache.http.wire --  << "0[\r][\n]"
12:55:01.459 [main] DEBUG org.apache.http.wire --  << "[\r][\n]"
12:55:01.459 [main] DEBUG io.restassured.internal.RestAssuredHttpBuilder -- Parsed data to instance of: class org.apache.http.conn.EofSensorInputStream
12:55:01.460 [main] DEBUG org.apache.http.impl.conn.BasicClientConnectionManager -- Releasing connection org.apache.http.impl.conn.ManagedClientConnectionImpl@6ee07d7f
12:55:01.460 [main] DEBUG org.apache.http.impl.conn.BasicClientConnectionManager -- Connection can be kept alive indefinitely
12:55:01.461 [main] DEBUG net.thucydides.core.steps.StepInterceptor -- STEP DONE: I send HTTP Request to PUT
  &amp#27;[32mWhen &amp#27;[0m&amp#27;[32mI send HTTP Request to PUT&amp#27;[0m            &amp#27;[90m# starter.stepdefinition.UserSteps.setRequestPUTUpdateUser()&amp#27;[0m
12:55:01.465 [main] DEBUG net.thucydides.core.steps.StepInterceptor -- STARTING STEP: UserSteps.receiveUpdatePutResponse200 - I receive response code 200
12:55:01.466 [main] DEBUG net.thucydides.core.steps.StepInterceptor -- STEP DONE: I receive response code 200
  &amp#27;[32mThen &amp#27;[0m&amp#27;[32mI receive response code 200&amp#27;[0m           &amp#27;[90m# starter.stepdefinition.UserSteps.receiveUpdatePutResponse200()&amp#27;[0m
12:55:01.470 [main] DEBUG net.thucydides.core.steps.StepInterceptor -- STARTING STEP: UserSteps.validateUpdateUser - I try to validate the update data user
12:55:01.526 [main] DEBUG net.thucydides.core.steps.StepInterceptor -- STEP DONE: I try to validate the update data user
  &amp#27;[32mAnd &amp#27;[0m&amp#27;[32mI try to validate the update data user&amp#27;[0m &amp#27;[90m# starter.stepdefinition.UserSteps.validateUpdateUser()&amp#27;[0m
12:55:01.531 [main] INFO  -- 
  _____   ___   ___   _____     ___     _     ___   ___   ___   ___  
 |_   _| | __| / __| |_   _|   | _ \   /_\   / __| / __| | __| |   \ 
   | |   | _|  \__ \   | |     |  _/  / _ \  \__ \ \__ \ | _|  | |) |
   |_|   |___| |___/   |_|     |_|   /_/ \_\ |___/ |___/ |___| |___/ 

PUT for update data user
----------------------------------------------------------------------
]]></system-out>
  </testcase>
  <testcase name="DELETE data user exist" classname="USER feature" time="0.919">
    <system-out><![CDATA[
Scenario: DELETE data user exist               &amp#27;[90m# src/test/resources/features/User.feature:24&amp#27;[0m
12:55:01.541 [main] DEBUG io.cucumber.core.plugin.SerenityReporter -- Running feature from file:///D:/Intelij/REST%20API/fakestoreapi/src/test/resources/features/User.feature
12:55:01.544 [main] INFO  -- 
  _____   ___   ___   _____     ___   _____     _     ___   _____   ___   ___  
 |_   _| | __| / __| |_   _|   / __| |_   _|   /_\   | _ \ |_   _| | __| |   \ 
   | |   | _|  \__ \   | |     \__ \   | |    / _ \  |   /   | |   | _|  | |) |
   |_|   |___| |___/   |_|     |___/   |_|   /_/ \_\ |_|_\   |_|   |___| |___/ 

DELETE data user exist(user-feature;delete-data-user-exist)
--------------------------------------------------------------------------------
12:55:01.580 [main] DEBUG net.thucydides.core.steps.StepInterceptor -- STARTING STEP: UserSteps.setDeleteUserEndpoint - I set the Delete endpoint
12:55:01.581 [main] DEBUG net.thucydides.core.steps.StepInterceptor -- STEP DONE: I set the Delete endpoint
  &amp#27;[32mGiven &amp#27;[0m&amp#27;[32mI set the Delete endpoint&amp#27;[0m              &amp#27;[90m# starter.stepdefinition.UserSteps.setDeleteUserEndpoint()&amp#27;[0m
12:55:01.588 [main] DEBUG net.thucydides.core.steps.StepInterceptor -- STARTING STEP: UserSteps.setRequestDeleteUser - I send HTTP Request for Deleting
12:55:01.594 [main] DEBUG net.thucydides.core.steps.StepInterceptor -- STARTING STEP: DeleteUser.sendHTTPforDeleteUser - I set the Delete endpoint
12:55:01.595 [main] DEBUG net.thucydides.core.steps.StepInterceptor -- STEP DONE: I set the Delete endpoint
12:55:01.648 [main] DEBUG org.apache.http.impl.conn.BasicClientConnectionManager -- Get connection for route {s}->https://fakestoreapi.com:443
12:55:01.648 [main] DEBUG org.apache.http.impl.conn.DefaultClientConnectionOperator -- Connecting to fakestoreapi.com:443
12:55:01.864 [main] DEBUG org.apache.http.client.protocol.RequestAddCookies -- CookieSpec selected: ignoreCookies
12:55:01.864 [main] DEBUG org.apache.http.client.protocol.RequestAuthCache -- Auth cache not set in the context
12:55:01.864 [main] DEBUG org.apache.http.client.protocol.RequestTargetAuthentication -- Target auth state: UNCHALLENGED
12:55:01.864 [main] DEBUG org.apache.http.client.protocol.RequestProxyAuthentication -- Proxy auth state: UNCHALLENGED
12:55:01.864 [main] DEBUG org.apache.http.impl.client.DefaultHttpClient -- Attempt 1 to execute request
12:55:01.864 [main] DEBUG org.apache.http.impl.conn.DefaultClientConnection -- Sending request: DELETE /users/1 HTTP/1.1
12:55:01.864 [main] DEBUG org.apache.http.wire --  >> "DELETE /users/1 HTTP/1.1[\r][\n]"
12:55:01.864 [main] DEBUG org.apache.http.wire --  >> "Accept: */*[\r][\n]"
12:55:01.864 [main] DEBUG org.apache.http.wire --  >> "Host: fakestoreapi.com[\r][\n]"
12:55:01.864 [main] DEBUG org.apache.http.wire --  >> "Connection: Keep-Alive[\r][\n]"
12:55:01.864 [main] DEBUG org.apache.http.wire --  >> "User-Agent: Apache-HttpClient/4.5.13 (Java/20)[\r][\n]"
12:55:01.864 [main] DEBUG org.apache.http.wire --  >> "Accept-Encoding: gzip,deflate[\r][\n]"
12:55:01.864 [main] DEBUG org.apache.http.wire --  >> "[\r][\n]"
12:55:01.864 [main] DEBUG org.apache.http.headers -- >> DELETE /users/1 HTTP/1.1
12:55:01.864 [main] DEBUG org.apache.http.headers -- >> Accept: */*
12:55:01.864 [main] DEBUG org.apache.http.headers -- >> Host: fakestoreapi.com
12:55:01.864 [main] DEBUG org.apache.http.headers -- >> Connection: Keep-Alive
12:55:01.864 [main] DEBUG org.apache.http.headers -- >> User-Agent: Apache-HttpClient/4.5.13 (Java/20)
12:55:01.864 [main] DEBUG org.apache.http.headers -- >> Accept-Encoding: gzip,deflate
12:55:02.435 [main] DEBUG org.apache.http.wire --  << "HTTP/1.1 200 OK[\r][\n]"
12:55:02.435 [main] DEBUG org.apache.http.wire --  << "Date: Sun, 16 Apr 2023 05:55:02 GMT[\r][\n]"
12:55:02.435 [main] DEBUG org.apache.http.wire --  << "Content-Type: application/json; charset=utf-8[\r][\n]"
12:55:02.435 [main] DEBUG org.apache.http.wire --  << "Transfer-Encoding: chunked[\r][\n]"
12:55:02.435 [main] DEBUG org.apache.http.wire --  << "Connection: keep-alive[\r][\n]"
12:55:02.435 [main] DEBUG org.apache.http.wire --  << "Access-Control-Allow-Origin: *[\r][\n]"
12:55:02.435 [main] DEBUG org.apache.http.wire --  << "Etag: W/"120-HNMhv14aQeBJetA9fBvavCZ+gdk"[\r][\n]"
12:55:02.435 [main] DEBUG org.apache.http.wire --  << "X-Powered-By: Express[\r][\n]"
12:55:02.435 [main] DEBUG org.apache.http.wire --  << "CF-Cache-Status: DYNAMIC[\r][\n]"
12:55:02.435 [main] DEBUG org.apache.http.wire --  << "Report-To: {"endpoints":[{"url":"https:\/\/a.nel.cloudflare.com\/report\/v3?s=yx%2FHGok3%2Fbn1p7P429OuvnJ7h9v0mDRQDHAsSjRZo%2BUbM34PaRCgz%2Bify73%2BoljF9pGoe2Z5ep6phQ%2B0gpp6i%2Ba2gs%2FbN76Uja6g%2BEaEyCxbyXOGwCEe%2BlTE620NjlWA4gtS"}],"group":"cf-nel","max_age":604800}[\r][\n]"
12:55:02.435 [main] DEBUG org.apache.http.wire --  << "NEL: {"success_fraction":0,"report_to":"cf-nel","max_age":604800}[\r][\n]"
12:55:02.435 [main] DEBUG org.apache.http.wire --  << "Server: cloudflare[\r][\n]"
12:55:02.435 [main] DEBUG org.apache.http.wire --  << "CF-RAY: 7b8a2d530dc13ff3-SIN[\r][\n]"
12:55:02.435 [main] DEBUG org.apache.http.wire --  << "Content-Encoding: gzip[\r][\n]"
12:55:02.435 [main] DEBUG org.apache.http.wire --  << "alt-svc: h3=":443"; ma=86400, h3-29=":443"; ma=86400[\r][\n]"
12:55:02.435 [main] DEBUG org.apache.http.wire --  << "[\r][\n]"
12:55:02.435 [main] DEBUG org.apache.http.impl.conn.DefaultClientConnection -- Receiving response: HTTP/1.1 200 OK
12:55:02.435 [main] DEBUG org.apache.http.headers -- << HTTP/1.1 200 OK
12:55:02.435 [main] DEBUG org.apache.http.headers -- << Date: Sun, 16 Apr 2023 05:55:02 GMT
12:55:02.435 [main] DEBUG org.apache.http.headers -- << Content-Type: application/json; charset=utf-8
12:55:02.435 [main] DEBUG org.apache.http.headers -- << Transfer-Encoding: chunked
12:55:02.435 [main] DEBUG org.apache.http.headers -- << Connection: keep-alive
12:55:02.435 [main] DEBUG org.apache.http.headers -- << Access-Control-Allow-Origin: *
12:55:02.435 [main] DEBUG org.apache.http.headers -- << Etag: W/"120-HNMhv14aQeBJetA9fBvavCZ+gdk"
12:55:02.435 [main] DEBUG org.apache.http.headers -- << X-Powered-By: Express
12:55:02.435 [main] DEBUG org.apache.http.headers -- << CF-Cache-Status: DYNAMIC
12:55:02.435 [main] DEBUG org.apache.http.headers -- << Report-To: {"endpoints":[{"url":"https:\/\/a.nel.cloudflare.com\/report\/v3?s=yx%2FHGok3%2Fbn1p7P429OuvnJ7h9v0mDRQDHAsSjRZo%2BUbM34PaRCgz%2Bify73%2BoljF9pGoe2Z5ep6phQ%2B0gpp6i%2Ba2gs%2FbN76Uja6g%2BEaEyCxbyXOGwCEe%2BlTE620NjlWA4gtS"}],"group":"cf-nel","max_age":604800}
12:55:02.435 [main] DEBUG org.apache.http.headers -- << NEL: {"success_fraction":0,"report_to":"cf-nel","max_age":604800}
12:55:02.435 [main] DEBUG org.apache.http.headers -- << Server: cloudflare
12:55:02.435 [main] DEBUG org.apache.http.headers -- << CF-RAY: 7b8a2d530dc13ff3-SIN
12:55:02.435 [main] DEBUG org.apache.http.headers -- << Content-Encoding: gzip
12:55:02.435 [main] DEBUG org.apache.http.headers -- << alt-svc: h3=":443"; ma=86400, h3-29=":443"; ma=86400
12:55:02.435 [main] DEBUG org.apache.http.impl.client.DefaultHttpClient -- Connection can be kept alive indefinitely
12:55:02.435 [main] DEBUG io.restassured.internal.RestAssuredHttpBuilder -- Parsing response as: application/json; charset=utf-8
12:55:02.435 [main] DEBUG org.apache.http.wire --  << "e3[\r][\n]"
12:55:02.435 [main] DEBUG org.apache.http.wire --  << "[0x1f][0x8b][0x8][0x0][0x0][0x0][0x0][0x0][0x0][0x3]LO[0xcb]N[0xc3]0[0x10][0xfc][0x15]4[0xe2][0xe8]DI[0xdc][0xc6][0x89]O=[0xf1][0x1b][0x95][0x89][0x97][0xd4]`{#[0xdb][0xa5][0x82][0xa8][0xff][0x8e]\![0xc4]qvv^;[0x8c][0xb5][0x89]r[0x86][0xde][0xb1][0x12]{^Lq[0x1c]+[0xf4][0xa6]@[0xa3][0x91][0xaa][0x95][0xfd]q[0x86][0x80][0xe7][0xb8]Bc[0xea][0xdb][0xfe]0[0x8f][0xb8][0xb],[0xae]|A[0xe3][0xc3][0xf9][0x85][0xd9][0x13][0x4]rIDU[0x17][0xe9][0xf6][0x94][0xd8]X[0x8][0xc4]kx[0xa5][0x4][0xad][0xc6]i[0x10][0xf8]v[0xdb][0xc2][0x96][0xa0][0xd1][0xf][0xf3]06rR[0x87][0xea][0xe5],t/@[0xc1]8[0xf][0x8d]w[0xbe][0xc4][0xd3]ZA[0xbb]p[0x80][0xc0]5S[0x8a]&[0xd0]/W[0x8d]7[0x93][0xf3][0x8d][0x93][0x85]F[0x90]S[\n]"
12:55:02.435 [main] DEBUG org.apache.http.wire --  << "/[0xcf]5[0xed][0xf1][0xb3][0xe3][0xcd][0xa5]\[0xfe][0x9][0xea][0x0][0xf3]w[0xb1]L5t[0xbb]p|Ti[0x8e][0xaa]k[0x6]96[0xaa][0x93][0x12][0x2][0xe7][0xf3]'tw[0xff][0x1][0x0][0x0][0xff][0xff][0x3][0x0][0xee][0xd7][0xb6][0xa6] [0x1][0x0][0x0]"
12:55:02.435 [main] DEBUG org.apache.http.wire --  << "[\r][\n]"
12:55:02.436 [main] DEBUG org.apache.http.wire --  << "0[\r][\n]"
12:55:02.436 [main] DEBUG org.apache.http.wire --  << "[\r][\n]"
12:55:02.436 [main] DEBUG io.restassured.internal.RestAssuredHttpBuilder -- Parsed data to instance of: class org.apache.http.conn.EofSensorInputStream
12:55:02.438 [main] DEBUG org.apache.http.impl.conn.BasicClientConnectionManager -- Releasing connection org.apache.http.impl.conn.ManagedClientConnectionImpl@470866d1
12:55:02.438 [main] DEBUG org.apache.http.impl.conn.BasicClientConnectionManager -- Connection can be kept alive indefinitely
12:55:02.439 [main] DEBUG net.thucydides.core.steps.StepInterceptor -- STEP DONE: I send HTTP Request for Deleting
  &amp#27;[32mWhen &amp#27;[0m&amp#27;[32mI send HTTP Request for Deleting&amp#27;[0m        &amp#27;[90m# starter.stepdefinition.UserSteps.setRequestDeleteUser()&amp#27;[0m
12:55:02.446 [main] DEBUG net.thucydides.core.steps.StepInterceptor -- STARTING STEP: UserSteps.receiveDeleteUserCode200 - I receive code 200 for success deleting
12:55:02.447 [main] DEBUG net.thucydides.core.steps.StepInterceptor -- STEP DONE: I receive code 200 for success deleting
  &amp#27;[32mThen &amp#27;[0m&amp#27;[32mI receive code 200 for success deleting&amp#27;[0m &amp#27;[90m# starter.stepdefinition.UserSteps.receiveDeleteUserCode200()&amp#27;[0m
12:55:02.450 [main] INFO  -- 
  _____   ___   ___   _____     ___     _     ___   ___   ___   ___  
 |_   _| | __| / __| |_   _|   | _ \   /_\   / __| / __| | __| |   \ 
   | |   | _|  \__ \   | |     |  _/  / _ \  \__ \ \__ \ | _|  | |) |
   |_|   |___| |___/   |_|     |_|   /_/ \_\ |___/ |___/ |___| |___/ 

DELETE data user exist
----------------------------------------------------------------------
]]></system-out>
  </testcase>
</testsuite>