<?xml version="1.0" encoding="UTF-8" standalone="no"?><testsuite errors="0" failures="0" name="User Data" skipped="0" tests="10" time="21.72" timestamp="2023-04-17 12:39:31"><testcase name="GET ALL data user"/><testcase name="get all data user with parameter method"/><testcase name="GET data as admin able to get detail data user"/><testcase name="Get data by over id user number"/><testcase name="POST new data user"/><testcase name="POST new user data with some invalid requirement"/><testcase name="PUT an update data for existing user"/><testcase name="Test PUT update data with invalid userId"/><testcase name="Try Delete User data"/><testcase name="Try delete with Invalid ID User"/></testsuite>